cuda is available:  True
Training and validating  LMC
0
1.2379865646362305
66.66666666666666
Per test accuracy of LMC = tensor([0.3600, 0.7879, 0.7100, 0.5900, 0.5600, 0.8280, 0.9062, 1.0000, 0.5663,
        0.8900], device='cuda:0')
Average accuracy of LMC = tensor(0.7198, device='cuda:0')
1
0.4102858304977417
77.77777777777779
Per test accuracy of LMC = tensor([0.4200, 0.8485, 0.8100, 0.6100, 0.7400, 0.7097, 0.9375, 0.9896, 0.6265,
        0.8400], device='cuda:0')
Average accuracy of LMC = tensor(0.7532, device='cuda:0')
2
0.47425132989883423
88.88888888888889
Per test accuracy of LMC = tensor([0.4700, 0.9394, 0.8400, 0.6100, 0.7400, 0.5591, 0.9375, 0.9479, 0.6386,
        0.8200], device='cuda:0')
Average accuracy of LMC = tensor(0.7503, device='cuda:0')
3
0.18641673028469086
100.0
Per test accuracy of LMC = tensor([0.4900, 0.9697, 0.8000, 0.6500, 0.7700, 0.5376, 0.9375, 0.9896, 0.6627,
        0.8600], device='cuda:0')
Average accuracy of LMC = tensor(0.7667, device='cuda:0')
4
0.42358458042144775
88.88888888888889
Per test accuracy of LMC = tensor([0.4600, 0.9697, 0.7800, 0.6800, 0.8000, 0.5484, 0.9688, 0.9896, 0.6627,
        0.8900], device='cuda:0')
Average accuracy of LMC = tensor(0.7749, device='cuda:0')
5
0.09068331122398376
100.0
Per test accuracy of LMC = tensor([0.5000, 0.9697, 0.8000, 0.7000, 0.8200, 0.5376, 1.0000, 0.9896, 0.6506,
        0.8600], device='cuda:0')
Average accuracy of LMC = tensor(0.7828, device='cuda:0')
6
0.040116652846336365
100.0
Per test accuracy of LMC = tensor([0.4700, 0.9697, 0.8100, 0.7000, 0.8100, 0.5376, 1.0000, 0.9896, 0.6386,
        0.8500], device='cuda:0')
Average accuracy of LMC = tensor(0.7775, device='cuda:0')
7
0.043867554515600204
100.0
Per test accuracy of LMC = tensor([0.4800, 0.9697, 0.8100, 0.7200, 0.8200, 0.5484, 0.9688, 0.9896, 0.6145,
        0.8500], device='cuda:0')
Average accuracy of LMC = tensor(0.7771, device='cuda:0')
8
0.04264216870069504
100.0
Per test accuracy of LMC = tensor([0.4800, 0.9697, 0.8400, 0.7200, 0.8300, 0.5269, 1.0000, 0.9896, 0.6145,
        0.8400], device='cuda:0')
Average accuracy of LMC = tensor(0.7811, device='cuda:0')
9
0.07987181097269058
88.88888888888889
Per test accuracy of LMC = tensor([0.4500, 0.9697, 0.8500, 0.7200, 0.8300, 0.5054, 1.0000, 0.9896, 0.6145,
        0.8500], device='cuda:0')
Average accuracy of LMC = tensor(0.7779, device='cuda:0')
10
0.030260376632213593
100.0
Per test accuracy of LMC = tensor([0.4700, 0.9394, 0.8500, 0.7100, 0.8400, 0.5161, 1.0000, 0.9896, 0.6145,
        0.8500], device='cuda:0')
Average accuracy of LMC = tensor(0.7780, device='cuda:0')
11
0.0313737653195858
100.0
Per test accuracy of LMC = tensor([0.4700, 0.9394, 0.8500, 0.7200, 0.8400, 0.5054, 1.0000, 0.9896, 0.6145,
        0.8500], device='cuda:0')
Average accuracy of LMC = tensor(0.7779, device='cuda:0')
12
0.08585349470376968
100.0
Per test accuracy of LMC = tensor([0.4700, 0.9394, 0.8500, 0.7300, 0.8300, 0.5054, 0.9688, 0.9896, 0.6145,
        0.8500], device='cuda:0')
Average accuracy of LMC = tensor(0.7748, device='cuda:0')
13
0.011693636886775494
100.0
Per test accuracy of LMC = tensor([0.4700, 0.9394, 0.8500, 0.7300, 0.8400, 0.5161, 0.9688, 0.9896, 0.6024,
        0.8500], device='cuda:0')
Average accuracy of LMC = tensor(0.7756, device='cuda:0')
14
0.003726906143128872
100.0
Per test accuracy of LMC = tensor([0.4500, 0.9394, 0.8500, 0.7500, 0.8400, 0.5269, 0.9688, 0.9896, 0.6145,
        0.8500], device='cuda:0')
Average accuracy of LMC = tensor(0.7779, device='cuda:0')
15
0.2654784321784973
88.88888888888889
Per test accuracy of LMC = tensor([0.4700, 0.9394, 0.8500, 0.7500, 0.8400, 0.5269, 0.9688, 0.9896, 0.6145,
        0.8500], device='cuda:0')
Average accuracy of LMC = tensor(0.7799, device='cuda:0')
16
0.018534502014517784
100.0
Per test accuracy of LMC = tensor([0.4700, 0.9394, 0.8500, 0.7700, 0.8400, 0.5161, 0.9688, 0.9896, 0.6145,
        0.8500], device='cuda:0')
Average accuracy of LMC = tensor(0.7808, device='cuda:0')
17
0.1132800281047821
88.88888888888889
Per test accuracy of LMC = tensor([0.4800, 0.9697, 0.8500, 0.7700, 0.8400, 0.5161, 0.9688, 0.9896, 0.6145,
        0.8500], device='cuda:0')
Average accuracy of LMC = tensor(0.7849, device='cuda:0')
18
0.03412981331348419
100.0
Per test accuracy of LMC = tensor([0.4800, 0.9697, 0.8500, 0.7700, 0.8400, 0.5054, 0.9688, 0.9896, 0.6145,
        0.8500], device='cuda:0')
Average accuracy of LMC = tensor(0.7838, device='cuda:0')
19
0.006763537880033255
100.0
Per test accuracy of LMC = tensor([0.4800, 0.9697, 0.8500, 0.7600, 0.8400, 0.5161, 0.9688, 0.9896, 0.6145,
        0.8500], device='cuda:0')
Average accuracy of LMC = tensor(0.7839, device='cuda:0')
20
0.01373728085309267
100.0
Per test accuracy of LMC = tensor([0.4800, 0.9697, 0.8500, 0.7600, 0.8400, 0.5054, 0.9688, 0.9896, 0.6145,
        0.8500], device='cuda:0')
Average accuracy of LMC = tensor(0.7828, device='cuda:0')
21
0.020611179992556572
100.0
Per test accuracy of LMC = tensor([0.4800, 0.9697, 0.8500, 0.7600, 0.8400, 0.5054, 0.9688, 0.9896, 0.6145,
        0.8500], device='cuda:0')
Average accuracy of LMC = tensor(0.7828, device='cuda:0')
22
0.33266374468803406
88.88888888888889
Per test accuracy of LMC = tensor([0.4800, 0.9697, 0.8500, 0.7600, 0.8300, 0.5054, 0.9688, 0.9896, 0.6024,
        0.8500], device='cuda:0')
Average accuracy of LMC = tensor(0.7806, device='cuda:0')
23
0.0005414750776253641
100.0
Per test accuracy of LMC = tensor([0.4900, 0.9697, 0.8500, 0.7600, 0.8300, 0.5161, 0.9688, 0.9896, 0.6024,
        0.8500], device='cuda:0')
Average accuracy of LMC = tensor(0.7827, device='cuda:0')
24
0.0005779266357421875
100.0
Per test accuracy of LMC = tensor([0.4800, 0.9697, 0.8500, 0.7600, 0.8200, 0.5054, 0.9688, 0.9896, 0.6024,
        0.8500], device='cuda:0')
Average accuracy of LMC = tensor(0.7796, device='cuda:0')
25
0.0007699860725551844
100.0
Per test accuracy of LMC = tensor([0.4800, 0.9697, 0.8500, 0.7600, 0.8200, 0.5054, 0.9688, 0.9896, 0.6024,
        0.8500], device='cuda:0')
Average accuracy of LMC = tensor(0.7796, device='cuda:0')
26
0.0005450778407976031
100.0
Per test accuracy of LMC = tensor([0.4800, 0.9697, 0.8500, 0.7600, 0.8200, 0.5161, 0.9688, 0.9896, 0.6024,
        0.8500], device='cuda:0')
Average accuracy of LMC = tensor(0.7807, device='cuda:0')
27
0.025849156081676483
100.0
Per test accuracy of LMC = tensor([0.4800, 0.9697, 0.8500, 0.7600, 0.8200, 0.5161, 0.9688, 0.9896, 0.6024,
        0.8500], device='cuda:0')
Average accuracy of LMC = tensor(0.7807, device='cuda:0')
28
0.04273879528045654
100.0
Per test accuracy of LMC = tensor([0.4900, 0.9697, 0.8500, 0.7600, 0.8200, 0.5161, 0.9688, 0.9896, 0.6024,
        0.8500], device='cuda:0')
Average accuracy of LMC = tensor(0.7817, device='cuda:0')
29
0.08258753269910812
100.0
Per test accuracy of LMC = tensor([0.4900, 0.9697, 0.8500, 0.7600, 0.8200, 0.5161, 0.9688, 0.9896, 0.6024,
        0.8500], device='cuda:0')
Average accuracy of LMC = tensor(0.7817, device='cuda:0')
30
0.04174547642469406
100.0
Per test accuracy of LMC = tensor([0.4900, 0.9697, 0.8500, 0.7600, 0.8200, 0.5269, 0.9688, 0.9896, 0.6024,
        0.8500], device='cuda:0')
Average accuracy of LMC = tensor(0.7827, device='cuda:0')
31
0.00018591350817587227
100.0
Per test accuracy of LMC = tensor([0.4900, 0.9697, 0.8500, 0.7600, 0.8100, 0.5269, 0.9688, 0.9896, 0.6024,
        0.8500], device='cuda:0')
Average accuracy of LMC = tensor(0.7817, device='cuda:0')
32
0.018442459404468536
100.0
Per test accuracy of LMC = tensor([0.4800, 0.9697, 0.8500, 0.7700, 0.8100, 0.5269, 0.9688, 0.9896, 0.6024,
        0.8500], device='cuda:0')
Average accuracy of LMC = tensor(0.7817, device='cuda:0')
33
0.0015310181770473719
100.0
Per test accuracy of LMC = tensor([0.4900, 0.9697, 0.8600, 0.7700, 0.8100, 0.5269, 0.9688, 0.9896, 0.6024,
        0.8500], device='cuda:0')
Average accuracy of LMC = tensor(0.7837, device='cuda:0')
34
0.06615570932626724
100.0
Per test accuracy of LMC = tensor([0.4900, 0.9697, 0.8600, 0.7700, 0.8100, 0.5269, 0.9688, 0.9896, 0.6024,
        0.8500], device='cuda:0')
Average accuracy of LMC = tensor(0.7837, device='cuda:0')
35
0.15313556790351868
88.88888888888889
Per test accuracy of LMC = tensor([0.4800, 0.9697, 0.8600, 0.7700, 0.8100, 0.5269, 0.9688, 0.9896, 0.6024,
        0.8500], device='cuda:0')
Average accuracy of LMC = tensor(0.7827, device='cuda:0')
36
0.00035953521728515625
100.0
Per test accuracy of LMC = tensor([0.4800, 0.9697, 0.8600, 0.7700, 0.8100, 0.5269, 0.9688, 0.9896, 0.6265,
        0.8500], device='cuda:0')
Average accuracy of LMC = tensor(0.7851, device='cuda:0')
37
0.0003252559108659625
100.0
Per test accuracy of LMC = tensor([0.4800, 0.9697, 0.8600, 0.7700, 0.8000, 0.5269, 0.9688, 0.9896, 0.6265,
        0.8500], device='cuda:0')
Average accuracy of LMC = tensor(0.7841, device='cuda:0')
38
0.9947037100791931
88.88888888888889
Per test accuracy of LMC = tensor([0.4800, 0.9697, 0.8600, 0.7700, 0.8000, 0.5269, 0.9688, 0.9896, 0.6145,
        0.8500], device='cuda:0')
Average accuracy of LMC = tensor(0.7829, device='cuda:0')
39
0.0016079478664323688
100.0
Per test accuracy of LMC = tensor([0.4800, 0.9697, 0.8600, 0.7700, 0.8000, 0.5269, 0.9688, 0.9896, 0.6265,
        0.8500], device='cuda:0')
Average accuracy of LMC = tensor(0.7841, device='cuda:0')
40
0.00023884243273641914
100.0
Per test accuracy of LMC = tensor([0.4900, 0.9697, 0.8600, 0.7700, 0.8000, 0.5269, 0.9688, 0.9896, 0.6265,
        0.8500], device='cuda:0')
Average accuracy of LMC = tensor(0.7851, device='cuda:0')
41
0.0054460070095956326
100.0
Per test accuracy of LMC = tensor([0.4800, 0.9697, 0.8600, 0.7700, 0.8000, 0.5269, 0.9688, 0.9896, 0.6265,
        0.8500], device='cuda:0')
Average accuracy of LMC = tensor(0.7841, device='cuda:0')
42
0.003152688266709447
100.0
Per test accuracy of LMC = tensor([0.4900, 0.9697, 0.8600, 0.7700, 0.8000, 0.5269, 0.9688, 0.9896, 0.6265,
        0.8500], device='cuda:0')
Average accuracy of LMC = tensor(0.7851, device='cuda:0')
43
0.06673277914524078
100.0
Per test accuracy of LMC = tensor([0.4900, 0.9697, 0.8600, 0.7700, 0.8000, 0.5269, 0.9688, 0.9896, 0.6265,
        0.8500], device='cuda:0')
Average accuracy of LMC = tensor(0.7851, device='cuda:0')
44
0.01766856573522091
100.0
Per test accuracy of LMC = tensor([0.4900, 0.9697, 0.8600, 0.7700, 0.8000, 0.5269, 0.9688, 0.9896, 0.6145,
        0.8400], device='cuda:0')
Average accuracy of LMC = tensor(0.7829, device='cuda:0')
45
0.00021383498096838593
100.0
Per test accuracy of LMC = tensor([0.4900, 0.9697, 0.8600, 0.7700, 0.8000, 0.5269, 0.9688, 0.9896, 0.6145,
        0.8400], device='cuda:0')
Average accuracy of LMC = tensor(0.7829, device='cuda:0')
46
0.2842612564563751
88.88888888888889
Per test accuracy of LMC = tensor([0.4900, 0.9697, 0.8600, 0.7700, 0.8000, 0.5269, 0.9688, 0.9896, 0.6024,
        0.8400], device='cuda:0')
Average accuracy of LMC = tensor(0.7817, device='cuda:0')
47
0.004604763351380825
100.0
Per test accuracy of LMC = tensor([0.4800, 0.9697, 0.8600, 0.7700, 0.8000, 0.5269, 0.9688, 0.9896, 0.6024,
        0.8400], device='cuda:0')
Average accuracy of LMC = tensor(0.7807, device='cuda:0')
48
0.046564631164073944
100.0
Per test accuracy of LMC = tensor([0.4900, 0.9697, 0.8600, 0.7600, 0.8000, 0.5269, 0.9688, 0.9896, 0.5904,
        0.8400], device='cuda:0')
Average accuracy of LMC = tensor(0.7795, device='cuda:0')
49
0.0037342309951782227
100.0
Per test accuracy of LMC = tensor([0.5000, 0.9697, 0.8600, 0.7600, 0.8000, 0.5269, 0.9688, 0.9896, 0.5904,
        0.8400], device='cuda:0')
Average accuracy of LMC = tensor(0.7805, device='cuda:0')
Training and validating  MC
0
0.8912431001663208
66.66666666666666
Per test accuracy of MC = tensor([0.7300, 0.4545, 0.8000, 0.7200, 0.7900, 0.7204, 0.8438, 0.9375, 0.4699,
        0.6900], device='cuda:0')
Average accuracy of MC = tensor(0.7156, device='cuda:0')
1
0.6689803004264832
77.77777777777779
Per test accuracy of MC = tensor([0.7700, 0.6364, 0.8300, 0.7400, 0.7600, 0.7849, 0.9062, 0.9583, 0.5181,
        0.8400], device='cuda:0')
Average accuracy of MC = tensor(0.7744, device='cuda:0')
2
0.6283275485038757
77.77777777777779
Per test accuracy of MC = tensor([0.7500, 0.5455, 0.8700, 0.7200, 0.7900, 0.8065, 0.9688, 0.9583, 0.5783,
        0.8100], device='cuda:0')
Average accuracy of MC = tensor(0.7797, device='cuda:0')
3
0.2938861548900604
88.88888888888889
Per test accuracy of MC = tensor([0.7300, 0.5758, 0.8600, 0.6900, 0.8100, 0.8387, 0.9688, 0.9583, 0.6024,
        0.8100], device='cuda:0')
Average accuracy of MC = tensor(0.7844, device='cuda:0')
4
0.251376748085022
88.88888888888889
Per test accuracy of MC = tensor([0.7200, 0.6061, 0.8800, 0.6800, 0.8100, 0.8602, 0.9688, 0.9583, 0.5904,
        0.8100], device='cuda:0')
Average accuracy of MC = tensor(0.7884, device='cuda:0')
5
0.23524832725524902
100.0
Per test accuracy of MC = tensor([0.6900, 0.6061, 0.8600, 0.7100, 0.8200, 0.8495, 0.9688, 0.9583, 0.5783,
        0.8000], device='cuda:0')
Average accuracy of MC = tensor(0.7841, device='cuda:0')
6
0.7149760723114014
77.77777777777779
Per test accuracy of MC = tensor([0.6700, 0.6667, 0.8800, 0.7400, 0.8100, 0.8280, 0.9688, 0.9583, 0.5663,
        0.7900], device='cuda:0')
Average accuracy of MC = tensor(0.7878, device='cuda:0')
7
0.06431664526462555
100.0
Per test accuracy of MC = tensor([0.6700, 0.7273, 0.8900, 0.7300, 0.8200, 0.8172, 0.9688, 0.9688, 0.5663,
        0.8000], device='cuda:0')
Average accuracy of MC = tensor(0.7958, device='cuda:0')
8
0.39023512601852417
77.77777777777779
Per test accuracy of MC = tensor([0.6700, 0.7576, 0.8900, 0.7400, 0.8200, 0.8065, 0.9688, 0.9583, 0.5783,
        0.7900], device='cuda:0')
Average accuracy of MC = tensor(0.7979, device='cuda:0')
9
0.006400373298674822
100.0
Per test accuracy of MC = tensor([0.7000, 0.7576, 0.8700, 0.7600, 0.8100, 0.8065, 0.9688, 0.9583, 0.5783,
        0.7900], device='cuda:0')
Average accuracy of MC = tensor(0.7999, device='cuda:0')
10
0.010075198486447334
100.0
Per test accuracy of MC = tensor([0.6900, 0.7576, 0.8700, 0.7600, 0.8200, 0.8172, 0.9688, 0.9792, 0.5783,
        0.8000], device='cuda:0')
Average accuracy of MC = tensor(0.8041, device='cuda:0')
11
0.09157533198595047
100.0
Per test accuracy of MC = tensor([0.6800, 0.7576, 0.8700, 0.7600, 0.8200, 0.8172, 0.9688, 0.9792, 0.5783,
        0.7900], device='cuda:0')
Average accuracy of MC = tensor(0.8021, device='cuda:0')
12
0.04327400401234627
100.0
Per test accuracy of MC = tensor([0.6700, 0.7576, 0.8900, 0.7600, 0.8100, 0.8280, 0.9688, 0.9688, 0.5904,
        0.8000], device='cuda:0')
Average accuracy of MC = tensor(0.8043, device='cuda:0')
13
0.021030187606811523
100.0
Per test accuracy of MC = tensor([0.6800, 0.7576, 0.8800, 0.7600, 0.8100, 0.8280, 0.9688, 0.9688, 0.5783,
        0.8000], device='cuda:0')
Average accuracy of MC = tensor(0.8031, device='cuda:0')
14
0.08463052660226822
100.0
Per test accuracy of MC = tensor([0.6700, 0.7879, 0.8900, 0.7500, 0.8100, 0.8172, 0.9688, 0.9688, 0.5783,
        0.8000], device='cuda:0')
Average accuracy of MC = tensor(0.8041, device='cuda:0')
15
1.9045003652572632
55.55555555555556
Per test accuracy of MC = tensor([0.6700, 0.8182, 0.9000, 0.7400, 0.8000, 0.8280, 0.9688, 0.9583, 0.5783,
        0.8000], device='cuda:0')
Average accuracy of MC = tensor(0.8062, device='cuda:0')
16
0.03537645563483238
100.0
Per test accuracy of MC = tensor([0.6700, 0.8182, 0.9000, 0.7400, 0.8000, 0.8280, 0.9688, 0.9583, 0.5783,
        0.8000], device='cuda:0')
Average accuracy of MC = tensor(0.8062, device='cuda:0')
17
0.0662911981344223
100.0
Per test accuracy of MC = tensor([0.6700, 0.8182, 0.8900, 0.7400, 0.8000, 0.8280, 0.9688, 0.9583, 0.5663,
        0.8000], device='cuda:0')
Average accuracy of MC = tensor(0.8039, device='cuda:0')
18
0.08097714930772781
100.0
Per test accuracy of MC = tensor([0.6700, 0.8182, 0.9000, 0.7400, 0.8000, 0.8280, 0.9688, 0.9583, 0.5663,
        0.8000], device='cuda:0')
Average accuracy of MC = tensor(0.8049, device='cuda:0')
19
0.6519954204559326
77.77777777777779
Per test accuracy of MC = tensor([0.6700, 0.8182, 0.9000, 0.7500, 0.8100, 0.8172, 0.9688, 0.9479, 0.5663,
        0.8000], device='cuda:0')
Average accuracy of MC = tensor(0.8048, device='cuda:0')
20
0.007873826660215855
100.0
Per test accuracy of MC = tensor([0.6700, 0.8182, 0.9000, 0.7500, 0.8000, 0.8280, 0.9688, 0.9375, 0.5783,
        0.8000], device='cuda:0')
Average accuracy of MC = tensor(0.8051, device='cuda:0')
21
0.24220766127109528
88.88888888888889
Per test accuracy of MC = tensor([0.6700, 0.8485, 0.8900, 0.7600, 0.8000, 0.8280, 0.9688, 0.9375, 0.5783,
        0.8000], device='cuda:0')
Average accuracy of MC = tensor(0.8081, device='cuda:0')
22
0.21457059681415558
88.88888888888889
Per test accuracy of MC = tensor([0.6600, 0.8485, 0.9000, 0.7600, 0.8000, 0.8280, 0.9688, 0.9375, 0.5904,
        0.8000], device='cuda:0')
Average accuracy of MC = tensor(0.8093, device='cuda:0')
23
0.048410654067993164
100.0
Per test accuracy of MC = tensor([0.6700, 0.8485, 0.9000, 0.7600, 0.8000, 0.8280, 0.9688, 0.9375, 0.5904,
        0.8000], device='cuda:0')
Average accuracy of MC = tensor(0.8103, device='cuda:0')
24
0.5137129426002502
77.77777777777779
Per test accuracy of MC = tensor([0.6600, 0.8485, 0.9000, 0.7600, 0.8000, 0.8280, 0.9688, 0.9375, 0.5904,
        0.8100], device='cuda:0')
Average accuracy of MC = tensor(0.8103, device='cuda:0')
25
0.03750383108854294
100.0
Per test accuracy of MC = tensor([0.6600, 0.8485, 0.9000, 0.7600, 0.8000, 0.8280, 0.9688, 0.9375, 0.5904,
        0.8100], device='cuda:0')
Average accuracy of MC = tensor(0.8103, device='cuda:0')
26
0.18120935559272766
88.88888888888889
Per test accuracy of MC = tensor([0.6600, 0.8485, 0.9100, 0.7700, 0.8000, 0.8280, 0.9688, 0.9375, 0.5904,
        0.8100], device='cuda:0')
Average accuracy of MC = tensor(0.8123, device='cuda:0')
27
0.1370924562215805
88.88888888888889
Per test accuracy of MC = tensor([0.6600, 0.8485, 0.9000, 0.7700, 0.8000, 0.8280, 0.9688, 0.9479, 0.5904,
        0.8100], device='cuda:0')
Average accuracy of MC = tensor(0.8123, device='cuda:0')
28
0.021217001602053642
100.0
Per test accuracy of MC = tensor([0.6600, 0.8485, 0.9100, 0.7700, 0.7900, 0.8280, 0.9688, 0.9479, 0.5904,
        0.8100], device='cuda:0')
Average accuracy of MC = tensor(0.8123, device='cuda:0')
29
0.0011665555648505688
100.0
Per test accuracy of MC = tensor([0.6600, 0.8485, 0.9100, 0.7700, 0.7900, 0.8280, 0.9688, 0.9479, 0.5904,
        0.8100], device='cuda:0')
Average accuracy of MC = tensor(0.8123, device='cuda:0')
30
0.13535968959331512
88.88888888888889
Per test accuracy of MC = tensor([0.6600, 0.8485, 0.9100, 0.7700, 0.7900, 0.8280, 0.9688, 0.9479, 0.5904,
        0.8100], device='cuda:0')
Average accuracy of MC = tensor(0.8123, device='cuda:0')
31
0.024764351546764374
100.0
Per test accuracy of MC = tensor([0.6600, 0.8485, 0.9100, 0.7700, 0.7900, 0.8280, 0.9688, 0.9479, 0.5783,
        0.8100], device='cuda:0')
Average accuracy of MC = tensor(0.8111, device='cuda:0')
32
0.1308439075946808
88.88888888888889
Per test accuracy of MC = tensor([0.6600, 0.8485, 0.9100, 0.7800, 0.7900, 0.8280, 0.9688, 0.9479, 0.5783,
        0.8100], device='cuda:0')
Average accuracy of MC = tensor(0.8121, device='cuda:0')
33
0.20907041430473328
88.88888888888889
Per test accuracy of MC = tensor([0.6600, 0.8485, 0.9100, 0.7800, 0.7900, 0.8172, 0.9688, 0.9479, 0.5663,
        0.8100], device='cuda:0')
Average accuracy of MC = tensor(0.8099, device='cuda:0')
34
0.057786259800195694
100.0
Per test accuracy of MC = tensor([0.6600, 0.8485, 0.9100, 0.7800, 0.7900, 0.8172, 0.9688, 0.9479, 0.5663,
        0.8100], device='cuda:0')
Average accuracy of MC = tensor(0.8099, device='cuda:0')
35
0.0025393168907612562
100.0
Per test accuracy of MC = tensor([0.6600, 0.8485, 0.9100, 0.7800, 0.7900, 0.8172, 0.9688, 0.9479, 0.5663,
        0.8100], device='cuda:0')
Average accuracy of MC = tensor(0.8099, device='cuda:0')
36
0.3750879168510437
77.77777777777779
Per test accuracy of MC = tensor([0.6600, 0.8485, 0.9000, 0.7700, 0.7900, 0.8172, 0.9688, 0.9479, 0.5663,
        0.8200], device='cuda:0')
Average accuracy of MC = tensor(0.8089, device='cuda:0')
37
0.05877550318837166
100.0
Per test accuracy of MC = tensor([0.6600, 0.8485, 0.9000, 0.7700, 0.7900, 0.8172, 0.9688, 0.9479, 0.5663,
        0.8200], device='cuda:0')
Average accuracy of MC = tensor(0.8089, device='cuda:0')
38
0.0014046827564015985
100.0
Per test accuracy of MC = tensor([0.6600, 0.8485, 0.9000, 0.7700, 0.7900, 0.8172, 0.9688, 0.9479, 0.5783,
        0.8200], device='cuda:0')
Average accuracy of MC = tensor(0.8101, device='cuda:0')
39
0.0028616588097065687
100.0
Per test accuracy of MC = tensor([0.6600, 0.8485, 0.9000, 0.7800, 0.7900, 0.8172, 0.9688, 0.9479, 0.5783,
        0.8200], device='cuda:0')
Average accuracy of MC = tensor(0.8111, device='cuda:0')
40
0.15029846131801605
88.88888888888889
Per test accuracy of MC = tensor([0.6600, 0.8485, 0.9000, 0.7800, 0.7900, 0.8172, 0.9688, 0.9479, 0.5663,
        0.8200], device='cuda:0')
Average accuracy of MC = tensor(0.8099, device='cuda:0')
41
0.00877067819237709
100.0
Per test accuracy of MC = tensor([0.6600, 0.8485, 0.9000, 0.7800, 0.7900, 0.8172, 0.9688, 0.9479, 0.5663,
        0.8200], device='cuda:0')
Average accuracy of MC = tensor(0.8099, device='cuda:0')
42
0.24992667138576508
88.88888888888889
Per test accuracy of MC = tensor([0.6600, 0.8485, 0.9000, 0.7900, 0.7900, 0.8172, 0.9688, 0.9479, 0.5663,
        0.8200], device='cuda:0')
Average accuracy of MC = tensor(0.8109, device='cuda:0')
43
0.008405155502259731
100.0
Per test accuracy of MC = tensor([0.6500, 0.8485, 0.9000, 0.7900, 0.7900, 0.8172, 0.9688, 0.9479, 0.5783,
        0.8200], device='cuda:0')
Average accuracy of MC = tensor(0.8111, device='cuda:0')
44
0.018430378288030624
100.0
Per test accuracy of MC = tensor([0.6500, 0.8485, 0.9000, 0.7900, 0.7900, 0.8065, 0.9688, 0.9479, 0.5663,
        0.8200], device='cuda:0')
Average accuracy of MC = tensor(0.8088, device='cuda:0')
45
0.07308533042669296
100.0
Per test accuracy of MC = tensor([0.6500, 0.8485, 0.9100, 0.7900, 0.7900, 0.8065, 0.9688, 0.9479, 0.5542,
        0.8200], device='cuda:0')
Average accuracy of MC = tensor(0.8086, device='cuda:0')
46
0.20483075082302094
88.88888888888889
Per test accuracy of MC = tensor([0.6400, 0.8485, 0.9100, 0.7900, 0.7900, 0.7957, 0.9688, 0.9479, 0.5663,
        0.8200], device='cuda:0')
Average accuracy of MC = tensor(0.8077, device='cuda:0')
47
0.0753001868724823
100.0
Per test accuracy of MC = tensor([0.6400, 0.8485, 0.9100, 0.7900, 0.7900, 0.8065, 0.9688, 0.9479, 0.5663,
        0.8200], device='cuda:0')
Average accuracy of MC = tensor(0.8088, device='cuda:0')
48
0.00036205185460858047
100.0
Per test accuracy of MC = tensor([0.6400, 0.8485, 0.9100, 0.7900, 0.7900, 0.8065, 0.9688, 0.9479, 0.5663,
        0.8200], device='cuda:0')
Average accuracy of MC = tensor(0.8088, device='cuda:0')
49
0.01866292953491211
100.0
Per test accuracy of MC = tensor([0.6400, 0.8485, 0.9100, 0.7900, 0.7900, 0.7849, 0.9688, 0.9479, 0.5542,
        0.8200], device='cuda:0')
Average accuracy of MC = tensor(0.8054, device='cuda:0')
Accuracy per class for TSCNN: tensor([0.6400, 0.9394, 0.8700, 0.7500, 0.8000, 0.5806, 0.9688, 0.9688, 0.6145,
        0.8100], device='cuda:0')

Average accuracy for TSCNN: 0.7941997051239014
Training and validating  MLMC
0
1.4571233987808228
55.55555555555556
Per test accuracy of MLMC = tensor([0.5600, 0.6667, 0.7400, 0.5400, 0.6100, 0.6882, 0.7500, 0.9896, 0.5904,
        0.9700], device='cuda:0')
Average accuracy of MLMC = tensor(0.7105, device='cuda:0')
1
0.9511668682098389
55.55555555555556
Per test accuracy of MLMC = tensor([0.5400, 0.8182, 0.7700, 0.6100, 0.6100, 0.8172, 0.9375, 0.9792, 0.6265,
        0.8400], device='cuda:0')
Average accuracy of MLMC = tensor(0.7549, device='cuda:0')
2
1.229503870010376
55.55555555555556
Per test accuracy of MLMC = tensor([0.4400, 0.8788, 0.9100, 0.6200, 0.7600, 0.8172, 0.9375, 0.9792, 0.6386,
        0.8100], device='cuda:0')
Average accuracy of MLMC = tensor(0.7791, device='cuda:0')
3
0.48113372921943665
88.88888888888889
Per test accuracy of MLMC = tensor([0.4000, 0.8788, 0.8500, 0.6500, 0.8000, 0.7957, 0.9375, 0.9896, 0.6506,
        0.7800], device='cuda:0')
Average accuracy of MLMC = tensor(0.7732, device='cuda:0')
4
0.31515681743621826
88.88888888888889
Per test accuracy of MLMC = tensor([0.4000, 0.8788, 0.8500, 0.6900, 0.7900, 0.7527, 0.9688, 0.9896, 0.6627,
        0.7900], device='cuda:0')
Average accuracy of MLMC = tensor(0.7772, device='cuda:0')
5
0.030808713287115097
100.0
Per test accuracy of MLMC = tensor([0.3900, 0.8788, 0.8200, 0.7200, 0.8100, 0.7312, 0.9688, 0.9896, 0.6627,
        0.8000], device='cuda:0')
Average accuracy of MLMC = tensor(0.7771, device='cuda:0')
6
0.08070026338100433
100.0
Per test accuracy of MLMC = tensor([0.3900, 0.8788, 0.8400, 0.7300, 0.7900, 0.7204, 0.9688, 0.9896, 0.6627,
        0.8300], device='cuda:0')
Average accuracy of MLMC = tensor(0.7800, device='cuda:0')
7
0.4187685251235962
88.88888888888889
Per test accuracy of MLMC = tensor([0.3900, 0.8788, 0.8300, 0.7500, 0.8000, 0.7204, 0.9688, 0.9896, 0.6627,
        0.8600], device='cuda:0')
Average accuracy of MLMC = tensor(0.7850, device='cuda:0')
8
0.1679512858390808
100.0
Per test accuracy of MLMC = tensor([0.3900, 0.8788, 0.8500, 0.7500, 0.8100, 0.7204, 0.9688, 0.9896, 0.6627,
        0.8800], device='cuda:0')
Average accuracy of MLMC = tensor(0.7900, device='cuda:0')
9
0.005430751480162144
100.0
Per test accuracy of MLMC = tensor([0.4100, 0.8788, 0.8400, 0.7700, 0.8100, 0.7097, 0.9688, 0.9896, 0.6627,
        0.8700], device='cuda:0')
Average accuracy of MLMC = tensor(0.7909, device='cuda:0')
10
0.06156778335571289
100.0
Per test accuracy of MLMC = tensor([0.4100, 0.9091, 0.8400, 0.7900, 0.8000, 0.7097, 0.9688, 0.9896, 0.6627,
        0.8800], device='cuda:0')
Average accuracy of MLMC = tensor(0.7960, device='cuda:0')
11
0.0004587703151628375
100.0
Per test accuracy of MLMC = tensor([0.3900, 0.9091, 0.8400, 0.8100, 0.7900, 0.7204, 0.9688, 0.9896, 0.6506,
        0.9000], device='cuda:0')
Average accuracy of MLMC = tensor(0.7968, device='cuda:0')
12
1.1548913717269897
55.55555555555556
Per test accuracy of MLMC = tensor([0.3900, 0.8788, 0.8400, 0.8100, 0.7900, 0.7312, 0.9688, 0.9896, 0.6506,
        0.8800], device='cuda:0')
Average accuracy of MLMC = tensor(0.7929, device='cuda:0')
13
0.0031120511703193188
100.0
Per test accuracy of MLMC = tensor([0.3900, 0.8788, 0.8400, 0.8100, 0.8000, 0.7312, 0.9688, 0.9896, 0.6386,
        0.9100], device='cuda:0')
Average accuracy of MLMC = tensor(0.7957, device='cuda:0')
14
0.013400024734437466
100.0
Per test accuracy of MLMC = tensor([0.3900, 0.8788, 0.8400, 0.8100, 0.8100, 0.7419, 0.9688, 0.9896, 0.6386,
        0.9100], device='cuda:0')
Average accuracy of MLMC = tensor(0.7978, device='cuda:0')
15
0.00011157989501953125
100.0
Per test accuracy of MLMC = tensor([0.3900, 0.8788, 0.8400, 0.8100, 0.7900, 0.7312, 0.9688, 0.9896, 0.6506,
        0.9100], device='cuda:0')
Average accuracy of MLMC = tensor(0.7959, device='cuda:0')
16
0.026968346908688545
100.0
Per test accuracy of MLMC = tensor([0.3900, 0.9091, 0.8400, 0.8200, 0.8000, 0.7312, 0.9688, 0.9896, 0.6506,
        0.9200], device='cuda:0')
Average accuracy of MLMC = tensor(0.8019, device='cuda:0')
17
0.002292368095368147
100.0
Per test accuracy of MLMC = tensor([0.3900, 0.9091, 0.8400, 0.8100, 0.8100, 0.7419, 0.9688, 0.9896, 0.6506,
        0.9100], device='cuda:0')
Average accuracy of MLMC = tensor(0.8020, device='cuda:0')
18
0.16765464842319489
88.88888888888889
Per test accuracy of MLMC = tensor([0.3900, 0.9091, 0.8400, 0.8200, 0.8100, 0.7527, 0.9688, 0.9896, 0.6386,
        0.9200], device='cuda:0')
Average accuracy of MLMC = tensor(0.8039, device='cuda:0')
19
0.007685555145144463
100.0
Per test accuracy of MLMC = tensor([0.3900, 0.9091, 0.8600, 0.8300, 0.8100, 0.7312, 0.9688, 0.9896, 0.6265,
        0.9000], device='cuda:0')
Average accuracy of MLMC = tensor(0.8015, device='cuda:0')
20
0.018342124298214912
100.0
Per test accuracy of MLMC = tensor([0.4000, 0.9394, 0.8600, 0.8300, 0.8000, 0.7312, 0.9688, 0.9896, 0.6145,
        0.9100], device='cuda:0')
Average accuracy of MLMC = tensor(0.8043, device='cuda:0')
21
0.02053970843553543
100.0
Per test accuracy of MLMC = tensor([0.3900, 0.9394, 0.8700, 0.8200, 0.8000, 0.7419, 0.9688, 0.9896, 0.6145,
        0.9200], device='cuda:0')
Average accuracy of MLMC = tensor(0.8054, device='cuda:0')
22
0.004124005790799856
100.0
Per test accuracy of MLMC = tensor([0.3900, 0.9394, 0.8800, 0.8200, 0.7900, 0.7312, 0.9688, 0.9896, 0.6145,
        0.9100], device='cuda:0')
Average accuracy of MLMC = tensor(0.8033, device='cuda:0')
23
0.0023903846740722656
100.0
Per test accuracy of MLMC = tensor([0.3800, 0.9394, 0.8700, 0.8200, 0.7900, 0.7419, 0.9688, 0.9896, 0.6145,
        0.9300], device='cuda:0')
Average accuracy of MLMC = tensor(0.8044, device='cuda:0')
24
0.023122072219848633
100.0
Per test accuracy of MLMC = tensor([0.3800, 0.9697, 0.8700, 0.8200, 0.8000, 0.7312, 0.9688, 0.9896, 0.6265,
        0.9300], device='cuda:0')
Average accuracy of MLMC = tensor(0.8086, device='cuda:0')
25
0.07708888500928879
100.0
Per test accuracy of MLMC = tensor([0.3800, 0.9697, 0.8700, 0.8200, 0.8000, 0.7419, 0.9688, 0.9896, 0.6506,
        0.9300], device='cuda:0')
Average accuracy of MLMC = tensor(0.8121, device='cuda:0')
26
0.010500828735530376
100.0
Per test accuracy of MLMC = tensor([0.3800, 0.9697, 0.8700, 0.8200, 0.8000, 0.7419, 0.9688, 0.9896, 0.6386,
        0.9300], device='cuda:0')
Average accuracy of MLMC = tensor(0.8109, device='cuda:0')
27
0.0887112095952034
88.88888888888889
Per test accuracy of MLMC = tensor([0.3800, 0.9697, 0.8700, 0.8200, 0.8000, 0.7419, 0.9688, 0.9896, 0.6386,
        0.9400], device='cuda:0')
Average accuracy of MLMC = tensor(0.8119, device='cuda:0')
28
0.019002756103873253
100.0
Per test accuracy of MLMC = tensor([0.3800, 0.9697, 0.8700, 0.8200, 0.8000, 0.7204, 0.9688, 0.9896, 0.6506,
        0.9400], device='cuda:0')
Average accuracy of MLMC = tensor(0.8109, device='cuda:0')
29
0.008004559203982353
100.0
Per test accuracy of MLMC = tensor([0.3800, 0.9697, 0.8800, 0.8200, 0.8000, 0.7204, 0.9688, 0.9896, 0.6506,
        0.9400], device='cuda:0')
Average accuracy of MLMC = tensor(0.8119, device='cuda:0')
30
0.16910678148269653
88.88888888888889
Per test accuracy of MLMC = tensor([0.3800, 0.9697, 0.8800, 0.8200, 0.8000, 0.7204, 0.9688, 0.9896, 0.6506,
        0.9300], device='cuda:0')
Average accuracy of MLMC = tensor(0.8109, device='cuda:0')
31
0.24303296208381653
88.88888888888889
Per test accuracy of MLMC = tensor([0.3800, 0.9697, 0.8800, 0.8200, 0.8000, 0.7204, 0.9688, 0.9896, 0.6506,
        0.9300], device='cuda:0')
Average accuracy of MLMC = tensor(0.8109, device='cuda:0')
32
0.2697831392288208
77.77777777777779
Per test accuracy of MLMC = tensor([0.3800, 0.9697, 0.8900, 0.8200, 0.8000, 0.7204, 0.9688, 0.9896, 0.6506,
        0.9400], device='cuda:0')
Average accuracy of MLMC = tensor(0.8129, device='cuda:0')
33
0.0006081263418309391
100.0
Per test accuracy of MLMC = tensor([0.3800, 0.9394, 0.8800, 0.8200, 0.8000, 0.7312, 0.9688, 0.9896, 0.6627,
        0.9300], device='cuda:0')
Average accuracy of MLMC = tensor(0.8102, device='cuda:0')
34
0.40274739265441895
88.88888888888889
Per test accuracy of MLMC = tensor([0.3800, 0.9697, 0.8800, 0.8200, 0.8000, 0.7204, 0.9688, 0.9896, 0.6627,
        0.9300], device='cuda:0')
Average accuracy of MLMC = tensor(0.8121, device='cuda:0')
35
0.054696664214134216
100.0
Per test accuracy of MLMC = tensor([0.3800, 0.9697, 0.8800, 0.8200, 0.8000, 0.6989, 0.9688, 0.9896, 0.6867,
        0.9300], device='cuda:0')
Average accuracy of MLMC = tensor(0.8124, device='cuda:0')
36
0.3991697132587433
77.77777777777779
Per test accuracy of MLMC = tensor([0.3800, 0.9697, 0.8800, 0.8200, 0.8000, 0.6774, 0.9688, 0.9896, 0.6747,
        0.9300], device='cuda:0')
Average accuracy of MLMC = tensor(0.8090, device='cuda:0')
37
0.06177134066820145
100.0
Per test accuracy of MLMC = tensor([0.3700, 0.9697, 0.8800, 0.8300, 0.8000, 0.6774, 0.9688, 0.9896, 0.6867,
        0.9200], device='cuda:0')
Average accuracy of MLMC = tensor(0.8092, device='cuda:0')
38
0.001760721206665039
100.0
Per test accuracy of MLMC = tensor([0.3600, 0.9697, 0.8700, 0.8300, 0.8000, 0.6774, 0.9688, 0.9896, 0.6867,
        0.9200], device='cuda:0')
Average accuracy of MLMC = tensor(0.8072, device='cuda:0')
39
0.004480891861021519
100.0
Per test accuracy of MLMC = tensor([0.3600, 0.9697, 0.8800, 0.8300, 0.8000, 0.6882, 0.9688, 0.9896, 0.6867,
        0.9300], device='cuda:0')
Average accuracy of MLMC = tensor(0.8103, device='cuda:0')
40
0.004275414627045393
100.0
Per test accuracy of MLMC = tensor([0.3600, 0.9697, 0.8900, 0.8200, 0.8000, 0.6882, 0.9688, 0.9896, 0.6867,
        0.9300], device='cuda:0')
Average accuracy of MLMC = tensor(0.8103, device='cuda:0')
41
0.17156252264976501
88.88888888888889
Per test accuracy of MLMC = tensor([0.3600, 0.9697, 0.8800, 0.8200, 0.8000, 0.6882, 0.9688, 0.9896, 0.6867,
        0.9300], device='cuda:0')
Average accuracy of MLMC = tensor(0.8093, device='cuda:0')
42
0.02852543257176876
100.0
Per test accuracy of MLMC = tensor([0.3700, 0.9697, 0.8800, 0.8300, 0.8000, 0.6882, 0.9688, 0.9896, 0.6867,
        0.9200], device='cuda:0')
Average accuracy of MLMC = tensor(0.8103, device='cuda:0')
43
0.026504596695303917
100.0
Per test accuracy of MLMC = tensor([0.3600, 0.9697, 0.8800, 0.8300, 0.8000, 0.6667, 0.9688, 0.9896, 0.6867,
        0.9200], device='cuda:0')
Average accuracy of MLMC = tensor(0.8071, device='cuda:0')
44
0.06549949198961258
100.0
Per test accuracy of MLMC = tensor([0.3600, 0.9697, 0.8700, 0.8300, 0.8000, 0.6667, 0.9688, 0.9896, 0.6867,
        0.9200], device='cuda:0')
Average accuracy of MLMC = tensor(0.8061, device='cuda:0')
45
0.1331811398267746
88.88888888888889
Per test accuracy of MLMC = tensor([0.3600, 0.9697, 0.8700, 0.8300, 0.8000, 0.6667, 0.9688, 0.9896, 0.6867,
        0.9200], device='cuda:0')
Average accuracy of MLMC = tensor(0.8061, device='cuda:0')
46
0.0011220904998481274
100.0
Per test accuracy of MLMC = tensor([0.3600, 0.9697, 0.8700, 0.8300, 0.8000, 0.6667, 0.9688, 0.9896, 0.6867,
        0.9200], device='cuda:0')
Average accuracy of MLMC = tensor(0.8061, device='cuda:0')
47
0.0016718970146030188
100.0
Per test accuracy of MLMC = tensor([0.3600, 0.9697, 0.8800, 0.8300, 0.8000, 0.6667, 0.9688, 0.9896, 0.6867,
        0.9200], device='cuda:0')
Average accuracy of MLMC = tensor(0.8071, device='cuda:0')
48
0.3340165913105011
88.88888888888889
Per test accuracy of MLMC = tensor([0.3600, 0.9697, 0.8700, 0.8300, 0.8000, 0.6667, 0.9688, 0.9896, 0.6867,
        0.9200], device='cuda:0')
Average accuracy of MLMC = tensor(0.8061, device='cuda:0')
49
0.009289000183343887
100.0
Per test accuracy of MLMC = tensor([0.3600, 0.9697, 0.8800, 0.8300, 0.8000, 0.6667, 0.9688, 0.9896, 0.6747,
        0.9200], device='cuda:0')
Average accuracy of MLMC = tensor(0.8059, device='cuda:0')
