cuda is available:  True
Training and validating  LMC
Learning rate:           0.001
numEpochs:               50
weightDecay:             1e-05
0
0.7127819061279297
77.77777777777779
numtestbatch 169
totalloss   198.5364824384451
averageloss 1.1747720854345864
Per test accuracy of LMC = tensor([0.8100, 0.6667, 0.7800, 0.6000, 0.4900, 0.6237, 0.5625, 0.7708, 0.5060,
        0.6500], device='cuda:0')
Average accuracy of LMC = tensor(0.6460, device='cuda:0')
1
1.222592830657959
55.55555555555556
numtestbatch 169
totalloss   207.1355291157961
averageloss 1.2256540184366633
Per test accuracy of LMC = tensor([0.6900, 0.8182, 0.7000, 0.6600, 0.5800, 0.5484, 0.8438, 0.7917, 0.6024,
        0.7200], device='cuda:0')
Average accuracy of LMC = tensor(0.6954, device='cuda:0')
2
0.2220589518547058
88.88888888888889
numtestbatch 169
totalloss   196.81627213209867
averageloss 1.164593326225436
Per test accuracy of LMC = tensor([0.7700, 0.7879, 0.8000, 0.6600, 0.6100, 0.5699, 0.9375, 0.7917, 0.6145,
        0.7200], device='cuda:0')
Average accuracy of LMC = tensor(0.7261, device='cuda:0')
3
0.8414943218231201
66.66666666666666
numtestbatch 169
totalloss   247.01033164933324
averageloss 1.4615995955581849
Per test accuracy of LMC = tensor([0.5000, 0.7576, 0.8200, 0.6600, 0.6100, 0.5484, 0.9375, 0.8438, 0.6145,
        0.7300], device='cuda:0')
Average accuracy of LMC = tensor(0.7022, device='cuda:0')
4
0.07452479749917984
100.0
numtestbatch 169
totalloss   200.05080130323768
averageloss 1.1837325520901638
Per test accuracy of LMC = tensor([0.4800, 0.7576, 0.8100, 0.6900, 0.6600, 0.6129, 0.9375, 0.8854, 0.6386,
        0.7400], device='cuda:0')
Average accuracy of LMC = tensor(0.7212, device='cuda:0')
5
0.08620008081197739
100.0
numtestbatch 169
totalloss   251.76115947961807
averageloss 1.4897110028379767
Per test accuracy of LMC = tensor([0.4600, 0.7576, 0.8100, 0.7100, 0.6700, 0.5806, 0.9375, 0.8750, 0.6024,
        0.7500], device='cuda:0')
Average accuracy of LMC = tensor(0.7153, device='cuda:0')
6
0.4852559268474579
66.66666666666666
numtestbatch 169
totalloss   266.043898306787
averageloss 1.5742242503360178
Per test accuracy of LMC = tensor([0.4300, 0.7576, 0.8000, 0.6700, 0.6700, 0.5591, 0.9375, 0.8958, 0.6024,
        0.7500], device='cuda:0')
Average accuracy of LMC = tensor(0.7072, device='cuda:0')
7
0.013424767181277275
100.0
numtestbatch 169
totalloss   255.8369849137962
averageloss 1.5138283130993857
Per test accuracy of LMC = tensor([0.4000, 0.7576, 0.7900, 0.7200, 0.7400, 0.5484, 0.9375, 0.9271, 0.6024,
        0.7800], device='cuda:0')
Average accuracy of LMC = tensor(0.7203, device='cuda:0')
8
0.10533212125301361
100.0
numtestbatch 169
totalloss   281.481712769717
averageloss 1.665572264909568
Per test accuracy of LMC = tensor([0.4100, 0.7576, 0.8000, 0.6900, 0.7400, 0.5591, 0.9375, 0.9792, 0.6024,
        0.8000], device='cuda:0')
Average accuracy of LMC = tensor(0.7276, device='cuda:0')
9
0.09389784932136536
100.0
numtestbatch 169
totalloss   264.1321839056909
averageloss 1.5629123308029047
Per test accuracy of LMC = tensor([0.4000, 0.7879, 0.8000, 0.7100, 0.7500, 0.5484, 0.9375, 0.9792, 0.6024,
        0.8100], device='cuda:0')
Average accuracy of LMC = tensor(0.7325, device='cuda:0')
10
0.373266339302063
88.88888888888889
numtestbatch 169
totalloss   308.88690062984824
averageloss 1.8277331398215872
Per test accuracy of LMC = tensor([0.3900, 0.8485, 0.8000, 0.7100, 0.7400, 0.5484, 0.9375, 0.9688, 0.6024,
        0.8300], device='cuda:0')
Average accuracy of LMC = tensor(0.7376, device='cuda:0')
11
0.18563182651996613
88.88888888888889
numtestbatch 169
totalloss   268.7660568151623
averageloss 1.5903316971311379
Per test accuracy of LMC = tensor([0.3900, 0.8485, 0.8100, 0.7200, 0.7600, 0.5376, 0.9375, 0.9792, 0.6145,
        0.8600], device='cuda:0')
Average accuracy of LMC = tensor(0.7457, device='cuda:0')
12
0.04633251950144768
100.0
numtestbatch 169
totalloss   267.61659867316484
averageloss 1.5835301696636972
Per test accuracy of LMC = tensor([0.4100, 0.8485, 0.8100, 0.7300, 0.7700, 0.5376, 0.9375, 0.9792, 0.6265,
        0.8400], device='cuda:0')
Average accuracy of LMC = tensor(0.7489, device='cuda:0')
13
0.14899277687072754
88.88888888888889
numtestbatch 169
totalloss   260.6391387246549
averageloss 1.5422434244062422
Per test accuracy of LMC = tensor([0.4100, 0.8485, 0.8100, 0.7300, 0.7600, 0.5269, 0.9375, 0.9792, 0.6265,
        0.8600], device='cuda:0')
Average accuracy of LMC = tensor(0.7489, device='cuda:0')
14
0.09348700940608978
100.0
numtestbatch 169
totalloss   296.46158700436354
averageloss 1.7542105739903169
Per test accuracy of LMC = tensor([0.4100, 0.8788, 0.8100, 0.7200, 0.7600, 0.5161, 0.9375, 0.9896, 0.6145,
        0.8600], device='cuda:0')
Average accuracy of LMC = tensor(0.7496, device='cuda:0')
15
0.2180171012878418
88.88888888888889
numtestbatch 169
totalloss   298.1044894037768
averageloss 1.7639318899631764
Per test accuracy of LMC = tensor([0.3800, 0.8788, 0.8100, 0.7200, 0.7600, 0.5161, 0.9375, 1.0000, 0.6145,
        0.8600], device='cuda:0')
Average accuracy of LMC = tensor(0.7477, device='cuda:0')
16
0.031872253865003586
100.0
numtestbatch 169
totalloss   270.6145707583055
averageloss 1.601269649457429
Per test accuracy of LMC = tensor([0.4000, 0.8788, 0.8100, 0.7300, 0.7600, 0.5161, 0.9375, 0.9792, 0.6145,
        0.8600], device='cuda:0')
Average accuracy of LMC = tensor(0.7486, device='cuda:0')
17
0.010276449844241142
100.0
numtestbatch 169
totalloss   345.9104549512267
averageloss 2.0468074257469038
Per test accuracy of LMC = tensor([0.3800, 0.8788, 0.8100, 0.7200, 0.7600, 0.5161, 0.9375, 0.9896, 0.6145,
        0.8500], device='cuda:0')
Average accuracy of LMC = tensor(0.7456, device='cuda:0')
18
0.005303224083036184
100.0
numtestbatch 169
totalloss   309.81597003154457
averageloss 1.8332305919026306
Per test accuracy of LMC = tensor([0.3800, 0.8788, 0.8200, 0.7300, 0.7700, 0.5161, 0.9375, 0.9896, 0.6024,
        0.8500], device='cuda:0')
Average accuracy of LMC = tensor(0.7474, device='cuda:0')
19
0.0032892758026719093
100.0
numtestbatch 169
totalloss   325.55897853989154
averageloss 1.9263844884017252
Per test accuracy of LMC = tensor([0.3800, 0.8788, 0.8200, 0.7400, 0.7600, 0.5161, 0.9375, 0.9896, 0.6024,
        0.8400], device='cuda:0')
Average accuracy of LMC = tensor(0.7464, device='cuda:0')
20
0.19340144097805023
100.0
numtestbatch 169
totalloss   315.11115544475615
averageloss 1.8645630499689714
Per test accuracy of LMC = tensor([0.4100, 0.8788, 0.8200, 0.7300, 0.7600, 0.5161, 0.9688, 0.9896, 0.6024,
        0.8500], device='cuda:0')
Average accuracy of LMC = tensor(0.7526, device='cuda:0')
21
0.0705699771642685
100.0
numtestbatch 169
totalloss   291.55750014819205
averageloss 1.7251923085691838
Per test accuracy of LMC = tensor([0.4000, 0.8788, 0.8200, 0.7400, 0.7600, 0.5161, 0.9688, 0.9896, 0.6024,
        0.8400], device='cuda:0')
Average accuracy of LMC = tensor(0.7516, device='cuda:0')
22
0.24346202611923218
88.88888888888889
numtestbatch 169
totalloss   306.3382405322045
averageloss 1.8126523108414467
Per test accuracy of LMC = tensor([0.4000, 0.8788, 0.8200, 0.7300, 0.7600, 0.5161, 0.9688, 0.9896, 0.5904,
        0.8400], device='cuda:0')
Average accuracy of LMC = tensor(0.7494, device='cuda:0')
23
0.004545026458799839
100.0
numtestbatch 169
totalloss   317.28560792375356
averageloss 1.8774296326849322
Per test accuracy of LMC = tensor([0.3900, 0.8788, 0.8200, 0.7300, 0.7600, 0.5161, 0.9688, 0.9896, 0.5904,
        0.8400], device='cuda:0')
Average accuracy of LMC = tensor(0.7484, device='cuda:0')
24
0.20187462866306305
88.88888888888889
numtestbatch 169
totalloss   347.45372708234936
averageloss 2.0559392135050256
Per test accuracy of LMC = tensor([0.3800, 0.8788, 0.8200, 0.7300, 0.7600, 0.5161, 0.9688, 0.9896, 0.5904,
        0.8400], device='cuda:0')
Average accuracy of LMC = tensor(0.7474, device='cuda:0')
25
0.03919591009616852
100.0
numtestbatch 169
totalloss   293.2620041919872
averageloss 1.735278131313534
Per test accuracy of LMC = tensor([0.3800, 0.8788, 0.8200, 0.7400, 0.7600, 0.5161, 0.9688, 0.9896, 0.5904,
        0.8500], device='cuda:0')
Average accuracy of LMC = tensor(0.7494, device='cuda:0')
26
0.003423187416046858
100.0
numtestbatch 169
totalloss   285.0493617616594
averageloss 1.6866826139743158
Per test accuracy of LMC = tensor([0.3800, 0.8788, 0.8200, 0.7400, 0.7600, 0.5161, 0.9688, 0.9896, 0.5904,
        0.8500], device='cuda:0')
Average accuracy of LMC = tensor(0.7494, device='cuda:0')
27
0.017510943114757538
100.0
numtestbatch 169
totalloss   314.4888773970306
averageloss 1.8608809313433763
Per test accuracy of LMC = tensor([0.3800, 0.8788, 0.8200, 0.7400, 0.7600, 0.5161, 0.9688, 0.9896, 0.5904,
        0.8500], device='cuda:0')
Average accuracy of LMC = tensor(0.7494, device='cuda:0')
28
0.14740699529647827
88.88888888888889
numtestbatch 169
totalloss   339.58153514936566
averageloss 2.009358196150093
Per test accuracy of LMC = tensor([0.3800, 0.8788, 0.8200, 0.7400, 0.7600, 0.5161, 0.9688, 0.9896, 0.5904,
        0.8500], device='cuda:0')
Average accuracy of LMC = tensor(0.7494, device='cuda:0')
29
0.2021964192390442
88.88888888888889
numtestbatch 169
totalloss   313.6848498042673
averageloss 1.8561233716228833
Per test accuracy of LMC = tensor([0.3900, 0.8788, 0.8200, 0.7400, 0.7600, 0.5161, 0.9688, 0.9896, 0.5904,
        0.8500], device='cuda:0')
Average accuracy of LMC = tensor(0.7504, device='cuda:0')
30
0.035373225808143616
100.0
numtestbatch 169
totalloss   290.76750761596486
averageloss 1.7205177965441707
Per test accuracy of LMC = tensor([0.3900, 0.8788, 0.8200, 0.7400, 0.7600, 0.5161, 0.9688, 0.9896, 0.5904,
        0.8500], device='cuda:0')
Average accuracy of LMC = tensor(0.7504, device='cuda:0')
31
0.0059664249420166016
100.0
numtestbatch 169
totalloss   315.3812532182783
averageloss 1.866161261646617
Per test accuracy of LMC = tensor([0.4000, 0.8788, 0.8200, 0.7400, 0.7600, 0.5161, 0.9688, 0.9896, 0.5904,
        0.8500], device='cuda:0')
Average accuracy of LMC = tensor(0.7514, device='cuda:0')
32
0.2091471552848816
88.88888888888889
numtestbatch 169
totalloss   376.3007038105279
averageloss 2.226631383494248
Per test accuracy of LMC = tensor([0.4300, 0.8788, 0.8200, 0.7400, 0.7600, 0.5161, 0.9688, 0.9896, 0.5783,
        0.8600], device='cuda:0')
Average accuracy of LMC = tensor(0.7542, device='cuda:0')
33
0.010480139404535294
100.0
numtestbatch 169
totalloss   279.8790630400181
averageloss 1.6560891304143082
Per test accuracy of LMC = tensor([0.4300, 0.8788, 0.8200, 0.7400, 0.7600, 0.5161, 0.9688, 0.9896, 0.5904,
        0.8600], device='cuda:0')
Average accuracy of LMC = tensor(0.7554, device='cuda:0')
34
0.06270666420459747
100.0
numtestbatch 169
totalloss   325.1690351385623
averageloss 1.9240771309974103
Per test accuracy of LMC = tensor([0.4400, 0.8788, 0.8200, 0.7400, 0.7600, 0.5161, 0.9688, 0.9896, 0.5904,
        0.8600], device='cuda:0')
Average accuracy of LMC = tensor(0.7564, device='cuda:0')
35
0.05279392749071121
100.0
numtestbatch 169
totalloss   315.1433542566374
averageloss 1.8647535754830615
Per test accuracy of LMC = tensor([0.4400, 0.8788, 0.8200, 0.7400, 0.7600, 0.5161, 0.9688, 0.9896, 0.5904,
        0.8600], device='cuda:0')
Average accuracy of LMC = tensor(0.7564, device='cuda:0')
36
0.4170764684677124
88.88888888888889
numtestbatch 169
totalloss   313.7591474512592
averageloss 1.8565630026701727
Per test accuracy of LMC = tensor([0.4400, 0.8788, 0.8200, 0.7400, 0.7600, 0.5161, 0.9688, 0.9896, 0.5904,
        0.8600], device='cuda:0')
Average accuracy of LMC = tensor(0.7564, device='cuda:0')
37
4.1272905946243554e-05
100.0
numtestbatch 169
totalloss   293.7619148045778
averageloss 1.7382361822756085
Per test accuracy of LMC = tensor([0.4400, 0.8788, 0.8200, 0.7400, 0.7600, 0.5161, 0.9688, 0.9896, 0.5783,
        0.8600], device='cuda:0')
Average accuracy of LMC = tensor(0.7552, device='cuda:0')
38
0.0001652770588407293
100.0
numtestbatch 169
totalloss   333.9233594946563
averageloss 1.9758778668322858
Per test accuracy of LMC = tensor([0.4400, 0.8788, 0.8200, 0.7400, 0.7600, 0.5161, 0.9688, 0.9896, 0.5783,
        0.8700], device='cuda:0')
Average accuracy of LMC = tensor(0.7562, device='cuda:0')
39
0.00022708045435138047
100.0
numtestbatch 169
totalloss   340.5932729616761
averageloss 2.015344810424119
Per test accuracy of LMC = tensor([0.4500, 0.8788, 0.8200, 0.7400, 0.7600, 0.5161, 0.9688, 0.9896, 0.5783,
        0.8600], device='cuda:0')
Average accuracy of LMC = tensor(0.7562, device='cuda:0')
40
7.086330151651055e-05
100.0
numtestbatch 169
totalloss   394.27173219434917
averageloss 2.332968829552362
Per test accuracy of LMC = tensor([0.4500, 0.8788, 0.8200, 0.7400, 0.7600, 0.5054, 0.9688, 0.9896, 0.5783,
        0.8700], device='cuda:0')
Average accuracy of LMC = tensor(0.7561, device='cuda:0')
41
0.011740459129214287
100.0
numtestbatch 169
totalloss   276.0354536464438
averageloss 1.6333458795647562
Per test accuracy of LMC = tensor([0.4400, 0.8788, 0.8200, 0.7400, 0.7600, 0.5054, 0.9688, 0.9896, 0.5783,
        0.8700], device='cuda:0')
Average accuracy of LMC = tensor(0.7551, device='cuda:0')
42
0.00910679530352354
100.0
numtestbatch 169
totalloss   384.0810489701107
averageloss 2.272668928817223
Per test accuracy of LMC = tensor([0.4400, 0.8788, 0.8200, 0.7400, 0.7600, 0.5054, 0.9688, 0.9896, 0.5783,
        0.8700], device='cuda:0')
Average accuracy of LMC = tensor(0.7551, device='cuda:0')
43
0.2636178731918335
88.88888888888889
numtestbatch 169
totalloss   294.4733319245279
averageloss 1.7424457510327094
Per test accuracy of LMC = tensor([0.4500, 0.8788, 0.8200, 0.7400, 0.7600, 0.5054, 0.9688, 0.9896, 0.5783,
        0.8700], device='cuda:0')
Average accuracy of LMC = tensor(0.7561, device='cuda:0')
44
0.30833953619003296
88.88888888888889
numtestbatch 169
totalloss   267.03711603349075
averageloss 1.580101278304679
Per test accuracy of LMC = tensor([0.4600, 0.8788, 0.8300, 0.7400, 0.7600, 0.5054, 0.9688, 0.9896, 0.5783,
        0.8700], device='cuda:0')
Average accuracy of LMC = tensor(0.7581, device='cuda:0')
45
0.04869662970304489
100.0
numtestbatch 169
totalloss   311.18131656292826
averageloss 1.841309565461114
Per test accuracy of LMC = tensor([0.4600, 0.8788, 0.8200, 0.7400, 0.7600, 0.5054, 0.9688, 0.9896, 0.5783,
        0.8700], device='cuda:0')
Average accuracy of LMC = tensor(0.7571, device='cuda:0')
46
0.14256563782691956
88.88888888888889
numtestbatch 169
totalloss   314.79312155628577
averageloss 1.8626811926407443
Per test accuracy of LMC = tensor([0.4600, 0.8788, 0.8200, 0.7400, 0.7600, 0.5054, 0.9688, 0.9896, 0.5783,
        0.8700], device='cuda:0')
Average accuracy of LMC = tensor(0.7571, device='cuda:0')
47
0.030764976516366005
100.0
numtestbatch 169
totalloss   308.07030642032623
averageloss 1.8229012214220488
Per test accuracy of LMC = tensor([0.4600, 0.8788, 0.8200, 0.7400, 0.7600, 0.5054, 0.9688, 0.9896, 0.5783,
        0.8700], device='cuda:0')
Average accuracy of LMC = tensor(0.7571, device='cuda:0')
48
0.07725726068019867
100.0
numtestbatch 169
totalloss   336.3496349262423
averageloss 1.9902345261907828
Per test accuracy of LMC = tensor([0.4600, 0.8788, 0.8200, 0.7400, 0.7600, 0.5054, 0.9688, 0.9896, 0.5783,
        0.8700], device='cuda:0')
Average accuracy of LMC = tensor(0.7571, device='cuda:0')
49
0.2611567974090576
88.88888888888889
numtestbatch 169
totalloss   339.2954985201359
averageloss 2.0076656717167802
Per test accuracy of LMC = tensor([0.4600, 0.8788, 0.8200, 0.7400, 0.7600, 0.5054, 0.9688, 0.9896, 0.5783,
        0.8700], device='cuda:0')
Average accuracy of LMC = tensor(0.7571, device='cuda:0')
Training and validating  MC
Learning rate:           0.001
numEpochs:               50
weightDecay:             1e-05
0
0.7731918692588806
77.77777777777779
numtestbatch 169
totalloss   156.50665033608675
averageloss 0.9260748540596849
Per test accuracy of MC = tensor([0.7800, 0.6364, 0.7500, 0.6600, 0.8000, 0.7849, 1.0000, 0.8438, 0.5783,
        0.6900], device='cuda:0')
Average accuracy of MC = tensor(0.7523, device='cuda:0')
1
1.1492245197296143
66.66666666666666
numtestbatch 169
totalloss   177.70113137736917
averageloss 1.0514859844814743
Per test accuracy of MC = tensor([0.6400, 0.6667, 0.8900, 0.6400, 0.8200, 0.7849, 1.0000, 0.9479, 0.5783,
        0.8000], device='cuda:0')
Average accuracy of MC = tensor(0.7768, device='cuda:0')
2
0.5916886329650879
77.77777777777779
numtestbatch 169
totalloss   169.24245194718242
averageloss 1.0014346269064047
Per test accuracy of MC = tensor([0.7900, 0.6667, 0.8500, 0.7300, 0.8200, 0.7849, 0.9688, 0.9167, 0.6024,
        0.7700], device='cuda:0')
Average accuracy of MC = tensor(0.7899, device='cuda:0')
3
0.29453882575035095
88.88888888888889
numtestbatch 169
totalloss   176.05200388468802
averageloss 1.0417278336372071
Per test accuracy of MC = tensor([0.7500, 0.6970, 0.8400, 0.7400, 0.8300, 0.7742, 0.9688, 0.9792, 0.6024,
        0.7400], device='cuda:0')
Average accuracy of MC = tensor(0.7921, device='cuda:0')
4
1.0320922136306763
66.66666666666666
numtestbatch 169
totalloss   178.97827563108876
averageloss 1.0590430510715312
Per test accuracy of MC = tensor([0.7400, 0.6970, 0.8400, 0.7300, 0.8400, 0.7742, 0.9688, 0.9896, 0.6145,
        0.7900], device='cuda:0')
Average accuracy of MC = tensor(0.7984, device='cuda:0')
5
0.08166570216417313
100.0
numtestbatch 169
totalloss   207.47074345871806
averageloss 1.2276375352586868
Per test accuracy of MC = tensor([0.6500, 0.6970, 0.8900, 0.7200, 0.8400, 0.7742, 0.9688, 0.9792, 0.6024,
        0.8100], device='cuda:0')
Average accuracy of MC = tensor(0.7931, device='cuda:0')
6
0.41446125507354736
88.88888888888889
numtestbatch 169
totalloss   198.057054663077
averageloss 1.1719352346927634
Per test accuracy of MC = tensor([0.6200, 0.6970, 0.8900, 0.7200, 0.8500, 0.7742, 0.9688, 0.9792, 0.6024,
        0.8400], device='cuda:0')
Average accuracy of MC = tensor(0.7941, device='cuda:0')
7
0.14057761430740356
88.88888888888889
numtestbatch 169
totalloss   225.83456325158477
averageloss 1.3362991908377797
Per test accuracy of MC = tensor([0.6200, 0.6970, 0.8900, 0.7300, 0.8400, 0.7742, 0.9688, 0.9688, 0.6024,
        0.8200], device='cuda:0')
Average accuracy of MC = tensor(0.7911, device='cuda:0')
8
0.39729076623916626
77.77777777777779
numtestbatch 169
totalloss   192.27862390317023
averageloss 1.1377433367051493
Per test accuracy of MC = tensor([0.6100, 0.6970, 0.8800, 0.7400, 0.8400, 0.7634, 0.9688, 0.9792, 0.6024,
        0.8200], device='cuda:0')
Average accuracy of MC = tensor(0.7901, device='cuda:0')
9
0.35768240690231323
88.88888888888889
numtestbatch 169
totalloss   203.82684744894505
averageloss 1.2060760204079588
Per test accuracy of MC = tensor([0.6100, 0.6970, 0.8600, 0.7300, 0.8400, 0.7634, 0.9688, 0.9792, 0.6145,
        0.8200], device='cuda:0')
Average accuracy of MC = tensor(0.7883, device='cuda:0')
10
0.0718822330236435
100.0
numtestbatch 169
totalloss   218.89522416703403
averageloss 1.2952380128226866
Per test accuracy of MC = tensor([0.6100, 0.7273, 0.8600, 0.7300, 0.8400, 0.7527, 0.9375, 0.9792, 0.6145,
        0.8300], device='cuda:0')
Average accuracy of MC = tensor(0.7881, device='cuda:0')
11
0.0340394452214241
100.0
numtestbatch 169
totalloss   223.08738689124584
averageloss 1.3200437094156559
Per test accuracy of MC = tensor([0.6100, 0.6970, 0.8700, 0.7100, 0.8400, 0.7419, 0.9688, 0.9792, 0.6145,
        0.8400], device='cuda:0')
Average accuracy of MC = tensor(0.7871, device='cuda:0')
12
0.4872033894062042
77.77777777777779
numtestbatch 169
totalloss   221.4383825622499
averageloss 1.3102862873505912
Per test accuracy of MC = tensor([0.6000, 0.6970, 0.8500, 0.7400, 0.8300, 0.7419, 0.9375, 0.9792, 0.6145,
        0.8500], device='cuda:0')
Average accuracy of MC = tensor(0.7840, device='cuda:0')
13
0.480791300535202
88.88888888888889
numtestbatch 169
totalloss   207.49379623495042
averageloss 1.2277739422186416
Per test accuracy of MC = tensor([0.6000, 0.6970, 0.8500, 0.7500, 0.8300, 0.7419, 0.9375, 0.9792, 0.6265,
        0.8500], device='cuda:0')
Average accuracy of MC = tensor(0.7862, device='cuda:0')
14
0.07533497363328934
100.0
numtestbatch 169
totalloss   217.77771167457104
averageloss 1.2886255128672843
Per test accuracy of MC = tensor([0.6100, 0.6970, 0.8500, 0.7400, 0.8300, 0.7419, 0.9375, 0.9792, 0.6145,
        0.8600], device='cuda:0')
Average accuracy of MC = tensor(0.7860, device='cuda:0')
15
0.17320860922336578
88.88888888888889
numtestbatch 169
totalloss   269.7563690729439
averageloss 1.5961915329759995
Per test accuracy of MC = tensor([0.6000, 0.7273, 0.8500, 0.7800, 0.8300, 0.7419, 0.9375, 0.9792, 0.6145,
        0.8600], device='cuda:0')
Average accuracy of MC = tensor(0.7920, device='cuda:0')
16
0.13400906324386597
88.88888888888889
numtestbatch 169
totalloss   284.9860435631126
averageloss 1.6863079500775895
Per test accuracy of MC = tensor([0.6000, 0.7273, 0.8600, 0.7600, 0.8300, 0.7527, 0.9375, 0.9792, 0.6024,
        0.8500], device='cuda:0')
Average accuracy of MC = tensor(0.7899, device='cuda:0')
17
0.10226909071207047
88.88888888888889
numtestbatch 169
totalloss   230.61240235622972
averageloss 1.364570428143371
Per test accuracy of MC = tensor([0.5900, 0.7273, 0.8600, 0.7600, 0.8300, 0.7527, 0.9375, 0.9792, 0.6024,
        0.8600], device='cuda:0')
Average accuracy of MC = tensor(0.7899, device='cuda:0')
18
0.3607279062271118
77.77777777777779
numtestbatch 169
totalloss   255.1010117168189
averageloss 1.5094734421113545
Per test accuracy of MC = tensor([0.5900, 0.7273, 0.8600, 0.7800, 0.8300, 0.7527, 0.9375, 0.9792, 0.6024,
        0.8600], device='cuda:0')
Average accuracy of MC = tensor(0.7919, device='cuda:0')
19
0.0035786097869277
100.0
numtestbatch 169
totalloss   263.6158400992863
averageloss 1.5598570420076112
Per test accuracy of MC = tensor([0.6000, 0.7273, 0.8600, 0.7700, 0.8300, 0.7634, 0.9375, 0.9792, 0.6024,
        0.8600], device='cuda:0')
Average accuracy of MC = tensor(0.7930, device='cuda:0')
20
0.21064920723438263
88.88888888888889
numtestbatch 169
totalloss   291.8874723240733
averageloss 1.7271448066513213
Per test accuracy of MC = tensor([0.6000, 0.7273, 0.8700, 0.7700, 0.8300, 0.7527, 0.9375, 0.9792, 0.6145,
        0.8600], device='cuda:0')
Average accuracy of MC = tensor(0.7941, device='cuda:0')
21
0.06523222476243973
100.0
numtestbatch 169
totalloss   232.28405564231798
averageloss 1.3744618677060236
Per test accuracy of MC = tensor([0.6000, 0.7273, 0.8700, 0.7700, 0.8200, 0.7527, 0.9375, 0.9792, 0.6024,
        0.8600], device='cuda:0')
Average accuracy of MC = tensor(0.7919, device='cuda:0')
22
0.03871099278330803
100.0
numtestbatch 169
totalloss   267.6401799181476
averageloss 1.5836697036576783
Per test accuracy of MC = tensor([0.6000, 0.7273, 0.8700, 0.7700, 0.8200, 0.7527, 0.9375, 0.9792, 0.5904,
        0.8600], device='cuda:0')
Average accuracy of MC = tensor(0.7907, device='cuda:0')
23
0.008166949264705181
100.0
numtestbatch 169
totalloss   286.12859526090324
averageloss 1.6930686110112618
Per test accuracy of MC = tensor([0.5700, 0.7273, 0.8700, 0.7700, 0.8200, 0.7527, 0.9375, 0.9792, 0.5904,
        0.8600], device='cuda:0')
Average accuracy of MC = tensor(0.7877, device='cuda:0')
24
0.0038127368316054344
100.0
numtestbatch 169
totalloss   266.13361631706357
averageloss 1.5747551261364707
Per test accuracy of MC = tensor([0.5800, 0.7273, 0.8700, 0.7800, 0.8200, 0.7527, 0.9375, 0.9792, 0.6024,
        0.8600], device='cuda:0')
Average accuracy of MC = tensor(0.7909, device='cuda:0')
25
0.22801245748996735
88.88888888888889
numtestbatch 169
totalloss   276.8550532385707
averageloss 1.6381955812933178
Per test accuracy of MC = tensor([0.6000, 0.7273, 0.8700, 0.7800, 0.8200, 0.7527, 0.9375, 0.9792, 0.6024,
        0.8600], device='cuda:0')
Average accuracy of MC = tensor(0.7929, device='cuda:0')
26
0.0007325808401219547
100.0
numtestbatch 169
totalloss   247.0214776135981
averageloss 1.4616655480094563
Per test accuracy of MC = tensor([0.6000, 0.7273, 0.8700, 0.7800, 0.8200, 0.7527, 0.9375, 0.9792, 0.6024,
        0.8600], device='cuda:0')
Average accuracy of MC = tensor(0.7929, device='cuda:0')
27
0.838280439376831
77.77777777777779
numtestbatch 169
totalloss   278.0392985753715
averageloss 1.6452029501501273
Per test accuracy of MC = tensor([0.5900, 0.7576, 0.8600, 0.7800, 0.8200, 0.7527, 0.9375, 0.9792, 0.6024,
        0.8600], device='cuda:0')
Average accuracy of MC = tensor(0.7939, device='cuda:0')
28
0.13417787849903107
88.88888888888889
numtestbatch 169
totalloss   265.15101752988994
averageloss 1.5689409321295262
Per test accuracy of MC = tensor([0.5900, 0.7576, 0.8600, 0.7700, 0.8200, 0.7527, 0.9375, 0.9792, 0.5904,
        0.8600], device='cuda:0')
Average accuracy of MC = tensor(0.7917, device='cuda:0')
29
0.05040717124938965
100.0
numtestbatch 169
totalloss   237.2609254885465
averageloss 1.4039108017073756
Per test accuracy of MC = tensor([0.6000, 0.7879, 0.8500, 0.7700, 0.8200, 0.7527, 0.9375, 0.9792, 0.5904,
        0.8600], device='cuda:0')
Average accuracy of MC = tensor(0.7948, device='cuda:0')
30
0.10632223635911942
88.88888888888889
numtestbatch 169
totalloss   275.8877739906311
averageloss 1.6324720354475213
Per test accuracy of MC = tensor([0.6000, 0.7879, 0.8600, 0.7800, 0.8200, 0.7527, 0.9375, 0.9792, 0.5904,
        0.8600], device='cuda:0')
Average accuracy of MC = tensor(0.7968, device='cuda:0')
31
0.01930035464465618
100.0
numtestbatch 169
totalloss   250.32605932932347
averageloss 1.4812192859723283
Per test accuracy of MC = tensor([0.5800, 0.7879, 0.8700, 0.7800, 0.8200, 0.7527, 0.9375, 0.9792, 0.5783,
        0.8600], device='cuda:0')
Average accuracy of MC = tensor(0.7946, device='cuda:0')
32
0.4484429359436035
66.66666666666666
numtestbatch 169
totalloss   271.9393501812592
averageloss 1.6091085809541965
Per test accuracy of MC = tensor([0.5700, 0.7879, 0.8700, 0.7900, 0.8200, 0.7527, 0.9375, 0.9792, 0.5783,
        0.8600], device='cuda:0')
Average accuracy of MC = tensor(0.7946, device='cuda:0')
33
0.010371830314397812
100.0
numtestbatch 169
totalloss   267.08511780016124
averageloss 1.5803853124269895
Per test accuracy of MC = tensor([0.5800, 0.7879, 0.8700, 0.7800, 0.8200, 0.7527, 0.9375, 0.9792, 0.5783,
        0.8600], device='cuda:0')
Average accuracy of MC = tensor(0.7946, device='cuda:0')
34
0.09938335418701172
88.88888888888889
numtestbatch 169
totalloss   254.342076622881
averageloss 1.5049827019105384
Per test accuracy of MC = tensor([0.5800, 0.7879, 0.8800, 0.7800, 0.8200, 0.7419, 0.9375, 0.9792, 0.5783,
        0.8600], device='cuda:0')
Average accuracy of MC = tensor(0.7945, device='cuda:0')
35
0.26443707942962646
88.88888888888889
numtestbatch 169
totalloss   259.0725241880864
averageloss 1.5329735159058366
Per test accuracy of MC = tensor([0.5800, 0.7879, 0.8800, 0.7800, 0.8200, 0.7419, 0.9375, 0.9792, 0.5783,
        0.8600], device='cuda:0')
Average accuracy of MC = tensor(0.7945, device='cuda:0')
36
0.01864543929696083
100.0
numtestbatch 169
totalloss   334.8734320104122
averageloss 1.981499597694747
Per test accuracy of MC = tensor([0.5700, 0.8182, 0.8800, 0.7800, 0.8200, 0.7419, 0.9375, 0.9792, 0.5783,
        0.8600], device='cuda:0')
Average accuracy of MC = tensor(0.7965, device='cuda:0')
37
0.0013754633255302906
100.0
numtestbatch 169
totalloss   268.64778861775994
averageloss 1.589631885312189
Per test accuracy of MC = tensor([0.5800, 0.8182, 0.8800, 0.7800, 0.8200, 0.7419, 0.9375, 0.9792, 0.5783,
        0.8600], device='cuda:0')
Average accuracy of MC = tensor(0.7975, device='cuda:0')
38
0.3438955545425415
88.88888888888889
numtestbatch 169
totalloss   257.73403797484934
averageloss 1.5250534791411203
Per test accuracy of MC = tensor([0.5800, 0.8182, 0.8800, 0.7800, 0.8200, 0.7419, 0.9375, 0.9792, 0.5783,
        0.8600], device='cuda:0')
Average accuracy of MC = tensor(0.7975, device='cuda:0')
39
0.01144509855657816
100.0
numtestbatch 169
totalloss   348.5370514774695
averageloss 2.062349417026447
Per test accuracy of MC = tensor([0.5700, 0.8182, 0.8800, 0.7800, 0.8200, 0.7312, 0.9375, 0.9792, 0.5783,
        0.8600], device='cuda:0')
Average accuracy of MC = tensor(0.7954, device='cuda:0')
40
0.018727116286754608
100.0
numtestbatch 169
totalloss   246.73126011248678
averageloss 1.4599482846892708
Per test accuracy of MC = tensor([0.5700, 0.8182, 0.8800, 0.7800, 0.8200, 0.7312, 0.9375, 0.9792, 0.5783,
        0.8600], device='cuda:0')
Average accuracy of MC = tensor(0.7954, device='cuda:0')
41
0.0014297696761786938
100.0
numtestbatch 169
totalloss   279.82710568327457
averageloss 1.6557816904335774
Per test accuracy of MC = tensor([0.5700, 0.8182, 0.8800, 0.7800, 0.8200, 0.7312, 0.9375, 0.9792, 0.5783,
        0.8700], device='cuda:0')
Average accuracy of MC = tensor(0.7964, device='cuda:0')
42
0.022568808868527412
100.0
numtestbatch 169
totalloss   286.8914912492037
averageloss 1.6975827884568264
Per test accuracy of MC = tensor([0.5700, 0.8485, 0.8800, 0.7800, 0.8200, 0.7312, 0.9375, 0.9792, 0.5783,
        0.8700], device='cuda:0')
Average accuracy of MC = tensor(0.7995, device='cuda:0')
43
0.022508885711431503
100.0
numtestbatch 169
totalloss   246.41589899826795
averageloss 1.4580822425933015
Per test accuracy of MC = tensor([0.5700, 0.8485, 0.9000, 0.7800, 0.8200, 0.7312, 0.9375, 0.9792, 0.5783,
        0.8600], device='cuda:0')
Average accuracy of MC = tensor(0.8005, device='cuda:0')
44
0.277495414018631
88.88888888888889
numtestbatch 169
totalloss   255.94271691702306
averageloss 1.5144539462545743
Per test accuracy of MC = tensor([0.5600, 0.8485, 0.9000, 0.7800, 0.8200, 0.7312, 0.9375, 0.9792, 0.5783,
        0.8700], device='cuda:0')
Average accuracy of MC = tensor(0.8005, device='cuda:0')
45
0.4443393349647522
88.88888888888889
numtestbatch 169
totalloss   280.54361796192825
averageloss 1.660021408058747
Per test accuracy of MC = tensor([0.5600, 0.8485, 0.9000, 0.7700, 0.8200, 0.7312, 0.9375, 0.9792, 0.5783,
        0.8700], device='cuda:0')
Average accuracy of MC = tensor(0.7995, device='cuda:0')
46
0.009413321502506733
100.0
numtestbatch 169
totalloss   271.06529982201755
averageloss 1.603936685337382
Per test accuracy of MC = tensor([0.5400, 0.8485, 0.9000, 0.7700, 0.8200, 0.7312, 0.9375, 0.9792, 0.5783,
        0.8700], device='cuda:0')
Average accuracy of MC = tensor(0.7975, device='cuda:0')
47
0.28250065445899963
88.88888888888889
numtestbatch 169
totalloss   298.5319237536751
averageloss 1.7664610872998525
Per test accuracy of MC = tensor([0.5400, 0.8485, 0.9000, 0.7700, 0.8200, 0.7312, 0.9375, 0.9792, 0.5783,
        0.8700], device='cuda:0')
Average accuracy of MC = tensor(0.7975, device='cuda:0')
48
0.3141461908817291
88.88888888888889
numtestbatch 169
totalloss   254.00929946824908
averageloss 1.5030136063210005
Per test accuracy of MC = tensor([0.5400, 0.8485, 0.8900, 0.7700, 0.8200, 0.7312, 0.9375, 0.9792, 0.5783,
        0.8700], device='cuda:0')
Average accuracy of MC = tensor(0.7965, device='cuda:0')
49
0.0019437471637502313
100.0
numtestbatch 169
totalloss   252.9516749707982
averageloss 1.4967554731999893
Per test accuracy of MC = tensor([0.5400, 0.8485, 0.8900, 0.7700, 0.8200, 0.7312, 0.9375, 0.9896, 0.5783,
        0.8700], device='cuda:0')
Average accuracy of MC = tensor(0.7975, device='cuda:0')
Accuracy per class for TSCNN: tensor([0.5500, 0.8788, 0.8400, 0.7400, 0.8000, 0.5161, 0.9688, 0.9896, 0.6145,
        0.8500], device='cuda:0')

Average accuracy for TSCNN: 0.7747707962989807
Training and validating  MLMC
Learning rate:           0.001
numEpochs:               50
weightDecay:             1e-05
0
0.6604791283607483
66.66666666666666
numtestbatch 169
totalloss   182.78411621972919
averageloss 1.08156281786822
Per test accuracy of MLMC = tensor([0.5300, 0.4848, 0.6200, 0.5400, 0.6300, 0.7312, 0.6250, 0.9167, 0.6506,
        0.6600], device='cuda:0')
Average accuracy of MLMC = tensor(0.6388, device='cuda:0')
1
1.6165333986282349
55.55555555555556
numtestbatch 169
totalloss   167.48929352592677
averageloss 0.9910609084374365
Per test accuracy of MLMC = tensor([0.7200, 0.6364, 0.6100, 0.6600, 0.7800, 0.7312, 0.8438, 0.9271, 0.6386,
        0.7900], device='cuda:0')
Average accuracy of MLMC = tensor(0.7337, device='cuda:0')
2
0.5000439882278442
88.88888888888889
numtestbatch 169
totalloss   154.24384061805904
averageloss 0.9126854474441364
Per test accuracy of MLMC = tensor([0.8500, 0.7273, 0.6900, 0.6800, 0.8200, 0.7312, 0.9375, 0.9479, 0.5904,
        0.7500], device='cuda:0')
Average accuracy of MLMC = tensor(0.7724, device='cuda:0')
3
0.7737118005752563
77.77777777777779
numtestbatch 169
totalloss   189.6576920618536
averageloss 1.1222348642713231
Per test accuracy of MLMC = tensor([0.7700, 0.7879, 0.7500, 0.6400, 0.8200, 0.7312, 0.9375, 0.9375, 0.5904,
        0.7500], device='cuda:0')
Average accuracy of MLMC = tensor(0.7714, device='cuda:0')
4
0.642598569393158
88.88888888888889
numtestbatch 169
totalloss   177.22019227594137
averageloss 1.0486401909819016
Per test accuracy of MLMC = tensor([0.7500, 0.7879, 0.7600, 0.7500, 0.8200, 0.7312, 0.9375, 0.9583, 0.5904,
        0.7600], device='cuda:0')
Average accuracy of MLMC = tensor(0.7845, device='cuda:0')
5
1.0670037269592285
55.55555555555556
numtestbatch 169
totalloss   165.8604283584864
averageloss 0.9814226530087952
Per test accuracy of MLMC = tensor([0.6700, 0.7879, 0.7600, 0.7500, 0.8100, 0.7312, 0.9375, 0.9583, 0.6024,
        0.7800], device='cuda:0')
Average accuracy of MLMC = tensor(0.7787, device='cuda:0')
6
0.26798543334007263
88.88888888888889
numtestbatch 169
totalloss   194.04097484471276
averageloss 1.1481714487852825
Per test accuracy of MLMC = tensor([0.6300, 0.7879, 0.8000, 0.7600, 0.7800, 0.7312, 0.9375, 0.9688, 0.6024,
        0.8000], device='cuda:0')
Average accuracy of MLMC = tensor(0.7798, device='cuda:0')
7
0.06756626069545746
100.0
numtestbatch 169
totalloss   170.19539166262257
averageloss 1.007073323447471
Per test accuracy of MLMC = tensor([0.5800, 0.7879, 0.8000, 0.7700, 0.7900, 0.7312, 0.9375, 0.9896, 0.5904,
        0.8600], device='cuda:0')
Average accuracy of MLMC = tensor(0.7837, device='cuda:0')
8
0.029421938583254814
100.0
numtestbatch 169
totalloss   208.17067096754909
averageloss 1.2317791181511781
Per test accuracy of MLMC = tensor([0.5700, 0.8182, 0.8300, 0.7700, 0.7800, 0.7204, 0.9375, 0.9896, 0.5783,
        0.8400], device='cuda:0')
Average accuracy of MLMC = tensor(0.7834, device='cuda:0')
9
0.13257110118865967
88.88888888888889
numtestbatch 169
totalloss   173.76178243364848
averageloss 1.0281762274180384
Per test accuracy of MLMC = tensor([0.5600, 0.8182, 0.8300, 0.7700, 0.8000, 0.7204, 0.9375, 0.9896, 0.5783,
        0.8400], device='cuda:0')
Average accuracy of MLMC = tensor(0.7844, device='cuda:0')
10
0.1869359016418457
88.88888888888889
numtestbatch 169
totalloss   204.28418805170804
averageloss 1.2087821778207577
Per test accuracy of MLMC = tensor([0.5300, 0.8485, 0.8200, 0.8000, 0.8100, 0.7312, 0.9375, 0.9896, 0.5783,
        0.8500], device='cuda:0')
Average accuracy of MLMC = tensor(0.7895, device='cuda:0')
11
0.07160944491624832
100.0
numtestbatch 169
totalloss   184.31626580870943
averageloss 1.0906287917675115
Per test accuracy of MLMC = tensor([0.5100, 0.8182, 0.8400, 0.7800, 0.8200, 0.7204, 0.9375, 0.9896, 0.5663,
        0.8500], device='cuda:0')
Average accuracy of MLMC = tensor(0.7832, device='cuda:0')
12
0.9787152409553528
77.77777777777779
numtestbatch 169
totalloss   186.3644702155143
averageloss 1.1027483444704989
Per test accuracy of MLMC = tensor([0.4800, 0.8182, 0.8500, 0.7900, 0.8200, 0.7097, 0.9375, 0.9896, 0.5422,
        0.8700], device='cuda:0')
Average accuracy of MLMC = tensor(0.7807, device='cuda:0')
13
0.002335495315492153
100.0
numtestbatch 169
totalloss   225.88240723288618
averageloss 1.3365822913188532
Per test accuracy of MLMC = tensor([0.4400, 0.8182, 0.8500, 0.7900, 0.8300, 0.7204, 0.9375, 0.9896, 0.5663,
        0.8900], device='cuda:0')
Average accuracy of MLMC = tensor(0.7832, device='cuda:0')
14
0.016047107055783272
100.0
numtestbatch 169
totalloss   215.85695040314022
averageloss 1.2772600615570426
Per test accuracy of MLMC = tensor([0.4300, 0.8182, 0.8400, 0.8000, 0.8300, 0.7204, 0.9375, 0.9896, 0.5783,
        0.9000], device='cuda:0')
Average accuracy of MLMC = tensor(0.7844, device='cuda:0')
15
0.19676940143108368
88.88888888888889
numtestbatch 169
totalloss   205.64535712637007
averageloss 1.2168364327004146
Per test accuracy of MLMC = tensor([0.4300, 0.8182, 0.8400, 0.8100, 0.8300, 0.7204, 0.9688, 0.9896, 0.5783,
        0.8900], device='cuda:0')
Average accuracy of MLMC = tensor(0.7875, device='cuda:0')
16
0.3427012264728546
88.88888888888889
numtestbatch 169
totalloss   212.29625313170254
averageloss 1.256190846933151
Per test accuracy of MLMC = tensor([0.4300, 0.8485, 0.8400, 0.8100, 0.8300, 0.7312, 0.9688, 0.9896, 0.5783,
        0.9000], device='cuda:0')
Average accuracy of MLMC = tensor(0.7926, device='cuda:0')
17
0.04478465020656586
100.0
numtestbatch 169
totalloss   226.66412408591714
averageloss 1.341207834827912
Per test accuracy of MLMC = tensor([0.4300, 0.8788, 0.8500, 0.8100, 0.8200, 0.7312, 0.9688, 0.9896, 0.5783,
        0.8800], device='cuda:0')
Average accuracy of MLMC = tensor(0.7937, device='cuda:0')
18
0.0031994979362934828
100.0
numtestbatch 169
totalloss   219.2215586542152
averageloss 1.2971689861196165
Per test accuracy of MLMC = tensor([0.4200, 0.8788, 0.8300, 0.8100, 0.8200, 0.7312, 0.9688, 0.9896, 0.5783,
        0.8800], device='cuda:0')
Average accuracy of MLMC = tensor(0.7907, device='cuda:0')
19
0.21502786874771118
88.88888888888889
numtestbatch 169
totalloss   215.8031959598302
averageloss 1.2769419879279893
Per test accuracy of MLMC = tensor([0.4100, 0.8788, 0.8400, 0.8100, 0.8300, 0.7204, 0.9688, 0.9896, 0.5904,
        0.8800], device='cuda:0')
Average accuracy of MLMC = tensor(0.7918, device='cuda:0')
20
0.3275938630104065
88.88888888888889
numtestbatch 169
totalloss   227.2742016662378
averageloss 1.3448177613386851
Per test accuracy of MLMC = tensor([0.4000, 0.8788, 0.8600, 0.8100, 0.8300, 0.7097, 0.9688, 0.9896, 0.5904,
        0.8800], device='cuda:0')
Average accuracy of MLMC = tensor(0.7917, device='cuda:0')
21
0.0002677705488167703
100.0
numtestbatch 169
totalloss   236.60857548518106
averageloss 1.4000507425158644
Per test accuracy of MLMC = tensor([0.4000, 0.8788, 0.8400, 0.8200, 0.8300, 0.7097, 0.9688, 0.9896, 0.5783,
        0.8800], device='cuda:0')
Average accuracy of MLMC = tensor(0.7895, device='cuda:0')
22
0.12014012783765793
88.88888888888889
numtestbatch 169
totalloss   261.2863386576064
averageloss 1.546073009808322
Per test accuracy of MLMC = tensor([0.4000, 0.8788, 0.8500, 0.8100, 0.8300, 0.7097, 0.9688, 0.9896, 0.5783,
        0.8700], device='cuda:0')
Average accuracy of MLMC = tensor(0.7885, device='cuda:0')
23
0.011732286773622036
100.0
numtestbatch 169
totalloss   218.00230389647186
averageloss 1.289954460925869
Per test accuracy of MLMC = tensor([0.4100, 0.8788, 0.8500, 0.8200, 0.8300, 0.7097, 0.9688, 0.9896, 0.5783,
        0.8700], device='cuda:0')
Average accuracy of MLMC = tensor(0.7905, device='cuda:0')
24
0.03946186974644661
100.0
numtestbatch 169
totalloss   206.77308166306466
averageloss 1.2235093589530452
Per test accuracy of MLMC = tensor([0.4400, 0.8788, 0.8400, 0.8300, 0.8300, 0.7097, 0.9688, 0.9896, 0.5783,
        0.8700], device='cuda:0')
Average accuracy of MLMC = tensor(0.7935, device='cuda:0')
25
0.002981980564072728
100.0
numtestbatch 169
totalloss   245.77788472967222
averageloss 1.4543070102347468
Per test accuracy of MLMC = tensor([0.4300, 0.8788, 0.8400, 0.8300, 0.8300, 0.7097, 0.9688, 0.9896, 0.5783,
        0.8700], device='cuda:0')
Average accuracy of MLMC = tensor(0.7925, device='cuda:0')
26
0.060244426131248474
100.0
numtestbatch 169
totalloss   224.73136497475207
averageloss 1.3297713903831483
Per test accuracy of MLMC = tensor([0.4300, 0.8788, 0.8500, 0.8200, 0.8300, 0.7097, 0.9688, 0.9896, 0.5783,
        0.8700], device='cuda:0')
Average accuracy of MLMC = tensor(0.7925, device='cuda:0')
27
0.06101483851671219
100.0
numtestbatch 169
totalloss   219.78509971592575
averageloss 1.3005035486149452
Per test accuracy of MLMC = tensor([0.4300, 0.8788, 0.8400, 0.8200, 0.8300, 0.7097, 0.9688, 0.9896, 0.5783,
        0.8700], device='cuda:0')
Average accuracy of MLMC = tensor(0.7915, device='cuda:0')
28
0.2830325961112976
77.77777777777779
numtestbatch 169
totalloss   245.89717510528862
averageloss 1.4550128704454948
Per test accuracy of MLMC = tensor([0.4500, 0.8788, 0.8400, 0.8200, 0.8300, 0.7097, 0.9688, 0.9896, 0.5783,
        0.8700], device='cuda:0')
Average accuracy of MLMC = tensor(0.7935, device='cuda:0')
29
0.00019174152112100273
100.0
numtestbatch 169
totalloss   219.72114490816602
averageloss 1.300125117799799
Per test accuracy of MLMC = tensor([0.4500, 0.8788, 0.8300, 0.8300, 0.8300, 0.7097, 0.9688, 0.9896, 0.5783,
        0.8700], device='cuda:0')
Average accuracy of MLMC = tensor(0.7935, device='cuda:0')
30
0.004646354354918003
100.0
numtestbatch 169
totalloss   212.15002276096493
averageloss 1.2553255784672481
Per test accuracy of MLMC = tensor([0.4500, 0.8788, 0.8300, 0.8300, 0.8300, 0.7097, 0.9688, 0.9896, 0.5783,
        0.8700], device='cuda:0')
Average accuracy of MLMC = tensor(0.7935, device='cuda:0')
31
0.0007314152317121625
100.0
numtestbatch 169
totalloss   237.75103502208367
averageloss 1.4068108581188383
Per test accuracy of MLMC = tensor([0.4500, 0.8788, 0.8300, 0.8300, 0.8300, 0.7097, 0.9688, 0.9896, 0.5783,
        0.8700], device='cuda:0')
Average accuracy of MLMC = tensor(0.7935, device='cuda:0')
32
0.12491700053215027
88.88888888888889
numtestbatch 169
totalloss   228.28286428796127
averageloss 1.3507861792187057
Per test accuracy of MLMC = tensor([0.4500, 0.8788, 0.8300, 0.8300, 0.8300, 0.7097, 0.9688, 0.9896, 0.5783,
        0.8700], device='cuda:0')
Average accuracy of MLMC = tensor(0.7935, device='cuda:0')
33
0.0038989915046840906
100.0
numtestbatch 169
totalloss   221.57105566142127
averageloss 1.3110713352746821
Per test accuracy of MLMC = tensor([0.4500, 0.8788, 0.8300, 0.8300, 0.8300, 0.7097, 0.9688, 0.9896, 0.5783,
        0.8800], device='cuda:0')
Average accuracy of MLMC = tensor(0.7945, device='cuda:0')
34
0.019513104110956192
100.0
numtestbatch 169
totalloss   250.6320558898151
averageloss 1.4830299165077816
Per test accuracy of MLMC = tensor([0.4500, 0.8788, 0.8300, 0.8300, 0.8200, 0.7097, 0.9688, 0.9896, 0.5783,
        0.8600], device='cuda:0')
Average accuracy of MLMC = tensor(0.7915, device='cuda:0')
35
0.00845689233392477
100.0
numtestbatch 169
totalloss   259.68980935192667
averageloss 1.5366260908398028
Per test accuracy of MLMC = tensor([0.4500, 0.8788, 0.8300, 0.8300, 0.8200, 0.7097, 0.9688, 0.9896, 0.5783,
        0.8600], device='cuda:0')
Average accuracy of MLMC = tensor(0.7915, device='cuda:0')
36
0.007238971069455147
100.0
numtestbatch 169
totalloss   217.1993967947201
averageloss 1.2852035313297046
Per test accuracy of MLMC = tensor([0.4400, 0.8788, 0.8300, 0.8300, 0.8200, 0.7097, 0.9688, 0.9896, 0.5783,
        0.8600], device='cuda:0')
Average accuracy of MLMC = tensor(0.7905, device='cuda:0')
37
0.0390632301568985
100.0
numtestbatch 169
totalloss   221.20404093991965
averageloss 1.308899650532069
Per test accuracy of MLMC = tensor([0.4500, 0.8788, 0.8300, 0.8300, 0.8200, 0.7097, 0.9688, 0.9896, 0.5663,
        0.8600], device='cuda:0')
Average accuracy of MLMC = tensor(0.7903, device='cuda:0')
38
0.25240927934646606
88.88888888888889
numtestbatch 169
totalloss   250.2992806241382
averageloss 1.4810608320954923
Per test accuracy of MLMC = tensor([0.4500, 0.8788, 0.8300, 0.8300, 0.8200, 0.7097, 0.9688, 0.9896, 0.5663,
        0.8700], device='cuda:0')
Average accuracy of MLMC = tensor(0.7913, device='cuda:0')
39
0.006567266304045916
100.0
numtestbatch 169
totalloss   226.9718697955832
averageloss 1.3430288153584804
Per test accuracy of MLMC = tensor([0.4500, 0.8788, 0.8300, 0.8300, 0.8200, 0.7097, 0.9688, 0.9896, 0.5783,
        0.8600], device='cuda:0')
Average accuracy of MLMC = tensor(0.7915, device='cuda:0')
40
1.3161078691482544
88.88888888888889
numtestbatch 169
totalloss   240.0727492088481
averageloss 1.4205488118866751
Per test accuracy of MLMC = tensor([0.4500, 0.8788, 0.8400, 0.8300, 0.8200, 0.7097, 0.9688, 0.9896, 0.5663,
        0.8600], device='cuda:0')
Average accuracy of MLMC = tensor(0.7913, device='cuda:0')
41
0.0335608571767807
100.0
numtestbatch 169
totalloss   258.0770136679057
averageloss 1.5270829211118682
Per test accuracy of MLMC = tensor([0.4500, 0.8788, 0.8300, 0.8300, 0.8200, 0.7097, 0.9688, 0.9896, 0.5783,
        0.8600], device='cuda:0')
Average accuracy of MLMC = tensor(0.7915, device='cuda:0')
42
0.017827173694968224
100.0
numtestbatch 169
totalloss   257.8979582809843
averageloss 1.5260234217809723
Per test accuracy of MLMC = tensor([0.4500, 0.8788, 0.8300, 0.8300, 0.8200, 0.7097, 0.9688, 0.9896, 0.5783,
        0.8600], device='cuda:0')
Average accuracy of MLMC = tensor(0.7915, device='cuda:0')
43
0.007280323188751936
100.0
numtestbatch 169
totalloss   215.23181578030926
averageloss 1.2735610401201731
Per test accuracy of MLMC = tensor([0.4500, 0.8788, 0.8300, 0.8300, 0.8200, 0.7097, 0.9688, 0.9896, 0.5904,
        0.8700], device='cuda:0')
Average accuracy of MLMC = tensor(0.7937, device='cuda:0')
44
0.2705880403518677
88.88888888888889
numtestbatch 169
totalloss   248.93923841271317
averageloss 1.4730132450456401
Per test accuracy of MLMC = tensor([0.4500, 0.8788, 0.8300, 0.8300, 0.8200, 0.7097, 0.9688, 0.9896, 0.6024,
        0.8700], device='cuda:0')
Average accuracy of MLMC = tensor(0.7949, device='cuda:0')
45
0.04235827922821045
100.0
numtestbatch 169
totalloss   215.74245088966563
averageloss 1.276582549642992
Per test accuracy of MLMC = tensor([0.4500, 0.8788, 0.8300, 0.8300, 0.8200, 0.7097, 0.9688, 0.9896, 0.5904,
        0.8600], device='cuda:0')
Average accuracy of MLMC = tensor(0.7927, device='cuda:0')
46
0.0002698368625715375
100.0
numtestbatch 169
totalloss   257.31619446945297
averageloss 1.522581032363627
Per test accuracy of MLMC = tensor([0.4500, 0.8788, 0.8300, 0.8200, 0.8200, 0.7097, 0.9688, 0.9896, 0.6024,
        0.8700], device='cuda:0')
Average accuracy of MLMC = tensor(0.7939, device='cuda:0')
47
0.0005626943311654031
100.0
numtestbatch 169
totalloss   233.66655585332774
averageloss 1.382642342327383
Per test accuracy of MLMC = tensor([0.4500, 0.8788, 0.8300, 0.8200, 0.8200, 0.7097, 0.9688, 0.9896, 0.5904,
        0.8600], device='cuda:0')
Average accuracy of MLMC = tensor(0.7917, device='cuda:0')
48
0.24452945590019226
88.88888888888889
numtestbatch 169
totalloss   246.1040203687735
averageloss 1.4562368069158194
Per test accuracy of MLMC = tensor([0.4500, 0.8788, 0.8300, 0.8200, 0.8200, 0.7097, 0.9688, 0.9896, 0.5904,
        0.8600], device='cuda:0')
Average accuracy of MLMC = tensor(0.7917, device='cuda:0')
49
0.007979976013302803
100.0
numtestbatch 169
totalloss   236.49913823226234
averageloss 1.399403184806286
Per test accuracy of MLMC = tensor([0.4500, 0.8788, 0.8300, 0.8200, 0.8200, 0.6989, 0.9688, 0.9896, 0.5904,
        0.8600], device='cuda:0')
Average accuracy of MLMC = tensor(0.7906, device='cuda:0')
79050
50
