cuda is available:  True
Training and validating  LMC
Learning rate:           0.001
numEpochs:               50
weightDecay:             1e-05
0
1.4780848026275635
44.44444444444444
numtestbatch 169
totalloss   191.4041303731501
averageloss 1.132568818776036
Per test accuracy of LMC = tensor([0.4900, 0.9091, 0.8800, 0.5600, 0.6900, 0.5699, 0.6562, 0.9792, 0.4819,
        0.7600], device='cuda:0')
Average accuracy of LMC = tensor(0.6976, device='cuda:0')
1
0.11112603545188904
100.0
numtestbatch 169
totalloss   190.59277822822332
averageloss 1.1277679185101972
Per test accuracy of LMC = tensor([0.4800, 0.9394, 0.8500, 0.5700, 0.8200, 0.5376, 0.9375, 0.9062, 0.5542,
        0.8200], device='cuda:0')
Average accuracy of LMC = tensor(0.7415, device='cuda:0')
2
0.2369949221611023
100.0
numtestbatch 169
totalloss   167.93373366445303
averageloss 0.9936907317423256
Per test accuracy of LMC = tensor([0.4900, 0.9091, 0.8600, 0.6000, 0.8200, 0.5484, 0.9688, 0.9792, 0.5663,
        0.8000], device='cuda:0')
Average accuracy of LMC = tensor(0.7542, device='cuda:0')
3
0.23679320514202118
88.88888888888889
numtestbatch 169
totalloss   196.43707620259374
averageloss 1.1623495633289571
Per test accuracy of LMC = tensor([0.5200, 0.9091, 0.7700, 0.6900, 0.8000, 0.5269, 0.9688, 0.9896, 0.5663,
        0.8100], device='cuda:0')
Average accuracy of LMC = tensor(0.7551, device='cuda:0')
4
0.5935404300689697
88.88888888888889
numtestbatch 169
totalloss   197.0305493697524
averageloss 1.1658612388742746
Per test accuracy of LMC = tensor([0.5200, 0.8788, 0.7900, 0.7100, 0.8000, 0.5269, 0.9688, 0.9896, 0.5783,
        0.8100], device='cuda:0')
Average accuracy of LMC = tensor(0.7572, device='cuda:0')
5
0.7613253593444824
66.66666666666666
numtestbatch 169
totalloss   209.79063580185175
averageloss 1.2413647088866968
Per test accuracy of LMC = tensor([0.5400, 0.8485, 0.8400, 0.7300, 0.8000, 0.5269, 0.9688, 0.9896, 0.5422,
        0.8200], device='cuda:0')
Average accuracy of LMC = tensor(0.7606, device='cuda:0')
6
0.02499760501086712
100.0
numtestbatch 169
totalloss   205.49616176076233
averageloss 1.2159536198861676
Per test accuracy of LMC = tensor([0.5200, 0.9091, 0.8100, 0.7300, 0.8000, 0.5269, 0.9688, 0.9896, 0.5663,
        0.8300], device='cuda:0')
Average accuracy of LMC = tensor(0.7651, device='cuda:0')
7
0.024406353011727333
100.0
numtestbatch 169
totalloss   210.55747547745705
averageloss 1.2459022217601008
Per test accuracy of LMC = tensor([0.5200, 0.9091, 0.8100, 0.7300, 0.8000, 0.5376, 0.9688, 0.9896, 0.5663,
        0.8200], device='cuda:0')
Average accuracy of LMC = tensor(0.7651, device='cuda:0')
8
0.04924170300364494
100.0
numtestbatch 169
totalloss   220.67558783106506
averageloss 1.3057727090595566
Per test accuracy of LMC = tensor([0.5400, 0.9394, 0.8200, 0.7400, 0.8000, 0.5269, 0.9688, 0.9896, 0.5663,
        0.8300], device='cuda:0')
Average accuracy of LMC = tensor(0.7721, device='cuda:0')
9
0.17188484966754913
88.88888888888889
numtestbatch 169
totalloss   202.05206144973636
averageloss 1.195574328104949
Per test accuracy of LMC = tensor([0.5800, 0.9394, 0.8300, 0.7400, 0.8000, 0.5806, 0.9688, 0.9896, 0.5542,
        0.8400], device='cuda:0')
Average accuracy of LMC = tensor(0.7823, device='cuda:0')
10
0.10793010145425797
88.88888888888889
numtestbatch 169
totalloss   214.69097217917442
averageloss 1.2703607821252925
Per test accuracy of LMC = tensor([0.5700, 0.9394, 0.8500, 0.7400, 0.8000, 0.6129, 0.9688, 0.9896, 0.5663,
        0.8500], device='cuda:0')
Average accuracy of LMC = tensor(0.7887, device='cuda:0')
11
0.2133338898420334
88.88888888888889
numtestbatch 169
totalloss   225.73146782862023
averageloss 1.335689158749232
Per test accuracy of LMC = tensor([0.5700, 0.9394, 0.8500, 0.7400, 0.8000, 0.5914, 0.9688, 0.9896, 0.5663,
        0.8600], device='cuda:0')
Average accuracy of LMC = tensor(0.7875, device='cuda:0')
12
0.08924467116594315
88.88888888888889
numtestbatch 169
totalloss   260.5562107115984
averageloss 1.5417527261041326
Per test accuracy of LMC = tensor([0.5700, 0.9394, 0.8600, 0.7500, 0.8000, 0.5699, 0.9688, 0.9896, 0.5663,
        0.8500], device='cuda:0')
Average accuracy of LMC = tensor(0.7864, device='cuda:0')
13
0.18833817541599274
88.88888888888889
numtestbatch 169
totalloss   229.71770348749124
averageloss 1.3592763519969895
Per test accuracy of LMC = tensor([0.5600, 0.9394, 0.8600, 0.7500, 0.8000, 0.5699, 0.9688, 0.9896, 0.5783,
        0.8700], device='cuda:0')
Average accuracy of LMC = tensor(0.7886, device='cuda:0')
14
7.152557373046875e-05
100.0
numtestbatch 169
totalloss   256.44558703899384
averageloss 1.5174295091064725
Per test accuracy of LMC = tensor([0.5700, 0.9394, 0.8700, 0.7700, 0.8000, 0.5699, 0.9688, 0.9896, 0.5663,
        0.8700], device='cuda:0')
Average accuracy of LMC = tensor(0.7914, device='cuda:0')
15
0.2809581458568573
88.88888888888889
numtestbatch 169
totalloss   270.34681627806276
averageloss 1.5996853034204896
Per test accuracy of LMC = tensor([0.5700, 0.9394, 0.8600, 0.7700, 0.8000, 0.5591, 0.9688, 0.9896, 0.5783,
        0.8700], device='cuda:0')
Average accuracy of LMC = tensor(0.7905, device='cuda:0')
16
0.08548460900783539
100.0
numtestbatch 169
totalloss   262.3957966994494
averageloss 1.5526378502926002
Per test accuracy of LMC = tensor([0.5600, 0.9394, 0.8600, 0.7700, 0.8000, 0.5484, 0.9688, 0.9896, 0.5904,
        0.8600], device='cuda:0')
Average accuracy of LMC = tensor(0.7886, device='cuda:0')
17
0.18044546246528625
88.88888888888889
numtestbatch 169
totalloss   239.78732583369128
averageloss 1.418859916175688
Per test accuracy of LMC = tensor([0.5600, 0.9394, 0.8500, 0.7700, 0.8000, 0.5484, 0.9688, 0.9896, 0.5904,
        0.8700], device='cuda:0')
Average accuracy of LMC = tensor(0.7886, device='cuda:0')
18
0.03696412593126297
100.0
numtestbatch 169
totalloss   247.42693977209274
averageloss 1.464064732379247
Per test accuracy of LMC = tensor([0.5600, 0.9394, 0.8500, 0.7700, 0.8000, 0.5484, 0.9688, 0.9896, 0.5904,
        0.8700], device='cuda:0')
Average accuracy of LMC = tensor(0.7886, device='cuda:0')
19
0.08729830384254456
100.0
numtestbatch 169
totalloss   265.30489160414436
averageloss 1.5698514296103216
Per test accuracy of LMC = tensor([0.5700, 0.9394, 0.8500, 0.7700, 0.8000, 0.5484, 0.9688, 0.9896, 0.5904,
        0.8700], device='cuda:0')
Average accuracy of LMC = tensor(0.7896, device='cuda:0')
20
0.0005984836025163531
100.0
numtestbatch 169
totalloss   245.46130925428588
averageloss 1.4524337825697389
Per test accuracy of LMC = tensor([0.5700, 0.9394, 0.8500, 0.7700, 0.8000, 0.5484, 0.9688, 0.9896, 0.5904,
        0.8700], device='cuda:0')
Average accuracy of LMC = tensor(0.7896, device='cuda:0')
21
0.11037734150886536
88.88888888888889
numtestbatch 169
totalloss   259.2719050971791
averageloss 1.534153284598693
Per test accuracy of LMC = tensor([0.5700, 0.9394, 0.8500, 0.7700, 0.8000, 0.5484, 0.9688, 0.9896, 0.5904,
        0.8700], device='cuda:0')
Average accuracy of LMC = tensor(0.7896, device='cuda:0')
22
0.0011543697910383344
100.0
numtestbatch 169
totalloss   257.2957147397101
averageloss 1.5224598505308289
Per test accuracy of LMC = tensor([0.5700, 0.9394, 0.8500, 0.7700, 0.8000, 0.5484, 0.9688, 0.9896, 0.5904,
        0.8700], device='cuda:0')
Average accuracy of LMC = tensor(0.7896, device='cuda:0')
23
0.0036316977348178625
100.0
numtestbatch 169
totalloss   231.88778373226523
averageloss 1.3721170635045281
Per test accuracy of LMC = tensor([0.5600, 0.9394, 0.8500, 0.7700, 0.8000, 0.5484, 0.9688, 0.9896, 0.5904,
        0.8700], device='cuda:0')
Average accuracy of LMC = tensor(0.7886, device='cuda:0')
24
0.13950712978839874
88.88888888888889
numtestbatch 169
totalloss   275.67555980570614
averageloss 1.631216330211279
Per test accuracy of LMC = tensor([0.5600, 0.9394, 0.8500, 0.7700, 0.8000, 0.5591, 0.9688, 0.9896, 0.6024,
        0.8700], device='cuda:0')
Average accuracy of LMC = tensor(0.7909, device='cuda:0')
25
0.09686313569545746
100.0
numtestbatch 169
totalloss   232.6169039187953
averageloss 1.3764313841348834
Per test accuracy of LMC = tensor([0.5600, 0.9394, 0.8500, 0.7700, 0.8000, 0.5591, 0.9688, 0.9896, 0.6265,
        0.8700], device='cuda:0')
Average accuracy of LMC = tensor(0.7933, device='cuda:0')
26
0.004967874847352505
100.0
numtestbatch 169
totalloss   231.1120211686939
averageloss 1.3675267524774788
Per test accuracy of LMC = tensor([0.5600, 0.9394, 0.8500, 0.7700, 0.8000, 0.5806, 0.9688, 0.9896, 0.6145,
        0.8700], device='cuda:0')
Average accuracy of LMC = tensor(0.7943, device='cuda:0')
27
0.16767175495624542
88.88888888888889
numtestbatch 169
totalloss   247.83394302916713
averageloss 1.466473035675545
Per test accuracy of LMC = tensor([0.5500, 0.9394, 0.8500, 0.7700, 0.8000, 0.5806, 0.9688, 0.9896, 0.6145,
        0.8700], device='cuda:0')
Average accuracy of LMC = tensor(0.7933, device='cuda:0')
28
0.0541946105659008
100.0
numtestbatch 169
totalloss   269.55586470056005
averageloss 1.5950051165713612
Per test accuracy of LMC = tensor([0.5500, 0.9394, 0.8500, 0.7700, 0.8000, 0.5914, 0.9688, 0.9896, 0.6145,
        0.8700], device='cuda:0')
Average accuracy of LMC = tensor(0.7944, device='cuda:0')
29
0.41798511147499084
88.88888888888889
numtestbatch 169
totalloss   241.39135223114863
averageloss 1.4283511966340157
Per test accuracy of LMC = tensor([0.5600, 0.9394, 0.8600, 0.7700, 0.8000, 0.5914, 0.9688, 0.9896, 0.6145,
        0.8700], device='cuda:0')
Average accuracy of LMC = tensor(0.7964, device='cuda:0')
30
0.00026067098951898515
100.0
numtestbatch 169
totalloss   246.4930937953759
averageloss 1.4585390165406857
Per test accuracy of LMC = tensor([0.5700, 0.9394, 0.8600, 0.7700, 0.7900, 0.5914, 0.9688, 0.9896, 0.6145,
        0.8700], device='cuda:0')
Average accuracy of LMC = tensor(0.7964, device='cuda:0')
31
0.050220489501953125
100.0
numtestbatch 169
totalloss   246.0972754950635
averageloss 1.456196896420494
Per test accuracy of LMC = tensor([0.5700, 0.9091, 0.8600, 0.7700, 0.7900, 0.5914, 0.9688, 0.9896, 0.6145,
        0.8700], device='cuda:0')
Average accuracy of LMC = tensor(0.7933, device='cuda:0')
32
0.6637146472930908
88.88888888888889
numtestbatch 169
totalloss   246.53926685266197
averageloss 1.458812229897408
Per test accuracy of LMC = tensor([0.5700, 0.9091, 0.8600, 0.7700, 0.8000, 0.5806, 0.9688, 0.9896, 0.6024,
        0.8700], device='cuda:0')
Average accuracy of LMC = tensor(0.7920, device='cuda:0')
33
0.0015373759670183063
100.0
numtestbatch 169
totalloss   253.08833992108703
averageloss 1.4975641415448937
Per test accuracy of LMC = tensor([0.5700, 0.9091, 0.8600, 0.7700, 0.8000, 0.5806, 0.9688, 0.9896, 0.6024,
        0.8700], device='cuda:0')
Average accuracy of LMC = tensor(0.7920, device='cuda:0')
34
0.006120734848082066
100.0
numtestbatch 169
totalloss   231.1491622272879
averageloss 1.3677465220549578
Per test accuracy of LMC = tensor([0.5700, 0.9091, 0.8600, 0.7700, 0.8000, 0.5914, 0.9688, 0.9896, 0.6024,
        0.8700], device='cuda:0')
Average accuracy of LMC = tensor(0.7931, device='cuda:0')
35
0.7386443614959717
88.88888888888889
numtestbatch 169
totalloss   253.54420010349713
averageloss 1.5002615390739475
Per test accuracy of LMC = tensor([0.5700, 0.9091, 0.8600, 0.7700, 0.8000, 0.5914, 0.9688, 0.9896, 0.6024,
        0.8700], device='cuda:0')
Average accuracy of LMC = tensor(0.7931, device='cuda:0')
36
0.06393125653266907
100.0
numtestbatch 169
totalloss   220.5971000444988
averageloss 1.3053082842869752
Per test accuracy of LMC = tensor([0.5700, 0.9697, 0.8600, 0.7800, 0.7900, 0.5914, 0.9688, 0.9896, 0.6024,
        0.8700], device='cuda:0')
Average accuracy of LMC = tensor(0.7992, device='cuda:0')
37
0.0020574992522597313
100.0
numtestbatch 169
totalloss   255.3503028179839
averageloss 1.5109485373845202
Per test accuracy of LMC = tensor([0.5600, 0.9394, 0.8600, 0.7800, 0.7900, 0.6022, 0.9688, 0.9896, 0.6024,
        0.8700], device='cuda:0')
Average accuracy of LMC = tensor(0.7962, device='cuda:0')
38
0.5962859392166138
88.88888888888889
numtestbatch 169
totalloss   288.79108885885216
averageloss 1.7088230109991251
Per test accuracy of LMC = tensor([0.5500, 0.9394, 0.8600, 0.7800, 0.7900, 0.6022, 0.9688, 0.9896, 0.6024,
        0.8700], device='cuda:0')
Average accuracy of LMC = tensor(0.7952, device='cuda:0')
39
0.1291230022907257
88.88888888888889
numtestbatch 169
totalloss   281.7119610151276
averageloss 1.6669346805628853
Per test accuracy of LMC = tensor([0.5500, 0.9697, 0.8600, 0.7700, 0.7900, 0.5914, 0.9688, 0.9896, 0.6024,
        0.8700], device='cuda:0')
Average accuracy of LMC = tensor(0.7962, device='cuda:0')
40
0.0029603641014546156
100.0
numtestbatch 169
totalloss   274.23089908622205
averageloss 1.6226680419303081
Per test accuracy of LMC = tensor([0.5500, 0.9697, 0.8600, 0.7700, 0.7900, 0.5914, 0.9688, 0.9896, 0.6024,
        0.8700], device='cuda:0')
Average accuracy of LMC = tensor(0.7962, device='cuda:0')
41
0.0066492026671767235
100.0
numtestbatch 169
totalloss   259.55037706767325
averageloss 1.5358010477377115
Per test accuracy of LMC = tensor([0.5500, 0.9394, 0.8600, 0.7700, 0.7900, 0.5914, 0.9688, 0.9896, 0.5904,
        0.8700], device='cuda:0')
Average accuracy of LMC = tensor(0.7919, device='cuda:0')
42
0.2906935513019562
88.88888888888889
numtestbatch 169
totalloss   281.60641234368086
averageloss 1.6663101322111293
Per test accuracy of LMC = tensor([0.5500, 0.9394, 0.8600, 0.7700, 0.7900, 0.5806, 0.9688, 0.9896, 0.5904,
        0.8700], device='cuda:0')
Average accuracy of LMC = tensor(0.7909, device='cuda:0')
43
0.045893505215644836
100.0
numtestbatch 169
totalloss   286.37927555222996
averageloss 1.6945519263445559
Per test accuracy of LMC = tensor([0.5500, 0.9394, 0.8600, 0.7700, 0.7900, 0.5806, 0.9688, 0.9896, 0.5904,
        0.8700], device='cuda:0')
Average accuracy of LMC = tensor(0.7909, device='cuda:0')
44
0.012974712997674942
100.0
numtestbatch 169
totalloss   282.9586856139358
averageloss 1.6743117491948865
Per test accuracy of LMC = tensor([0.5500, 0.9394, 0.8600, 0.7800, 0.7900, 0.5914, 0.9688, 0.9896, 0.5904,
        0.8700], device='cuda:0')
Average accuracy of LMC = tensor(0.7929, device='cuda:0')
45
0.09070521593093872
88.88888888888889
numtestbatch 169
totalloss   293.36974420258775
averageloss 1.7359156461691583
Per test accuracy of LMC = tensor([0.5500, 0.9091, 0.8600, 0.7800, 0.7900, 0.5914, 0.9688, 0.9896, 0.5904,
        0.8700], device='cuda:0')
Average accuracy of LMC = tensor(0.7899, device='cuda:0')
46
0.0010185805149376392
100.0
numtestbatch 169
totalloss   291.39586365094874
averageloss 1.7242358795914126
Per test accuracy of LMC = tensor([0.5500, 0.9091, 0.8600, 0.7700, 0.7900, 0.5914, 0.9688, 0.9896, 0.5783,
        0.8700], device='cuda:0')
Average accuracy of LMC = tensor(0.7877, device='cuda:0')
47
0.00125302211381495
100.0
numtestbatch 169
totalloss   261.08296026983226
averageloss 1.5448695873954572
Per test accuracy of LMC = tensor([0.5500, 0.9394, 0.8600, 0.7700, 0.7900, 0.5914, 0.9688, 0.9896, 0.5783,
        0.8800], device='cuda:0')
Average accuracy of LMC = tensor(0.7917, device='cuda:0')
48
0.010438124649226665
100.0
numtestbatch 169
totalloss   259.0616394688259
averageloss 1.5329091092829934
Per test accuracy of LMC = tensor([0.5500, 0.9091, 0.8600, 0.7700, 0.7900, 0.5914, 0.9688, 0.9896, 0.5783,
        0.8800], device='cuda:0')
Average accuracy of LMC = tensor(0.7887, device='cuda:0')
49
0.0012938181171193719
100.0
numtestbatch 169
totalloss   256.42275055080245
averageloss 1.517294381957411
Per test accuracy of LMC = tensor([0.5500, 0.9091, 0.8600, 0.7700, 0.7900, 0.5914, 0.9688, 0.9896, 0.5783,
        0.8900], device='cuda:0')
Average accuracy of LMC = tensor(0.7897, device='cuda:0')
Training and validating  MC
Learning rate:           0.001
numEpochs:               50
weightDecay:             1e-05
0
0.29017308354377747
88.88888888888889
numtestbatch 169
totalloss   157.54750994592905
averageloss 0.932233786662302
Per test accuracy of MC = tensor([0.8300, 0.6061, 0.7500, 0.7200, 0.7400, 0.7527, 0.6875, 0.8646, 0.5422,
        0.7400], device='cuda:0')
Average accuracy of MC = tensor(0.7233, device='cuda:0')
1
0.48020192980766296
88.88888888888889
numtestbatch 169
totalloss   163.7123885927722
averageloss 0.9687123585371136
Per test accuracy of MC = tensor([0.9200, 0.6061, 0.7100, 0.6500, 0.8000, 0.7419, 0.9375, 0.9062, 0.5181,
        0.9000], device='cuda:0')
Average accuracy of MC = tensor(0.7690, device='cuda:0')
2
0.22035911679267883
77.77777777777779
numtestbatch 169
totalloss   153.99785773083568
averageloss 0.9112299274013945
Per test accuracy of MC = tensor([0.8600, 0.6364, 0.7500, 0.6600, 0.7900, 0.7419, 0.9375, 0.9896, 0.5542,
        0.8800], device='cuda:0')
Average accuracy of MC = tensor(0.7800, device='cuda:0')
3
0.31486594676971436
88.88888888888889
numtestbatch 169
totalloss   167.21133042313159
averageloss 0.989416156349891
Per test accuracy of MC = tensor([0.7200, 0.6970, 0.7500, 0.6900, 0.7900, 0.7742, 0.9375, 0.9896, 0.6024,
        0.8800], device='cuda:0')
Average accuracy of MC = tensor(0.7831, device='cuda:0')
4
0.3130875825881958
88.88888888888889
numtestbatch 169
totalloss   164.85079807974398
averageloss 0.9754485093475975
Per test accuracy of MC = tensor([0.7400, 0.7273, 0.8000, 0.7200, 0.7800, 0.7849, 0.9688, 0.9896, 0.5904,
        0.8900], device='cuda:0')
Average accuracy of MC = tensor(0.7991, device='cuda:0')
5
0.4732505977153778
77.77777777777779
numtestbatch 169
totalloss   188.91891470737755
averageloss 1.11786340063537
Per test accuracy of MC = tensor([0.7300, 0.7273, 0.8700, 0.7200, 0.7800, 0.8280, 0.9688, 0.9792, 0.6145,
        0.8900], device='cuda:0')
Average accuracy of MC = tensor(0.8108, device='cuda:0')
6
0.163193941116333
88.88888888888889
numtestbatch 169
totalloss   185.7992674941197
averageloss 1.0994039496693473
Per test accuracy of MC = tensor([0.7300, 0.7576, 0.8900, 0.7300, 0.7900, 0.8065, 0.9688, 0.9792, 0.6265,
        0.8900], device='cuda:0')
Average accuracy of MC = tensor(0.8168, device='cuda:0')
7
0.28528669476509094
88.88888888888889
numtestbatch 169
totalloss   190.78237481974065
averageloss 1.128889791832785
Per test accuracy of MC = tensor([0.7200, 0.7576, 0.9000, 0.7400, 0.7900, 0.7957, 0.9688, 0.9792, 0.6265,
        0.8600], device='cuda:0')
Average accuracy of MC = tensor(0.8138, device='cuda:0')
8
0.09557224810123444
100.0
numtestbatch 169
totalloss   194.79484107717872
averageloss 1.152632195722951
Per test accuracy of MC = tensor([0.7100, 0.7576, 0.9000, 0.7600, 0.7900, 0.7742, 0.9688, 0.9792, 0.6386,
        0.8500], device='cuda:0')
Average accuracy of MC = tensor(0.8128, device='cuda:0')
9
0.17746193706989288
88.88888888888889
numtestbatch 169
totalloss   208.59120112191886
averageloss 1.2342674622598748
Per test accuracy of MC = tensor([0.6900, 0.7576, 0.9100, 0.7600, 0.8100, 0.7742, 0.9688, 0.9688, 0.6386,
        0.8300], device='cuda:0')
Average accuracy of MC = tensor(0.8108, device='cuda:0')
10
0.20019705593585968
88.88888888888889
numtestbatch 169
totalloss   219.557982230559
averageloss 1.2991596581689882
Per test accuracy of MC = tensor([0.6900, 0.7576, 0.9300, 0.7400, 0.8100, 0.7742, 0.9688, 0.9688, 0.6386,
        0.8300], device='cuda:0')
Average accuracy of MC = tensor(0.8108, device='cuda:0')
11
0.1259719431400299
88.88888888888889
numtestbatch 169
totalloss   195.10520968586206
averageloss 1.1544686963660478
Per test accuracy of MC = tensor([0.6800, 0.7576, 0.9300, 0.7500, 0.8100, 0.7634, 0.9688, 0.9583, 0.6386,
        0.8300], device='cuda:0')
Average accuracy of MC = tensor(0.8087, device='cuda:0')
12
0.5007854104042053
77.77777777777779
numtestbatch 169
totalloss   210.96478153578937
averageloss 1.2483123167798187
Per test accuracy of MC = tensor([0.6900, 0.7576, 0.9300, 0.7500, 0.8100, 0.7742, 0.9688, 0.9688, 0.6386,
        0.8300], device='cuda:0')
Average accuracy of MC = tensor(0.8118, device='cuda:0')
13
0.4356481432914734
88.88888888888889
numtestbatch 169
totalloss   204.7521837875247
averageloss 1.2115513833581344
Per test accuracy of MC = tensor([0.6900, 0.7576, 0.9100, 0.7500, 0.8000, 0.7742, 0.9688, 0.9688, 0.6386,
        0.8200], device='cuda:0')
Average accuracy of MC = tensor(0.8078, device='cuda:0')
14
0.06310711801052094
100.0
numtestbatch 169
totalloss   232.74848893890157
averageloss 1.3772099937213111
Per test accuracy of MC = tensor([0.6900, 0.7576, 0.9200, 0.7500, 0.7900, 0.7742, 0.9688, 0.9688, 0.6386,
        0.8200], device='cuda:0')
Average accuracy of MC = tensor(0.8078, device='cuda:0')
15
0.005879547912627459
100.0
numtestbatch 169
totalloss   212.8083074267488
averageloss 1.2592207540044307
Per test accuracy of MC = tensor([0.6900, 0.7576, 0.9200, 0.7500, 0.7900, 0.7849, 0.9688, 0.9688, 0.6386,
        0.8200], device='cuda:0')
Average accuracy of MC = tensor(0.8089, device='cuda:0')
16
0.04561415687203407
100.0
numtestbatch 169
totalloss   253.36625857179752
averageloss 1.4992086306023522
Per test accuracy of MC = tensor([0.6900, 0.8182, 0.9100, 0.7500, 0.7900, 0.7634, 0.9688, 0.9792, 0.6386,
        0.8100], device='cuda:0')
Average accuracy of MC = tensor(0.8118, device='cuda:0')
17
0.07914257049560547
100.0
numtestbatch 169
totalloss   233.0218914374709
averageloss 1.378827759985035
Per test accuracy of MC = tensor([0.6900, 0.8182, 0.9200, 0.7500, 0.7900, 0.7634, 0.9688, 0.9792, 0.6386,
        0.8100], device='cuda:0')
Average accuracy of MC = tensor(0.8128, device='cuda:0')
18
0.8247048258781433
66.66666666666666
numtestbatch 169
totalloss   215.7006796617061
averageloss 1.2763353826136454
Per test accuracy of MC = tensor([0.6800, 0.8182, 0.9200, 0.7500, 0.7900, 0.7634, 0.9688, 0.9688, 0.6386,
        0.8100], device='cuda:0')
Average accuracy of MC = tensor(0.8108, device='cuda:0')
19
0.2842472493648529
77.77777777777779
numtestbatch 169
totalloss   242.48978600278497
averageloss 1.4348508047502069
Per test accuracy of MC = tensor([0.6900, 0.7879, 0.9100, 0.7600, 0.8000, 0.7634, 0.9688, 0.9792, 0.6386,
        0.8200], device='cuda:0')
Average accuracy of MC = tensor(0.8118, device='cuda:0')
20
0.1446170061826706
88.88888888888889
numtestbatch 169
totalloss   248.06822671741247
averageloss 1.4678593296888311
Per test accuracy of MC = tensor([0.6800, 0.7879, 0.9100, 0.7700, 0.8000, 0.7634, 0.9688, 0.9792, 0.6265,
        0.8200], device='cuda:0')
Average accuracy of MC = tensor(0.8106, device='cuda:0')
21
0.22462160885334015
88.88888888888889
numtestbatch 169
totalloss   245.6743730804883
averageloss 1.4536945152691616
Per test accuracy of MC = tensor([0.6900, 0.8182, 0.9000, 0.7800, 0.8100, 0.7634, 0.9688, 0.9688, 0.6265,
        0.8300], device='cuda:0')
Average accuracy of MC = tensor(0.8156, device='cuda:0')
22
0.04830604046583176
100.0
numtestbatch 169
totalloss   276.83811950683594
averageloss 1.638095381697254
Per test accuracy of MC = tensor([0.6800, 0.8182, 0.9100, 0.7900, 0.8000, 0.7742, 0.9688, 0.9583, 0.6265,
        0.8300], device='cuda:0')
Average accuracy of MC = tensor(0.8156, device='cuda:0')
23
0.3086942434310913
77.77777777777779
numtestbatch 169
totalloss   251.03835598751903
averageloss 1.4854340590977457
Per test accuracy of MC = tensor([0.6700, 0.8182, 0.9100, 0.7900, 0.8100, 0.7849, 0.9688, 0.9583, 0.6265,
        0.8300], device='cuda:0')
Average accuracy of MC = tensor(0.8167, device='cuda:0')
24
0.015405284240841866
100.0
numtestbatch 169
totalloss   210.46954381465912
averageloss 1.2453819160630717
Per test accuracy of MC = tensor([0.6700, 0.8485, 0.9100, 0.7900, 0.8100, 0.7849, 0.9688, 0.9583, 0.6265,
        0.8300], device='cuda:0')
Average accuracy of MC = tensor(0.8197, device='cuda:0')
25
0.1511991322040558
88.88888888888889
numtestbatch 169
totalloss   232.78207985311747
averageloss 1.3774087565273223
Per test accuracy of MC = tensor([0.6700, 0.8485, 0.9000, 0.7900, 0.8100, 0.7849, 0.9688, 0.9688, 0.6145,
        0.8300], device='cuda:0')
Average accuracy of MC = tensor(0.8185, device='cuda:0')
26
0.14737361669540405
88.88888888888889
numtestbatch 169
totalloss   235.33508285041898
averageloss 1.3925152831385739
Per test accuracy of MC = tensor([0.6700, 0.8485, 0.9000, 0.7900, 0.8200, 0.7849, 0.9688, 0.9688, 0.6145,
        0.8300], device='cuda:0')
Average accuracy of MC = tensor(0.8195, device='cuda:0')
27
0.18066003918647766
88.88888888888889
numtestbatch 169
totalloss   252.2724158782512
averageloss 1.4927361886287054
Per test accuracy of MC = tensor([0.6700, 0.8485, 0.9000, 0.7900, 0.8200, 0.7849, 0.9688, 0.9583, 0.6145,
        0.8300], device='cuda:0')
Average accuracy of MC = tensor(0.8185, device='cuda:0')
28
0.12086817622184753
100.0
numtestbatch 169
totalloss   237.7630854435265
averageloss 1.4068821623877308
Per test accuracy of MC = tensor([0.6700, 0.8485, 0.9000, 0.7900, 0.8200, 0.7849, 0.9688, 0.9792, 0.6145,
        0.8300], device='cuda:0')
Average accuracy of MC = tensor(0.8206, device='cuda:0')
29
0.27955734729766846
88.88888888888889
numtestbatch 169
totalloss   281.4677626527846
averageloss 1.665489719838962
Per test accuracy of MC = tensor([0.6700, 0.8485, 0.9000, 0.8000, 0.8200, 0.7849, 0.9688, 0.9792, 0.6145,
        0.8300], device='cuda:0')
Average accuracy of MC = tensor(0.8216, device='cuda:0')
30
0.11256428807973862
100.0
numtestbatch 169
totalloss   268.33071345463395
averageloss 1.5877557009149939
Per test accuracy of MC = tensor([0.6700, 0.8485, 0.9000, 0.8000, 0.8200, 0.7849, 0.9688, 0.9792, 0.6145,
        0.8300], device='cuda:0')
Average accuracy of MC = tensor(0.8216, device='cuda:0')
31
0.0010366705246269703
100.0
numtestbatch 169
totalloss   309.2740285433829
averageloss 1.83002383753481
Per test accuracy of MC = tensor([0.6700, 0.8485, 0.9000, 0.8000, 0.8200, 0.7742, 0.9688, 0.9792, 0.6145,
        0.8300], device='cuda:0')
Average accuracy of MC = tensor(0.8205, device='cuda:0')
32
0.0006020863656885922
100.0
numtestbatch 169
totalloss   259.1847859174013
averageloss 1.533637786493499
Per test accuracy of MC = tensor([0.6700, 0.8485, 0.9000, 0.8000, 0.8100, 0.7957, 0.9688, 0.9792, 0.6145,
        0.8400], device='cuda:0')
Average accuracy of MC = tensor(0.8227, device='cuda:0')
33
0.009575631469488144
100.0
numtestbatch 169
totalloss   274.51332311017904
averageloss 1.6243391900010595
Per test accuracy of MC = tensor([0.6700, 0.8485, 0.9000, 0.8000, 0.8100, 0.7957, 0.9688, 0.9792, 0.6024,
        0.8400], device='cuda:0')
Average accuracy of MC = tensor(0.8215, device='cuda:0')
34
0.07085204869508743
100.0
numtestbatch 169
totalloss   235.6338374502957
averageloss 1.394283061836069
Per test accuracy of MC = tensor([0.6700, 0.8485, 0.9100, 0.8000, 0.8100, 0.7957, 0.9688, 0.9792, 0.6024,
        0.8400], device='cuda:0')
Average accuracy of MC = tensor(0.8225, device='cuda:0')
35
0.00038798651075921953
100.0
numtestbatch 169
totalloss   261.1490885876119
averageloss 1.5452608792166385
Per test accuracy of MC = tensor([0.6700, 0.8485, 0.9100, 0.8000, 0.8100, 0.7849, 0.9688, 0.9792, 0.6024,
        0.8400], device='cuda:0')
Average accuracy of MC = tensor(0.8214, device='cuda:0')
36
6.379021215252578e-05
100.0
numtestbatch 169
totalloss   266.0493151023984
averageloss 1.5742563023810556
Per test accuracy of MC = tensor([0.6700, 0.8485, 0.9100, 0.8000, 0.8100, 0.7849, 0.9688, 0.9792, 0.6145,
        0.8400], device='cuda:0')
Average accuracy of MC = tensor(0.8226, device='cuda:0')
37
0.0016164249973371625
100.0
numtestbatch 169
totalloss   247.2704894915223
averageloss 1.4631389910740966
Per test accuracy of MC = tensor([0.6700, 0.8485, 0.9100, 0.8000, 0.8100, 0.7957, 0.9688, 0.9792, 0.6145,
        0.8400], device='cuda:0')
Average accuracy of MC = tensor(0.8237, device='cuda:0')
38
0.04660326614975929
100.0
numtestbatch 169
totalloss   322.7830484805454
averageloss 1.9099588667487895
Per test accuracy of MC = tensor([0.6700, 0.8485, 0.9100, 0.8000, 0.8100, 0.7957, 0.9688, 0.9792, 0.6024,
        0.8400], device='cuda:0')
Average accuracy of MC = tensor(0.8225, device='cuda:0')
39
0.004176431335508823
100.0
numtestbatch 169
totalloss   279.72684786096215
averageloss 1.6551884488814328
Per test accuracy of MC = tensor([0.6700, 0.8485, 0.9000, 0.8000, 0.8100, 0.7957, 0.9688, 0.9792, 0.5904,
        0.8400], device='cuda:0')
Average accuracy of MC = tensor(0.8202, device='cuda:0')
40
0.010851489380002022
100.0
numtestbatch 169
totalloss   243.6061621721019
averageloss 1.4414565809000113
Per test accuracy of MC = tensor([0.6700, 0.8485, 0.9000, 0.8000, 0.8100, 0.7957, 0.9688, 0.9792, 0.5904,
        0.8400], device='cuda:0')
Average accuracy of MC = tensor(0.8202, device='cuda:0')
41
0.0011212892131879926
100.0
numtestbatch 169
totalloss   307.6954681314528
averageloss 1.8206832433813775
Per test accuracy of MC = tensor([0.6700, 0.8485, 0.9000, 0.8000, 0.8100, 0.7957, 0.9688, 0.9792, 0.5783,
        0.8400], device='cuda:0')
Average accuracy of MC = tensor(0.8190, device='cuda:0')
42
0.006911065895110369
100.0
numtestbatch 169
totalloss   282.13245642744005
averageloss 1.6694228190972784
Per test accuracy of MC = tensor([0.6700, 0.8485, 0.9000, 0.8000, 0.8100, 0.7957, 0.9688, 0.9792, 0.5904,
        0.8400], device='cuda:0')
Average accuracy of MC = tensor(0.8202, device='cuda:0')
43
0.03415563330054283
100.0
numtestbatch 169
totalloss   257.4427085495554
averageloss 1.5233296363879016
Per test accuracy of MC = tensor([0.6800, 0.8485, 0.9000, 0.8000, 0.8100, 0.7957, 0.9688, 0.9792, 0.5904,
        0.8400], device='cuda:0')
Average accuracy of MC = tensor(0.8212, device='cuda:0')
44
0.0007561577949672937
100.0
numtestbatch 169
totalloss   238.67185574563337
averageloss 1.4122595014534518
Per test accuracy of MC = tensor([0.6800, 0.8485, 0.9000, 0.8000, 0.8100, 0.7957, 0.9688, 0.9792, 0.5783,
        0.8400], device='cuda:0')
Average accuracy of MC = tensor(0.8200, device='cuda:0')
45
0.17758439481258392
88.88888888888889
numtestbatch 169
totalloss   256.34023428335786
averageloss 1.516806120019869
Per test accuracy of MC = tensor([0.6800, 0.8485, 0.9000, 0.8000, 0.8100, 0.7957, 0.9688, 0.9792, 0.5783,
        0.8400], device='cuda:0')
Average accuracy of MC = tensor(0.8200, device='cuda:0')
46
0.0017113486537709832
100.0
numtestbatch 169
totalloss   257.09150516521186
averageloss 1.5212515098533246
Per test accuracy of MC = tensor([0.6800, 0.8485, 0.9000, 0.8000, 0.8100, 0.7957, 0.9688, 0.9792, 0.5663,
        0.8400], device='cuda:0')
Average accuracy of MC = tensor(0.8188, device='cuda:0')
47
0.0026857720222324133
100.0
numtestbatch 169
totalloss   272.05120022501796
averageloss 1.6097704155326507
Per test accuracy of MC = tensor([0.6800, 0.8182, 0.9100, 0.8000, 0.8100, 0.7957, 0.9688, 0.9792, 0.5542,
        0.8400], device='cuda:0')
Average accuracy of MC = tensor(0.8156, device='cuda:0')
48
0.3927251100540161
88.88888888888889
numtestbatch 169
totalloss   296.38965718541294
averageloss 1.75378495375984
Per test accuracy of MC = tensor([0.6800, 0.8182, 0.9100, 0.8000, 0.8100, 0.7957, 0.9688, 0.9792, 0.5542,
        0.8400], device='cuda:0')
Average accuracy of MC = tensor(0.8156, device='cuda:0')
49
0.013999885879456997
100.0
numtestbatch 169
totalloss   260.55641601234674
averageloss 1.54175394090146
Per test accuracy of MC = tensor([0.6800, 0.8182, 0.9000, 0.8000, 0.8100, 0.7957, 0.9688, 0.9792, 0.5783,
        0.8400], device='cuda:0')
Average accuracy of MC = tensor(0.8170, device='cuda:0')
Accuracy per class for TSCNN: tensor([0.6700, 0.9091, 0.8700, 0.7600, 0.8100, 0.6344, 0.9688, 0.9792, 0.6145,
        0.8200], device='cuda:0')

Average accuracy for TSCNN: 0.8035874366760254
Training and validating  MLMC
Learning rate:           0.001
numEpochs:               50
weightDecay:             1e-05
0
0.4771631956100464
77.77777777777779
numtestbatch 169
totalloss   201.64459114149213
averageloss 1.1931632611922611
Per test accuracy of MLMC = tensor([0.5600, 0.7273, 0.7900, 0.5200, 0.7800, 0.2688, 0.8125, 0.8438, 0.6024,
        0.7300], device='cuda:0')
Average accuracy of MLMC = tensor(0.6635, device='cuda:0')
1
0.45611169934272766
88.88888888888889
numtestbatch 169
totalloss   181.96150737255812
averageloss 1.0766953098967935
Per test accuracy of MLMC = tensor([0.5200, 0.7879, 0.8000, 0.6100, 0.7800, 0.5054, 0.9375, 0.9375, 0.6024,
        0.7800], device='cuda:0')
Average accuracy of MLMC = tensor(0.7261, device='cuda:0')
2
0.1319735199213028
88.88888888888889
numtestbatch 169
totalloss   211.66302071418613
averageloss 1.2524439095513973
Per test accuracy of MLMC = tensor([0.3800, 0.8182, 0.8400, 0.5900, 0.7900, 0.5914, 0.9375, 0.9479, 0.6145,
        0.8400], device='cuda:0')
Average accuracy of MLMC = tensor(0.7349, device='cuda:0')
3
0.701625406742096
66.66666666666666
numtestbatch 169
totalloss   211.99067762121558
averageloss 1.2543827078178438
Per test accuracy of MLMC = tensor([0.3400, 0.8182, 0.8600, 0.6700, 0.7800, 0.5591, 0.9375, 0.9688, 0.6145,
        0.8300], device='cuda:0')
Average accuracy of MLMC = tensor(0.7378, device='cuda:0')
4
0.19135764241218567
88.88888888888889
numtestbatch 169
totalloss   215.2430362664163
averageloss 1.2736274335290907
Per test accuracy of MLMC = tensor([0.3200, 0.8182, 0.8700, 0.7000, 0.7900, 0.5484, 0.9375, 0.9792, 0.6265,
        0.8500], device='cuda:0')
Average accuracy of MLMC = tensor(0.7440, device='cuda:0')
5
0.4879685640335083
88.88888888888889
numtestbatch 169
totalloss   186.44208722980693
averageloss 1.1032076167444198
Per test accuracy of MLMC = tensor([0.3200, 0.8788, 0.8600, 0.7100, 0.7700, 0.5699, 0.9375, 0.9896, 0.6265,
        0.8600], device='cuda:0')
Average accuracy of MLMC = tensor(0.7522, device='cuda:0')
6
0.6783974766731262
66.66666666666666
numtestbatch 169
totalloss   200.73937670141459
averageloss 1.1878069627302639
Per test accuracy of MLMC = tensor([0.3200, 0.9091, 0.8700, 0.7200, 0.7800, 0.6022, 0.9375, 0.9896, 0.6145,
        0.8900], device='cuda:0')
Average accuracy of MLMC = tensor(0.7633, device='cuda:0')
7
0.4413500726222992
88.88888888888889
numtestbatch 169
totalloss   202.9015513472259
averageloss 1.2006008955457155
Per test accuracy of MLMC = tensor([0.3200, 0.9394, 0.8500, 0.7200, 0.7800, 0.6882, 0.9375, 0.9896, 0.6145,
        0.9100], device='cuda:0')
Average accuracy of MLMC = tensor(0.7749, device='cuda:0')
8
0.36759716272354126
88.88888888888889
numtestbatch 169
totalloss   184.1137708319584
averageloss 1.0894305966388071
Per test accuracy of MLMC = tensor([0.3300, 0.9394, 0.8600, 0.7400, 0.7900, 0.6452, 0.9375, 0.9896, 0.6265,
        0.9000], device='cuda:0')
Average accuracy of MLMC = tensor(0.7758, device='cuda:0')
9
0.0060022673569619656
100.0
numtestbatch 169
totalloss   211.7651012763381
averageloss 1.2530479365463794
Per test accuracy of MLMC = tensor([0.3200, 0.9394, 0.8600, 0.7300, 0.8100, 0.6452, 0.9375, 0.9896, 0.6265,
        0.9400], device='cuda:0')
Average accuracy of MLMC = tensor(0.7798, device='cuda:0')
10
0.1318492293357849
88.88888888888889
numtestbatch 169
totalloss   219.52576127648354
averageloss 1.2989690016359972
Per test accuracy of MLMC = tensor([0.3300, 0.9394, 0.8600, 0.7200, 0.8000, 0.6774, 0.9688, 0.9896, 0.6265,
        0.9100], device='cuda:0')
Average accuracy of MLMC = tensor(0.7822, device='cuda:0')
11
0.08971375972032547
100.0
numtestbatch 169
totalloss   203.2308796159923
averageloss 1.2025495835265818
Per test accuracy of MLMC = tensor([0.3300, 0.9394, 0.8600, 0.7200, 0.8100, 0.6774, 0.9375, 0.9896, 0.6145,
        0.9200], device='cuda:0')
Average accuracy of MLMC = tensor(0.7798, device='cuda:0')
12
0.012043263763189316
100.0
numtestbatch 169
totalloss   217.28826455457602
averageloss 1.28572937606258
Per test accuracy of MLMC = tensor([0.3300, 0.9394, 0.8500, 0.7100, 0.8200, 0.6774, 0.9688, 0.9896, 0.6145,
        0.9400], device='cuda:0')
Average accuracy of MLMC = tensor(0.7840, device='cuda:0')
13
0.2445627897977829
88.88888888888889
numtestbatch 169
totalloss   210.24826236441731
averageloss 1.2440725583693333
Per test accuracy of MLMC = tensor([0.3300, 0.9394, 0.8500, 0.7200, 0.8200, 0.6667, 0.9688, 0.9896, 0.5904,
        0.9100], device='cuda:0')
Average accuracy of MLMC = tensor(0.7785, device='cuda:0')
14
0.13054224848747253
100.0
numtestbatch 169
totalloss   232.61459702439606
averageloss 1.3764177338721661
Per test accuracy of MLMC = tensor([0.3400, 0.9394, 0.8500, 0.7500, 0.8200, 0.6989, 0.9688, 0.9896, 0.5904,
        0.9100], device='cuda:0')
Average accuracy of MLMC = tensor(0.7857, device='cuda:0')
15
0.036572933197021484
100.0
numtestbatch 169
totalloss   242.46742232516408
averageloss 1.434718475296829
Per test accuracy of MLMC = tensor([0.3400, 0.9394, 0.8500, 0.7500, 0.8200, 0.6989, 0.9688, 0.9896, 0.5904,
        0.9100], device='cuda:0')
Average accuracy of MLMC = tensor(0.7857, device='cuda:0')
16
0.027668634429574013
100.0
numtestbatch 169
totalloss   271.9829547852278
averageloss 1.6093665963622945
Per test accuracy of MLMC = tensor([0.3500, 0.9394, 0.8500, 0.7500, 0.8200, 0.6452, 0.9688, 0.9896, 0.5904,
        0.9000], device='cuda:0')
Average accuracy of MLMC = tensor(0.7803, device='cuda:0')
17
0.028926929458975792
100.0
numtestbatch 169
totalloss   284.3169098390499
averageloss 1.6823485789292894
Per test accuracy of MLMC = tensor([0.3400, 0.9394, 0.8600, 0.7500, 0.8200, 0.6774, 0.9688, 0.9896, 0.5904,
        0.9000], device='cuda:0')
Average accuracy of MLMC = tensor(0.7836, device='cuda:0')
18
0.22859933972358704
88.88888888888889
numtestbatch 169
totalloss   263.4360342398286
averageloss 1.55879310201082
Per test accuracy of MLMC = tensor([0.3400, 0.9394, 0.8800, 0.7700, 0.8100, 0.6452, 0.9688, 0.9896, 0.5904,
        0.8900], device='cuda:0')
Average accuracy of MLMC = tensor(0.7823, device='cuda:0')
19
0.03208311274647713
100.0
numtestbatch 169
totalloss   286.53512872196734
averageloss 1.6954741344495108
Per test accuracy of MLMC = tensor([0.3200, 0.9394, 0.8700, 0.7600, 0.8100, 0.6452, 0.9688, 0.9896, 0.5904,
        0.8900], device='cuda:0')
Average accuracy of MLMC = tensor(0.7783, device='cuda:0')
20
0.06550282984972
100.0
numtestbatch 169
totalloss   234.03599161282182
averageloss 1.3848283527385907
Per test accuracy of MLMC = tensor([0.3200, 0.9394, 0.8700, 0.7600, 0.8100, 0.6344, 0.9688, 0.9896, 0.6024,
        0.8900], device='cuda:0')
Average accuracy of MLMC = tensor(0.7785, device='cuda:0')
21
0.19268183410167694
88.88888888888889
numtestbatch 169
totalloss   283.6999164316803
averageloss 1.6786977303649724
Per test accuracy of MLMC = tensor([0.3200, 0.9394, 0.8700, 0.7700, 0.8000, 0.6344, 0.9688, 0.9896, 0.6024,
        0.8900], device='cuda:0')
Average accuracy of MLMC = tensor(0.7785, device='cuda:0')
22
0.05952731892466545
100.0
numtestbatch 169
totalloss   269.0549158010399
averageloss 1.5920409218996443
Per test accuracy of MLMC = tensor([0.3200, 0.9394, 0.8700, 0.7700, 0.8100, 0.6344, 0.9688, 0.9896, 0.6024,
        0.8900], device='cuda:0')
Average accuracy of MLMC = tensor(0.7795, device='cuda:0')
23
0.01144594606012106
100.0
numtestbatch 169
totalloss   260.77586339972913
averageloss 1.5430524461522435
Per test accuracy of MLMC = tensor([0.3200, 0.9394, 0.8800, 0.7700, 0.8100, 0.6237, 0.9688, 0.9896, 0.6024,
        0.8900], device='cuda:0')
Average accuracy of MLMC = tensor(0.7794, device='cuda:0')
24
0.011413812637329102
100.0
numtestbatch 169
totalloss   310.9626102373004
averageloss 1.8400154451911266
Per test accuracy of MLMC = tensor([0.3200, 0.9394, 0.8800, 0.7600, 0.8100, 0.6237, 0.9688, 0.9896, 0.6024,
        0.8800], device='cuda:0')
Average accuracy of MLMC = tensor(0.7774, device='cuda:0')
25
0.6639345288276672
77.77777777777779
numtestbatch 169
totalloss   261.1271113883704
averageloss 1.5451308366175762
Per test accuracy of MLMC = tensor([0.3200, 0.9394, 0.8900, 0.7700, 0.8100, 0.6129, 0.9688, 0.9896, 0.6024,
        0.8700], device='cuda:0')
Average accuracy of MLMC = tensor(0.7773, device='cuda:0')
26
0.004572815261781216
100.0
numtestbatch 169
totalloss   251.32326237263624
averageloss 1.4871198956960725
Per test accuracy of MLMC = tensor([0.3200, 0.9394, 0.8900, 0.7700, 0.8200, 0.6344, 0.9688, 0.9896, 0.6024,
        0.8900], device='cuda:0')
Average accuracy of MLMC = tensor(0.7825, device='cuda:0')
27
0.06525325775146484
100.0
numtestbatch 169
totalloss   255.53854741575196
averageloss 1.5120624107440945
Per test accuracy of MLMC = tensor([0.3200, 0.9091, 0.9000, 0.7600, 0.8200, 0.6344, 0.9688, 0.9896, 0.6024,
        0.8800], device='cuda:0')
Average accuracy of MLMC = tensor(0.7784, device='cuda:0')
28
0.00023916031932458282
100.0
numtestbatch 169
totalloss   299.8965407689102
averageloss 1.774535744194735
Per test accuracy of MLMC = tensor([0.3200, 0.9091, 0.9000, 0.7600, 0.8200, 0.6129, 0.9688, 0.9896, 0.6024,
        0.8800], device='cuda:0')
Average accuracy of MLMC = tensor(0.7763, device='cuda:0')
29
0.0031715233344584703
100.0
numtestbatch 169
totalloss   263.09006675705314
averageloss 1.5567459571423263
Per test accuracy of MLMC = tensor([0.3200, 0.9091, 0.9000, 0.7600, 0.8200, 0.6022, 0.9688, 0.9896, 0.6024,
        0.8800], device='cuda:0')
Average accuracy of MLMC = tensor(0.7752, device='cuda:0')
30
0.0122133893892169
100.0
numtestbatch 169
totalloss   244.31781760696322
averageloss 1.4456675598045161
Per test accuracy of MLMC = tensor([0.3200, 0.9091, 0.8900, 0.7600, 0.8200, 0.6022, 0.9688, 0.9896, 0.6024,
        0.8800], device='cuda:0')
Average accuracy of MLMC = tensor(0.7742, device='cuda:0')
31
0.3383348286151886
88.88888888888889
numtestbatch 169
totalloss   268.0099035287276
averageloss 1.585857417329749
Per test accuracy of MLMC = tensor([0.3200, 0.9091, 0.8900, 0.7600, 0.8200, 0.6022, 0.9688, 0.9896, 0.6024,
        0.8800], device='cuda:0')
Average accuracy of MLMC = tensor(0.7742, device='cuda:0')
32
0.030544625595211983
100.0
numtestbatch 169
totalloss   267.58742151688784
averageloss 1.583357523768567
Per test accuracy of MLMC = tensor([0.3200, 0.9091, 0.9000, 0.7600, 0.8200, 0.6022, 0.9688, 0.9896, 0.6024,
        0.8800], device='cuda:0')
Average accuracy of MLMC = tensor(0.7752, device='cuda:0')
33
0.012740890495479107
100.0
numtestbatch 169
totalloss   257.43754985090345
averageloss 1.5232991115438075
Per test accuracy of MLMC = tensor([0.3200, 0.9091, 0.9000, 0.7600, 0.8200, 0.6022, 0.9688, 0.9896, 0.5904,
        0.8800], device='cuda:0')
Average accuracy of MLMC = tensor(0.7740, device='cuda:0')
34
0.00027471117209643126
100.0
numtestbatch 169
totalloss   276.45098156668246
averageloss 1.6358046246549258
Per test accuracy of MLMC = tensor([0.3200, 0.9091, 0.9000, 0.7700, 0.8200, 0.6022, 0.9688, 0.9896, 0.5904,
        0.8700], device='cuda:0')
Average accuracy of MLMC = tensor(0.7740, device='cuda:0')
35
0.005270719528198242
100.0
numtestbatch 169
totalloss   255.47673570737243
averageloss 1.5116966609903695
Per test accuracy of MLMC = tensor([0.3200, 0.9091, 0.9000, 0.7700, 0.8200, 0.6022, 0.9688, 0.9896, 0.5783,
        0.8900], device='cuda:0')
Average accuracy of MLMC = tensor(0.7748, device='cuda:0')
36
0.007618877571076155
100.0
numtestbatch 169
totalloss   266.3460066942498
averageloss 1.5760118739304723
Per test accuracy of MLMC = tensor([0.3200, 0.9091, 0.9000, 0.7700, 0.8200, 0.6022, 0.9688, 0.9896, 0.5783,
        0.8800], device='cuda:0')
Average accuracy of MLMC = tensor(0.7738, device='cuda:0')
37
0.0060515934601426125
100.0
numtestbatch 169
totalloss   240.34140817262232
averageloss 1.4221385098971735
Per test accuracy of MLMC = tensor([0.3200, 0.9091, 0.9000, 0.7600, 0.8200, 0.6022, 0.9688, 0.9896, 0.5783,
        0.8800], device='cuda:0')
Average accuracy of MLMC = tensor(0.7728, device='cuda:0')
38
0.025319894775748253
100.0
numtestbatch 169
totalloss   251.11354150716215
averageloss 1.4858789438293618
Per test accuracy of MLMC = tensor([0.3200, 0.9091, 0.9000, 0.7600, 0.8200, 0.6022, 0.9688, 0.9896, 0.5783,
        0.8800], device='cuda:0')
Average accuracy of MLMC = tensor(0.7728, device='cuda:0')
39
0.07652943581342697
100.0
numtestbatch 169
totalloss   287.8480995558202
averageloss 1.7032431926379894
Per test accuracy of MLMC = tensor([0.3200, 0.9091, 0.9000, 0.7600, 0.8100, 0.6022, 0.9688, 0.9896, 0.5783,
        0.8800], device='cuda:0')
Average accuracy of MLMC = tensor(0.7718, device='cuda:0')
40
0.0017279121093451977
100.0
numtestbatch 169
totalloss   288.0920284278691
averageloss 1.7046865587447875
Per test accuracy of MLMC = tensor([0.3200, 0.9091, 0.9000, 0.7700, 0.8100, 0.6022, 0.9688, 0.9896, 0.5663,
        0.8800], device='cuda:0')
Average accuracy of MLMC = tensor(0.7716, device='cuda:0')
41
0.008621745742857456
100.0
numtestbatch 169
totalloss   277.03578603826463
averageloss 1.6392650061435776
Per test accuracy of MLMC = tensor([0.3200, 0.9091, 0.9000, 0.7700, 0.8100, 0.5914, 0.9688, 0.9896, 0.5663,
        0.8800], device='cuda:0')
Average accuracy of MLMC = tensor(0.7705, device='cuda:0')
42
0.018560223281383514
100.0
numtestbatch 169
totalloss   216.01243644021451
averageloss 1.2781800972793758
Per test accuracy of MLMC = tensor([0.3200, 0.9091, 0.9000, 0.7700, 0.8100, 0.5914, 0.9688, 0.9896, 0.5663,
        0.8800], device='cuda:0')
Average accuracy of MLMC = tensor(0.7705, device='cuda:0')
43
0.8004380464553833
88.88888888888889
numtestbatch 169
totalloss   273.08055397309363
averageloss 1.61586126611298
Per test accuracy of MLMC = tensor([0.3200, 0.9091, 0.9000, 0.7700, 0.8200, 0.6022, 0.9688, 0.9896, 0.5783,
        0.8800], device='cuda:0')
Average accuracy of MLMC = tensor(0.7738, device='cuda:0')
44
0.38835597038269043
88.88888888888889
numtestbatch 169
totalloss   259.3301509786397
averageloss 1.5344979347848504
Per test accuracy of MLMC = tensor([0.3200, 0.9091, 0.9000, 0.7700, 0.8200, 0.5914, 0.9688, 0.9896, 0.5783,
        0.8800], device='cuda:0')
Average accuracy of MLMC = tensor(0.7727, device='cuda:0')
45
0.008695496246218681
100.0
numtestbatch 169
totalloss   243.14982140716165
averageloss 1.438756339687347
Per test accuracy of MLMC = tensor([0.3200, 0.9091, 0.9000, 0.7700, 0.8100, 0.5914, 0.9688, 0.9896, 0.5663,
        0.8800], device='cuda:0')
Average accuracy of MLMC = tensor(0.7705, device='cuda:0')
46
0.003661976894363761
100.0
numtestbatch 169
totalloss   263.80152429640293
averageloss 1.560955765067473
Per test accuracy of MLMC = tensor([0.3200, 0.9091, 0.9000, 0.7700, 0.8100, 0.5914, 0.9688, 0.9896, 0.5663,
        0.8800], device='cuda:0')
Average accuracy of MLMC = tensor(0.7705, device='cuda:0')
47
0.0699753686785698
100.0
numtestbatch 169
totalloss   270.63344306126237
averageloss 1.6013813198891265
Per test accuracy of MLMC = tensor([0.3200, 0.9091, 0.9200, 0.7700, 0.8200, 0.5914, 0.9688, 0.9896, 0.5663,
        0.8800], device='cuda:0')
Average accuracy of MLMC = tensor(0.7735, device='cuda:0')
48
0.28471454977989197
88.88888888888889
numtestbatch 169
totalloss   282.6848609223962
averageloss 1.6726914847479064
Per test accuracy of MLMC = tensor([0.3200, 0.9091, 0.9200, 0.7700, 0.8200, 0.5914, 0.9688, 0.9896, 0.5663,
        0.8800], device='cuda:0')
Average accuracy of MLMC = tensor(0.7735, device='cuda:0')
49
0.007626136299222708
100.0
numtestbatch 169
totalloss   221.17894349619746
averageloss 1.308751144947914
Per test accuracy of MLMC = tensor([0.3300, 0.9091, 0.9300, 0.7700, 0.8100, 0.5806, 0.9688, 0.9896, 0.5663,
        0.8800], device='cuda:0')
Average accuracy of MLMC = tensor(0.7734, device='cuda:0')
79050
50
