cuda is available:  True
Training and validating  LMC
Learning rate:           5.5e-05
numEpochs:               50
weightDecay:             1e-05
0
0.7743783593177795
77.77777777777779
numtestbatch 169
totalloss   181.87666642665863
averageloss 1.0761932924654356
Per test accuracy of LMC = tensor([0.4600, 0.7273, 0.8500, 0.4900, 0.7300, 0.7204, 0.8438, 1.0000, 0.5422,
        0.6700], device='cuda:0')
Average accuracy of LMC = tensor(0.7034, device='cuda:0')
1
0.1784091293811798
100.0
numtestbatch 169
totalloss   169.22709906101227
averageloss 1.0013437814261081
Per test accuracy of LMC = tensor([0.6200, 0.8788, 0.7800, 0.5400, 0.7900, 0.5484, 0.9375, 0.9896, 0.5542,
        0.6900], device='cuda:0')
Average accuracy of LMC = tensor(0.7328, device='cuda:0')
2
0.7034890651702881
77.77777777777779
numtestbatch 169
totalloss   171.4780177772045
averageloss 1.0146628270840503
Per test accuracy of LMC = tensor([0.6000, 0.9091, 0.8100, 0.5600, 0.8100, 0.5484, 0.9375, 0.9896, 0.5904,
        0.7100], device='cuda:0')
Average accuracy of LMC = tensor(0.7465, device='cuda:0')
3
0.1601875126361847
100.0
numtestbatch 169
totalloss   174.55550226569176
averageloss 1.0328727944715488
Per test accuracy of LMC = tensor([0.5300, 0.9091, 0.8400, 0.5700, 0.8200, 0.5484, 0.9375, 0.9896, 0.5904,
        0.7500], device='cuda:0')
Average accuracy of LMC = tensor(0.7485, device='cuda:0')
4
0.5821292400360107
88.88888888888889
numtestbatch 169
totalloss   177.55299578607082
averageloss 1.0506094425211292
Per test accuracy of LMC = tensor([0.5200, 0.9091, 0.8200, 0.5800, 0.8200, 0.5484, 0.9375, 0.9896, 0.6024,
        0.7600], device='cuda:0')
Average accuracy of LMC = tensor(0.7487, device='cuda:0')
5
0.21738974750041962
88.88888888888889
numtestbatch 169
totalloss   174.7246375195682
averageloss 1.0338735947903444
Per test accuracy of LMC = tensor([0.5100, 0.9091, 0.8300, 0.5900, 0.8200, 0.5484, 0.9375, 0.9896, 0.6024,
        0.7900], device='cuda:0')
Average accuracy of LMC = tensor(0.7527, device='cuda:0')
6
0.1637411117553711
100.0
numtestbatch 169
totalloss   179.95985922589898
averageloss 1.0648512380230708
Per test accuracy of LMC = tensor([0.4900, 0.9394, 0.8400, 0.6000, 0.8300, 0.5376, 0.9375, 0.9896, 0.6024,
        0.8100], device='cuda:0')
Average accuracy of LMC = tensor(0.7577, device='cuda:0')
7
0.028742577880620956
100.0
numtestbatch 169
totalloss   173.85226979106665
averageloss 1.0287116555684417
Per test accuracy of LMC = tensor([0.4900, 0.9394, 0.8400, 0.6100, 0.8300, 0.5376, 0.9375, 0.9896, 0.6024,
        0.8200], device='cuda:0')
Average accuracy of LMC = tensor(0.7597, device='cuda:0')
8
0.09314119815826416
100.0
numtestbatch 169
totalloss   180.74744471162558
averageloss 1.0695115071693821
Per test accuracy of LMC = tensor([0.4900, 0.9394, 0.8300, 0.6200, 0.8300, 0.5269, 0.9375, 0.9896, 0.6024,
        0.8200], device='cuda:0')
Average accuracy of LMC = tensor(0.7586, device='cuda:0')
9
0.02512216567993164
100.0
numtestbatch 169
totalloss   169.93129936233163
averageloss 1.0055106471143884
Per test accuracy of LMC = tensor([0.4900, 0.9394, 0.8300, 0.6500, 0.8300, 0.5484, 0.9375, 0.9896, 0.6024,
        0.8400], device='cuda:0')
Average accuracy of LMC = tensor(0.7657, device='cuda:0')
10
0.5322686433792114
88.88888888888889
numtestbatch 169
totalloss   201.758030988276
averageloss 1.1938345028892072
Per test accuracy of LMC = tensor([0.4800, 0.9394, 0.8300, 0.6300, 0.8100, 0.5376, 0.9375, 0.9896, 0.6024,
        0.8400], device='cuda:0')
Average accuracy of LMC = tensor(0.7597, device='cuda:0')
11
0.4991934597492218
77.77777777777779
numtestbatch 169
totalloss   189.76337248459458
averageloss 1.122860192216536
Per test accuracy of LMC = tensor([0.4800, 0.9394, 0.8400, 0.6300, 0.8000, 0.5376, 0.9375, 0.9896, 0.6024,
        0.8400], device='cuda:0')
Average accuracy of LMC = tensor(0.7597, device='cuda:0')
12
0.1734725683927536
88.88888888888889
numtestbatch 169
totalloss   189.31277782842517
averageloss 1.1201939516474861
Per test accuracy of LMC = tensor([0.4800, 0.9394, 0.8400, 0.6400, 0.8000, 0.5376, 0.9375, 0.9896, 0.6024,
        0.8400], device='cuda:0')
Average accuracy of LMC = tensor(0.7607, device='cuda:0')
13
0.07969202101230621
100.0
numtestbatch 169
totalloss   185.4454204235226
averageloss 1.0973101800208438
Per test accuracy of LMC = tensor([0.4800, 0.9394, 0.8400, 0.6500, 0.8000, 0.5376, 0.9688, 0.9896, 0.6024,
        0.8400], device='cuda:0')
Average accuracy of LMC = tensor(0.7648, device='cuda:0')
14
0.207518070936203
88.88888888888889
numtestbatch 169
totalloss   194.70761753618717
averageloss 1.1521160800957821
Per test accuracy of LMC = tensor([0.4900, 0.9394, 0.8400, 0.6700, 0.8000, 0.5376, 0.9688, 0.9896, 0.6024,
        0.8400], device='cuda:0')
Average accuracy of LMC = tensor(0.7678, device='cuda:0')
15
0.21464064717292786
88.88888888888889
numtestbatch 169
totalloss   202.5487850625068
averageloss 1.1985135210799218
Per test accuracy of LMC = tensor([0.4800, 0.9394, 0.8400, 0.6700, 0.8000, 0.5376, 0.9688, 0.9896, 0.6024,
        0.8400], device='cuda:0')
Average accuracy of LMC = tensor(0.7668, device='cuda:0')
16
0.3514447510242462
77.77777777777779
numtestbatch 169
totalloss   205.8677085749805
averageloss 1.2181521217454467
Per test accuracy of LMC = tensor([0.4900, 0.9394, 0.8400, 0.6700, 0.8000, 0.5484, 0.9688, 0.9896, 0.6024,
        0.8400], device='cuda:0')
Average accuracy of LMC = tensor(0.7689, device='cuda:0')
17
0.03010047785937786
100.0
numtestbatch 169
totalloss   193.63471442833543
averageloss 1.1457675409960677
Per test accuracy of LMC = tensor([0.4800, 0.9394, 0.8500, 0.6600, 0.8000, 0.5699, 0.9688, 0.9896, 0.6024,
        0.8400], device='cuda:0')
Average accuracy of LMC = tensor(0.7700, device='cuda:0')
18
0.19703461229801178
88.88888888888889
numtestbatch 169
totalloss   208.58783379103988
averageloss 1.234247537225088
Per test accuracy of LMC = tensor([0.4800, 0.9394, 0.8400, 0.6600, 0.8000, 0.5699, 0.9688, 0.9896, 0.6024,
        0.8500], device='cuda:0')
Average accuracy of LMC = tensor(0.7700, device='cuda:0')
19
0.1099335104227066
100.0
numtestbatch 169
totalloss   204.02271209843457
averageloss 1.2072349828309739
Per test accuracy of LMC = tensor([0.4800, 0.9394, 0.8400, 0.6600, 0.8000, 0.5806, 0.9688, 0.9896, 0.6024,
        0.8500], device='cuda:0')
Average accuracy of LMC = tensor(0.7711, device='cuda:0')
20
0.09073085337877274
100.0
numtestbatch 169
totalloss   217.166231719777
averageloss 1.2850072882827042
Per test accuracy of LMC = tensor([0.4800, 0.9394, 0.8400, 0.6600, 0.8000, 0.5699, 0.9688, 0.9896, 0.5904,
        0.8500], device='cuda:0')
Average accuracy of LMC = tensor(0.7688, device='cuda:0')
21
0.05645661801099777
100.0
numtestbatch 169
totalloss   209.94089974556118
averageloss 1.242253844648291
Per test accuracy of LMC = tensor([0.4800, 0.9394, 0.8400, 0.6700, 0.8000, 0.5699, 0.9688, 0.9896, 0.5904,
        0.8500], device='cuda:0')
Average accuracy of LMC = tensor(0.7698, device='cuda:0')
22
0.300717294216156
88.88888888888889
numtestbatch 169
totalloss   236.83013704046607
averageloss 1.4013617576358939
Per test accuracy of LMC = tensor([0.4800, 0.9394, 0.8400, 0.6700, 0.8000, 0.5699, 0.9688, 0.9896, 0.5904,
        0.8500], device='cuda:0')
Average accuracy of LMC = tensor(0.7698, device='cuda:0')
23
0.012608051300048828
100.0
numtestbatch 169
totalloss   230.84854553081095
averageloss 1.3659677250343842
Per test accuracy of LMC = tensor([0.4800, 0.9394, 0.8400, 0.6700, 0.8000, 0.5699, 0.9688, 0.9896, 0.5904,
        0.8600], device='cuda:0')
Average accuracy of LMC = tensor(0.7708, device='cuda:0')
24
0.09125491976737976
88.88888888888889
numtestbatch 169
totalloss   231.74854484573007
averageloss 1.3712931647676336
Per test accuracy of LMC = tensor([0.4800, 0.9697, 0.8400, 0.6700, 0.8000, 0.5591, 0.9688, 0.9896, 0.5904,
        0.8600], device='cuda:0')
Average accuracy of LMC = tensor(0.7728, device='cuda:0')
25
0.14612232148647308
88.88888888888889
numtestbatch 169
totalloss   230.34315181337297
averageloss 1.3629772296649287
Per test accuracy of LMC = tensor([0.4800, 0.9697, 0.8400, 0.6700, 0.8000, 0.5484, 0.9688, 0.9896, 0.5904,
        0.8600], device='cuda:0')
Average accuracy of LMC = tensor(0.7717, device='cuda:0')
26
0.0034419165458530188
100.0
numtestbatch 169
totalloss   222.42928583920002
averageloss 1.316149620350296
Per test accuracy of LMC = tensor([0.4800, 0.9697, 0.8400, 0.6700, 0.8000, 0.5484, 0.9688, 0.9896, 0.5904,
        0.8600], device='cuda:0')
Average accuracy of LMC = tensor(0.7717, device='cuda:0')
27
0.0036191940307617188
100.0
numtestbatch 169
totalloss   222.84103611670434
averageloss 1.3185860125248778
Per test accuracy of LMC = tensor([0.4700, 0.9697, 0.8400, 0.6700, 0.8000, 0.5591, 0.9688, 0.9896, 0.5904,
        0.8600], device='cuda:0')
Average accuracy of LMC = tensor(0.7718, device='cuda:0')
28
0.04557490348815918
100.0
numtestbatch 169
totalloss   232.444750466384
averageloss 1.3754127246531598
Per test accuracy of LMC = tensor([0.4700, 0.9697, 0.8400, 0.6700, 0.8000, 0.5699, 0.9688, 0.9896, 0.5904,
        0.8600], device='cuda:0')
Average accuracy of LMC = tensor(0.7728, device='cuda:0')
29
0.012629853561520576
100.0
numtestbatch 169
totalloss   233.28189911693335
averageloss 1.3803662669641026
Per test accuracy of LMC = tensor([0.4700, 0.9697, 0.8400, 0.6800, 0.8000, 0.5699, 0.9688, 0.9896, 0.5904,
        0.8600], device='cuda:0')
Average accuracy of LMC = tensor(0.7738, device='cuda:0')
30
0.06054886057972908
100.0
numtestbatch 169
totalloss   245.56418872252107
averageloss 1.4530425368196513
Per test accuracy of LMC = tensor([0.4700, 0.9697, 0.8400, 0.6900, 0.8000, 0.5699, 0.9688, 0.9896, 0.5904,
        0.8600], device='cuda:0')
Average accuracy of LMC = tensor(0.7748, device='cuda:0')
31
0.030859418213367462
100.0
numtestbatch 169
totalloss   262.84635953605175
averageloss 1.5553039025801878
Per test accuracy of LMC = tensor([0.4700, 0.9697, 0.8400, 0.7000, 0.8000, 0.5699, 0.9688, 0.9896, 0.5904,
        0.8600], device='cuda:0')
Average accuracy of LMC = tensor(0.7758, device='cuda:0')
32
0.021019140258431435
100.0
numtestbatch 169
totalloss   245.35467076860368
averageloss 1.4518027856130395
Per test accuracy of LMC = tensor([0.4700, 0.9697, 0.8400, 0.7000, 0.8000, 0.5699, 0.9688, 0.9896, 0.5904,
        0.8700], device='cuda:0')
Average accuracy of LMC = tensor(0.7768, device='cuda:0')
33
0.0075894990004599094
100.0
numtestbatch 169
totalloss   250.78064030781388
averageloss 1.4839091142474194
Per test accuracy of LMC = tensor([0.4700, 0.9697, 0.8400, 0.7000, 0.8000, 0.5699, 0.9688, 0.9896, 0.5904,
        0.8700], device='cuda:0')
Average accuracy of LMC = tensor(0.7768, device='cuda:0')
34
0.05526028573513031
100.0
numtestbatch 169
totalloss   234.8431839440018
averageloss 1.389604638721904
Per test accuracy of LMC = tensor([0.4700, 0.9697, 0.8400, 0.7000, 0.8000, 0.5699, 0.9688, 0.9896, 0.5904,
        0.8700], device='cuda:0')
Average accuracy of LMC = tensor(0.7768, device='cuda:0')
35
0.0015392303466796875
100.0
numtestbatch 169
totalloss   256.4078700207174
averageloss 1.517206331483535
Per test accuracy of LMC = tensor([0.4700, 0.9697, 0.8300, 0.7000, 0.8000, 0.5699, 0.9688, 0.9896, 0.5904,
        0.8700], device='cuda:0')
Average accuracy of LMC = tensor(0.7758, device='cuda:0')
36
0.007869137451052666
100.0
numtestbatch 169
totalloss   248.78714132588357
averageloss 1.4721132622833346
Per test accuracy of LMC = tensor([0.4700, 0.9697, 0.8400, 0.7000, 0.8000, 0.5699, 0.9688, 0.9896, 0.5904,
        0.8700], device='cuda:0')
Average accuracy of LMC = tensor(0.7768, device='cuda:0')
37
0.00041839812183752656
100.0
numtestbatch 169
totalloss   236.29332830570638
averageloss 1.3981853745899786
Per test accuracy of LMC = tensor([0.4700, 0.9697, 0.8300, 0.7000, 0.8000, 0.5699, 0.9688, 0.9896, 0.5904,
        0.8700], device='cuda:0')
Average accuracy of LMC = tensor(0.7758, device='cuda:0')
38
0.1439213752746582
88.88888888888889
numtestbatch 169
totalloss   268.0253681591712
averageloss 1.5859489240187645
Per test accuracy of LMC = tensor([0.4700, 0.9697, 0.8300, 0.7000, 0.8000, 0.5699, 0.9688, 0.9896, 0.5904,
        0.8700], device='cuda:0')
Average accuracy of LMC = tensor(0.7758, device='cuda:0')
39
0.0009643236990086734
100.0
numtestbatch 169
totalloss   239.32978731952608
averageloss 1.4161525876895034
Per test accuracy of LMC = tensor([0.4700, 0.9697, 0.8300, 0.7000, 0.8000, 0.5591, 0.9688, 0.9896, 0.5904,
        0.8700], device='cuda:0')
Average accuracy of LMC = tensor(0.7748, device='cuda:0')
40
0.008156988769769669
100.0
numtestbatch 169
totalloss   257.80295029468834
averageloss 1.5254612443472684
Per test accuracy of LMC = tensor([0.4700, 0.9697, 0.8300, 0.7000, 0.8000, 0.5484, 0.9688, 0.9896, 0.5904,
        0.8800], device='cuda:0')
Average accuracy of LMC = tensor(0.7747, device='cuda:0')
41
0.0020151138305664062
100.0
numtestbatch 169
totalloss   242.74377125129104
averageloss 1.4363536760431421
Per test accuracy of LMC = tensor([0.4700, 0.9697, 0.8300, 0.7000, 0.8000, 0.5484, 0.9688, 0.9896, 0.5904,
        0.8800], device='cuda:0')
Average accuracy of LMC = tensor(0.7747, device='cuda:0')
42
0.09390231966972351
100.0
numtestbatch 169
totalloss   248.77858705073595
averageloss 1.472062645270627
Per test accuracy of LMC = tensor([0.4600, 0.9697, 0.8300, 0.7000, 0.8000, 0.5484, 0.9688, 0.9896, 0.5904,
        0.8800], device='cuda:0')
Average accuracy of LMC = tensor(0.7737, device='cuda:0')
43
0.004671149887144566
100.0
numtestbatch 169
totalloss   251.63750985264778
averageloss 1.4889793482405194
Per test accuracy of LMC = tensor([0.4600, 0.9697, 0.8300, 0.7000, 0.8000, 0.5376, 0.9688, 0.9896, 0.5904,
        0.8800], device='cuda:0')
Average accuracy of LMC = tensor(0.7726, device='cuda:0')
44
0.06882241368293762
100.0
numtestbatch 169
totalloss   252.82684521004558
averageloss 1.4960168355624
Per test accuracy of LMC = tensor([0.4600, 0.9697, 0.8300, 0.7000, 0.8100, 0.5376, 0.9688, 0.9896, 0.5904,
        0.8800], device='cuda:0')
Average accuracy of LMC = tensor(0.7736, device='cuda:0')
45
0.022533046081662178
100.0
numtestbatch 169
totalloss   282.0139024630189
averageloss 1.6687213163492243
Per test accuracy of LMC = tensor([0.4600, 0.9697, 0.8300, 0.7000, 0.8100, 0.5376, 0.9688, 0.9896, 0.5904,
        0.8800], device='cuda:0')
Average accuracy of LMC = tensor(0.7736, device='cuda:0')
46
0.03053032048046589
100.0
numtestbatch 169
totalloss   265.0973365213722
averageloss 1.568623293025871
Per test accuracy of LMC = tensor([0.4400, 0.9697, 0.8300, 0.7000, 0.8100, 0.5376, 0.9688, 0.9896, 0.5904,
        0.8800], device='cuda:0')
Average accuracy of LMC = tensor(0.7716, device='cuda:0')
47
0.008256303146481514
100.0
numtestbatch 169
totalloss   280.01682857610285
averageloss 1.6569043111012003
Per test accuracy of LMC = tensor([0.4400, 0.9697, 0.8300, 0.7100, 0.8100, 0.5376, 0.9688, 0.9896, 0.5904,
        0.8800], device='cuda:0')
Average accuracy of LMC = tensor(0.7726, device='cuda:0')
48
0.007918993942439556
100.0
numtestbatch 169
totalloss   279.482330031693
averageloss 1.6537415978206684
Per test accuracy of LMC = tensor([0.4400, 0.9697, 0.8300, 0.7100, 0.8100, 0.5376, 0.9688, 0.9896, 0.5904,
        0.8800], device='cuda:0')
Average accuracy of LMC = tensor(0.7726, device='cuda:0')
49
0.058693937957286835
100.0
numtestbatch 169
totalloss   264.8705512583256
averageloss 1.5672813683924591
Per test accuracy of LMC = tensor([0.4400, 0.9697, 0.8300, 0.7100, 0.8100, 0.5376, 0.9688, 0.9896, 0.5904,
        0.8800], device='cuda:0')
Average accuracy of LMC = tensor(0.7726, device='cuda:0')
Training and validating  MC
Learning rate:           5.5e-05
numEpochs:               50
weightDecay:             1e-05
0
0.896430253982544
55.55555555555556
numtestbatch 169
totalloss   197.8994640633464
averageloss 1.171002745936961
Per test accuracy of MC = tensor([0.3300, 0.5152, 0.9300, 0.4800, 0.5200, 0.7634, 0.9375, 0.8854, 0.4458,
        0.5600], device='cuda:0')
Average accuracy of MC = tensor(0.6367, device='cuda:0')
1
1.1263669729232788
66.66666666666666
numtestbatch 169
totalloss   172.68262301385403
averageloss 1.0217906687210296
Per test accuracy of MC = tensor([0.8900, 0.4848, 0.9500, 0.4900, 0.5600, 0.7957, 1.0000, 0.8646, 0.4217,
        0.6100], device='cuda:0')
Average accuracy of MC = tensor(0.7067, device='cuda:0')
2
0.4260498583316803
77.77777777777779
numtestbatch 169
totalloss   167.05992798507214
averageloss 0.9885202839353381
Per test accuracy of MC = tensor([0.9000, 0.4848, 0.9500, 0.5400, 0.5700, 0.7957, 0.9688, 0.8854, 0.4458,
        0.6300], device='cuda:0')
Average accuracy of MC = tensor(0.7170, device='cuda:0')
3
0.9548866748809814
77.77777777777779
numtestbatch 169
totalloss   169.14407279342413
averageloss 1.0008525017362375
Per test accuracy of MC = tensor([0.9000, 0.5152, 0.9400, 0.5500, 0.5900, 0.7957, 1.0000, 0.9167, 0.4699,
        0.6200], device='cuda:0')
Average accuracy of MC = tensor(0.7297, device='cuda:0')
4
0.733153760433197
55.55555555555556
numtestbatch 169
totalloss   173.67224607616663
averageloss 1.027646426486193
Per test accuracy of MC = tensor([0.8600, 0.5152, 0.9700, 0.5700, 0.6300, 0.8065, 1.0000, 0.9271, 0.4940,
        0.6200], device='cuda:0')
Average accuracy of MC = tensor(0.7393, device='cuda:0')
5
0.39718082547187805
88.88888888888889
numtestbatch 169
totalloss   155.26898535341024
averageloss 0.9187513926237293
Per test accuracy of MC = tensor([0.9100, 0.5152, 0.9600, 0.5900, 0.6800, 0.8065, 1.0000, 0.9583, 0.4940,
        0.6300], device='cuda:0')
Average accuracy of MC = tensor(0.7544, device='cuda:0')
6
0.47796201705932617
88.88888888888889
numtestbatch 169
totalloss   168.9688187688589
averageloss 0.9998154956737214
Per test accuracy of MC = tensor([0.8800, 0.5758, 0.9700, 0.6000, 0.6800, 0.8065, 1.0000, 0.9896, 0.5060,
        0.6400], device='cuda:0')
Average accuracy of MC = tensor(0.7648, device='cuda:0')
7
0.19305263459682465
100.0
numtestbatch 169
totalloss   167.9578387849033
averageloss 0.9938333655911438
Per test accuracy of MC = tensor([0.8800, 0.5758, 0.9700, 0.6000, 0.6900, 0.8065, 1.0000, 0.9896, 0.5060,
        0.6400], device='cuda:0')
Average accuracy of MC = tensor(0.7658, device='cuda:0')
8
0.3693320155143738
77.77777777777779
numtestbatch 169
totalloss   165.77359510958195
averageloss 0.9809088468022601
Per test accuracy of MC = tensor([0.8800, 0.5758, 0.9700, 0.6100, 0.7100, 0.8065, 1.0000, 0.9792, 0.5181,
        0.6500], device='cuda:0')
Average accuracy of MC = tensor(0.7699, device='cuda:0')
9
0.9624189734458923
66.66666666666666
numtestbatch 169
totalloss   161.16334861889482
averageloss 0.9536292817686084
Per test accuracy of MC = tensor([0.8700, 0.5758, 0.9700, 0.6100, 0.7600, 0.8065, 1.0000, 0.9792, 0.5181,
        0.6500], device='cuda:0')
Average accuracy of MC = tensor(0.7739, device='cuda:0')
10
0.2315119355916977
88.88888888888889
numtestbatch 169
totalloss   167.6862909719348
averageloss 0.9922265737984307
Per test accuracy of MC = tensor([0.8500, 0.5758, 0.9700, 0.6100, 0.7800, 0.8280, 1.0000, 0.9792, 0.5181,
        0.6600], device='cuda:0')
Average accuracy of MC = tensor(0.7771, device='cuda:0')
11
0.308711975812912
77.77777777777779
numtestbatch 169
totalloss   181.56877451762557
averageloss 1.0743714468498555
Per test accuracy of MC = tensor([0.8300, 0.6061, 0.9700, 0.6400, 0.7800, 0.8387, 1.0000, 0.9792, 0.5301,
        0.6500], device='cuda:0')
Average accuracy of MC = tensor(0.7824, device='cuda:0')
12
0.12265022844076157
100.0
numtestbatch 169
totalloss   167.5589719414711
averageloss 0.9914732067542669
Per test accuracy of MC = tensor([0.8000, 0.6364, 0.9700, 0.6500, 0.8000, 0.8387, 1.0000, 0.9688, 0.5301,
        0.6500], device='cuda:0')
Average accuracy of MC = tensor(0.7844, device='cuda:0')
13
0.4395483732223511
88.88888888888889
numtestbatch 169
totalloss   170.58172803744674
averageloss 1.0093593374996848
Per test accuracy of MC = tensor([0.7800, 0.6364, 0.9700, 0.6600, 0.8000, 0.8495, 1.0000, 0.9583, 0.5301,
        0.6700], device='cuda:0')
Average accuracy of MC = tensor(0.7854, device='cuda:0')
14
0.23306836187839508
88.88888888888889
numtestbatch 169
totalloss   160.5587343648076
averageloss 0.9500516826319977
Per test accuracy of MC = tensor([0.7600, 0.6970, 0.9700, 0.6900, 0.8100, 0.8495, 1.0000, 0.9583, 0.5301,
        0.6700], device='cuda:0')
Average accuracy of MC = tensor(0.7935, device='cuda:0')
15
0.24182945489883423
88.88888888888889
numtestbatch 169
totalloss   168.76260547339916
averageloss 0.9985952986591666
Per test accuracy of MC = tensor([0.7500, 0.6970, 0.9700, 0.7000, 0.8100, 0.8495, 1.0000, 0.9583, 0.5301,
        0.6800], device='cuda:0')
Average accuracy of MC = tensor(0.7945, device='cuda:0')
16
0.03834274038672447
100.0
numtestbatch 169
totalloss   163.81667621433735
averageloss 0.9693294450552505
Per test accuracy of MC = tensor([0.7500, 0.6970, 0.9700, 0.7000, 0.8100, 0.8602, 1.0000, 0.9583, 0.5301,
        0.6800], device='cuda:0')
Average accuracy of MC = tensor(0.7956, device='cuda:0')
17
0.06000145152211189
100.0
numtestbatch 169
totalloss   160.837594948709
averageloss 0.9517017452586332
Per test accuracy of MC = tensor([0.7300, 0.6970, 0.9600, 0.7100, 0.8300, 0.8602, 1.0000, 0.9583, 0.5422,
        0.6900], device='cuda:0')
Average accuracy of MC = tensor(0.7978, device='cuda:0')
18
0.009662151336669922
100.0
numtestbatch 169
totalloss   170.88294871151447
averageloss 1.0111417083521566
Per test accuracy of MC = tensor([0.7200, 0.6970, 0.9600, 0.7200, 0.8300, 0.8602, 1.0000, 0.9583, 0.5422,
        0.6900], device='cuda:0')
Average accuracy of MC = tensor(0.7978, device='cuda:0')
19
0.2462099939584732
88.88888888888889
numtestbatch 169
totalloss   162.81514844298363
averageloss 0.9634032452247552
Per test accuracy of MC = tensor([0.7300, 0.6970, 0.9600, 0.7200, 0.8300, 0.8602, 1.0000, 0.9583, 0.5422,
        0.7100], device='cuda:0')
Average accuracy of MC = tensor(0.8008, device='cuda:0')
20
0.2874981760978699
77.77777777777779
numtestbatch 169
totalloss   163.200517244637
averageloss 0.965683533991935
Per test accuracy of MC = tensor([0.7300, 0.6970, 0.9600, 0.7200, 0.8300, 0.8602, 1.0000, 0.9583, 0.5301,
        0.7100], device='cuda:0')
Average accuracy of MC = tensor(0.7996, device='cuda:0')
21
0.003095467807725072
100.0
numtestbatch 169
totalloss   181.20071179419756
averageloss 1.0721935609124116
Per test accuracy of MC = tensor([0.7200, 0.6970, 0.9600, 0.7300, 0.8300, 0.8495, 1.0000, 0.9583, 0.5301,
        0.7300], device='cuda:0')
Average accuracy of MC = tensor(0.8005, device='cuda:0')
22
0.06738533079624176
100.0
numtestbatch 169
totalloss   176.95859023183584
averageloss 1.0470922498925197
Per test accuracy of MC = tensor([0.7100, 0.6970, 0.9600, 0.7300, 0.8300, 0.8387, 1.0000, 0.9583, 0.5301,
        0.7300], device='cuda:0')
Average accuracy of MC = tensor(0.7984, device='cuda:0')
23
0.0670243352651596
100.0
numtestbatch 169
totalloss   172.887731641531
averageloss 1.0230043292398283
Per test accuracy of MC = tensor([0.7100, 0.6970, 0.9600, 0.7300, 0.8300, 0.8495, 1.0000, 0.9583, 0.5301,
        0.7200], device='cuda:0')
Average accuracy of MC = tensor(0.7985, device='cuda:0')
24
0.0041105481795966625
100.0
numtestbatch 169
totalloss   179.43121325224638
averageloss 1.061723155338736
Per test accuracy of MC = tensor([0.7000, 0.6970, 0.9600, 0.7300, 0.8400, 0.8495, 1.0000, 0.9583, 0.5301,
        0.7300], device='cuda:0')
Average accuracy of MC = tensor(0.7995, device='cuda:0')
25
0.08894607424736023
100.0
numtestbatch 169
totalloss   189.24937447160482
averageloss 1.11981878385565
Per test accuracy of MC = tensor([0.7000, 0.6970, 0.9600, 0.7300, 0.8400, 0.8495, 1.0000, 0.9583, 0.5301,
        0.7200], device='cuda:0')
Average accuracy of MC = tensor(0.7985, device='cuda:0')
26
0.34746137261390686
88.88888888888889
numtestbatch 169
totalloss   175.396166164428
averageloss 1.0378471370676212
Per test accuracy of MC = tensor([0.6900, 0.6970, 0.9600, 0.7300, 0.8400, 0.8495, 1.0000, 0.9583, 0.5422,
        0.7200], device='cuda:0')
Average accuracy of MC = tensor(0.7987, device='cuda:0')
27
0.27371108531951904
77.77777777777779
numtestbatch 169
totalloss   185.29700338840485
averageloss 1.0964319727124547
Per test accuracy of MC = tensor([0.6900, 0.6970, 0.9600, 0.7300, 0.8400, 0.8495, 1.0000, 0.9583, 0.5542,
        0.7300], device='cuda:0')
Average accuracy of MC = tensor(0.8009, device='cuda:0')
28
0.008731100708246231
100.0
numtestbatch 169
totalloss   192.82990050688386
averageloss 1.1410053284430997
Per test accuracy of MC = tensor([0.6900, 0.6970, 0.9600, 0.7300, 0.8400, 0.8495, 1.0000, 0.9479, 0.5542,
        0.7200], device='cuda:0')
Average accuracy of MC = tensor(0.7989, device='cuda:0')
29
0.04911936819553375
100.0
numtestbatch 169
totalloss   177.89740950614214
averageloss 1.0526473935274683
Per test accuracy of MC = tensor([0.6900, 0.6970, 0.9600, 0.7300, 0.8300, 0.8495, 1.0000, 0.9479, 0.5542,
        0.7200], device='cuda:0')
Average accuracy of MC = tensor(0.7979, device='cuda:0')
30
0.016713937744498253
100.0
numtestbatch 169
totalloss   189.79157672449946
averageloss 1.123027081210056
Per test accuracy of MC = tensor([0.7000, 0.6970, 0.9600, 0.7300, 0.8300, 0.8495, 1.0000, 0.9479, 0.5542,
        0.7300], device='cuda:0')
Average accuracy of MC = tensor(0.7999, device='cuda:0')
31
0.010297139175236225
100.0
numtestbatch 169
totalloss   183.4548382088542
averageloss 1.0855315870346403
Per test accuracy of MC = tensor([0.7000, 0.6970, 0.9600, 0.7300, 0.8300, 0.8495, 1.0000, 0.9479, 0.5542,
        0.7300], device='cuda:0')
Average accuracy of MC = tensor(0.7999, device='cuda:0')
32
0.13636398315429688
88.88888888888889
numtestbatch 169
totalloss   201.8011816367507
averageloss 1.1940898321701225
Per test accuracy of MC = tensor([0.7000, 0.6970, 0.9600, 0.7300, 0.8300, 0.8495, 1.0000, 0.9479, 0.5663,
        0.7500], device='cuda:0')
Average accuracy of MC = tensor(0.8031, device='cuda:0')
33
0.3840375542640686
77.77777777777779
numtestbatch 169
totalloss   198.81524085626006
averageloss 1.176421543528166
Per test accuracy of MC = tensor([0.7000, 0.6970, 0.9600, 0.7300, 0.8300, 0.8495, 1.0000, 0.9479, 0.5663,
        0.7400], device='cuda:0')
Average accuracy of MC = tensor(0.8021, device='cuda:0')
34
0.062678761780262
100.0
numtestbatch 169
totalloss   190.294146373868
averageloss 1.126000866117562
Per test accuracy of MC = tensor([0.6800, 0.6970, 0.9600, 0.7300, 0.8300, 0.8495, 1.0000, 0.9479, 0.5663,
        0.7500], device='cuda:0')
Average accuracy of MC = tensor(0.8011, device='cuda:0')
35
0.006619612220674753
100.0
numtestbatch 169
totalloss   185.42010688968003
averageloss 1.0971603957969231
Per test accuracy of MC = tensor([0.6800, 0.6970, 0.9600, 0.7300, 0.8300, 0.8495, 1.0000, 0.9479, 0.5663,
        0.7500], device='cuda:0')
Average accuracy of MC = tensor(0.8011, device='cuda:0')
36
0.0838131383061409
100.0
numtestbatch 169
totalloss   220.69315270334482
averageloss 1.3058766432150581
Per test accuracy of MC = tensor([0.6600, 0.6970, 0.9600, 0.7300, 0.8300, 0.8495, 0.9688, 0.9479, 0.5663,
        0.7500], device='cuda:0')
Average accuracy of MC = tensor(0.7959, device='cuda:0')
37
0.05356624349951744
100.0
numtestbatch 169
totalloss   201.9363673403859
averageloss 1.194889747576248
Per test accuracy of MC = tensor([0.6600, 0.6970, 0.9600, 0.7300, 0.8300, 0.8495, 0.9688, 0.9479, 0.5663,
        0.7400], device='cuda:0')
Average accuracy of MC = tensor(0.7949, device='cuda:0')
38
0.1529361456632614
88.88888888888889
numtestbatch 169
totalloss   197.88869638741016
averageloss 1.1709390318781667
Per test accuracy of MC = tensor([0.6500, 0.6970, 0.9600, 0.7300, 0.8300, 0.8495, 0.9688, 0.9479, 0.5663,
        0.7400], device='cuda:0')
Average accuracy of MC = tensor(0.7939, device='cuda:0')
39
0.002420266391709447
100.0
numtestbatch 169
totalloss   202.30206824094057
averageloss 1.1970536582304176
Per test accuracy of MC = tensor([0.6400, 0.6970, 0.9600, 0.7400, 0.8300, 0.8495, 0.9688, 0.9479, 0.5663,
        0.7400], device='cuda:0')
Average accuracy of MC = tensor(0.7939, device='cuda:0')
40
0.01714012399315834
100.0
numtestbatch 169
totalloss   207.274937633425
averageloss 1.2264789209078402
Per test accuracy of MC = tensor([0.6400, 0.6970, 0.9600, 0.7400, 0.8300, 0.8495, 0.9688, 0.9479, 0.5663,
        0.7400], device='cuda:0')
Average accuracy of MC = tensor(0.7939, device='cuda:0')
41
0.09598692506551743
100.0
numtestbatch 169
totalloss   203.66577314585447
averageloss 1.2051229180228076
Per test accuracy of MC = tensor([0.6400, 0.6970, 0.9600, 0.7400, 0.8300, 0.8495, 0.9688, 0.9479, 0.5663,
        0.7400], device='cuda:0')
Average accuracy of MC = tensor(0.7939, device='cuda:0')
42
0.01439523696899414
100.0
numtestbatch 169
totalloss   217.50041197240353
averageloss 1.2869846862272398
Per test accuracy of MC = tensor([0.6300, 0.6970, 0.9600, 0.7500, 0.8200, 0.8495, 0.9688, 0.9479, 0.5663,
        0.7400], device='cuda:0')
Average accuracy of MC = tensor(0.7929, device='cuda:0')
43
0.16043740510940552
88.88888888888889
numtestbatch 169
totalloss   202.62979978695512
averageloss 1.1989928981476634
Per test accuracy of MC = tensor([0.6200, 0.6970, 0.9600, 0.7500, 0.8200, 0.8495, 0.9688, 0.9479, 0.5663,
        0.7400], device='cuda:0')
Average accuracy of MC = tensor(0.7919, device='cuda:0')
44
0.0013986693229526281
100.0
numtestbatch 169
totalloss   219.86356604285538
averageloss 1.3009678464074284
Per test accuracy of MC = tensor([0.6200, 0.6970, 0.9600, 0.7500, 0.8200, 0.8495, 0.9688, 0.9479, 0.5663,
        0.7400], device='cuda:0')
Average accuracy of MC = tensor(0.7919, device='cuda:0')
45
0.0012782415142282844
100.0
numtestbatch 169
totalloss   197.38566791452467
averageloss 1.1679625320386076
Per test accuracy of MC = tensor([0.6200, 0.6970, 0.9600, 0.7500, 0.8200, 0.8495, 0.9688, 0.9479, 0.5663,
        0.7400], device='cuda:0')
Average accuracy of MC = tensor(0.7919, device='cuda:0')
46
0.002144972560927272
100.0
numtestbatch 169
totalloss   205.12036523595452
averageloss 1.2137299718103818
Per test accuracy of MC = tensor([0.6200, 0.6970, 0.9600, 0.7500, 0.8200, 0.8495, 0.9688, 0.9479, 0.5542,
        0.7500], device='cuda:0')
Average accuracy of MC = tensor(0.7917, device='cuda:0')
47
0.010791831649839878
100.0
numtestbatch 169
totalloss   219.17897679656744
averageloss 1.296917022464896
Per test accuracy of MC = tensor([0.6200, 0.6970, 0.9600, 0.7500, 0.8200, 0.8495, 0.9688, 0.9479, 0.5422,
        0.7500], device='cuda:0')
Average accuracy of MC = tensor(0.7905, device='cuda:0')
48
0.0598640963435173
100.0
numtestbatch 169
totalloss   213.61249800771475
averageloss 1.2639792781521584
Per test accuracy of MC = tensor([0.6200, 0.6970, 0.9600, 0.7500, 0.8200, 0.8387, 0.9688, 0.9479, 0.5422,
        0.7500], device='cuda:0')
Average accuracy of MC = tensor(0.7895, device='cuda:0')
49
0.0175029169768095
100.0
numtestbatch 169
totalloss   205.25244401022792
averageloss 1.2145115030191
Per test accuracy of MC = tensor([0.6200, 0.6970, 0.9600, 0.7500, 0.8200, 0.8387, 0.9688, 0.9479, 0.5422,
        0.7500], device='cuda:0')
Average accuracy of MC = tensor(0.7895, device='cuda:0')
Accuracy per class for TSCNN: tensor([0.6200, 0.8182, 0.9100, 0.6900, 0.8200, 0.5806, 0.9688, 0.9688, 0.5904,
        0.7600], device='cuda:0')

Average accuracy for TSCNN: 0.7726688385009766
79050
50
