cuda is available:  True
Training and validating  LMC
0
0.587738037109375
77.77777777777779
Per test accuracy of LMC = tensor([0.7100, 0.8182, 0.4900, 0.7100, 0.7400, 0.6237, 0.9688, 0.9688, 0.6386,
        0.8800], device='cuda:0')
Average accuracy of LMC = tensor(0.7548, device='cuda:0')
1
0.30299001932144165
88.88888888888889
Per test accuracy of LMC = tensor([0.7100, 0.8485, 0.6300, 0.6200, 0.8200, 0.5914, 0.9688, 1.0000, 0.6627,
        0.9000], device='cuda:0')
Average accuracy of LMC = tensor(0.7751, device='cuda:0')
2
1.3867335319519043
66.66666666666666
Per test accuracy of LMC = tensor([0.5600, 0.9091, 0.7900, 0.6000, 0.8100, 0.5699, 0.9688, 1.0000, 0.6265,
        0.9000], device='cuda:0')
Average accuracy of LMC = tensor(0.7734, device='cuda:0')
3
0.3937065899372101
88.88888888888889
Per test accuracy of LMC = tensor([0.5000, 0.9394, 0.7700, 0.6700, 0.8100, 0.5806, 0.9688, 1.0000, 0.6145,
        0.9100], device='cuda:0')
Average accuracy of LMC = tensor(0.7763, device='cuda:0')
4
0.12590210139751434
100.0
Per test accuracy of LMC = tensor([0.5000, 0.9394, 0.7900, 0.6400, 0.8100, 0.5269, 1.0000, 1.0000, 0.6145,
        0.9100], device='cuda:0')
Average accuracy of LMC = tensor(0.7731, device='cuda:0')
5
0.17778795957565308
100.0
Per test accuracy of LMC = tensor([0.4900, 0.9394, 0.8200, 0.6900, 0.8200, 0.5161, 1.0000, 1.0000, 0.6024,
        0.8700], device='cuda:0')
Average accuracy of LMC = tensor(0.7748, device='cuda:0')
6
0.4166545271873474
77.77777777777779
Per test accuracy of LMC = tensor([0.4800, 0.9394, 0.8200, 0.6900, 0.8100, 0.5054, 1.0000, 1.0000, 0.6024,
        0.8800], device='cuda:0')
Average accuracy of LMC = tensor(0.7727, device='cuda:0')
7
0.016433529555797577
100.0
Per test accuracy of LMC = tensor([0.4800, 0.9394, 0.8200, 0.6700, 0.8200, 0.5161, 0.9688, 1.0000, 0.6024,
        0.8900], device='cuda:0')
Average accuracy of LMC = tensor(0.7707, device='cuda:0')
8
0.3871380686759949
88.88888888888889
Per test accuracy of LMC = tensor([0.4800, 0.9394, 0.8300, 0.7200, 0.8100, 0.5161, 0.9688, 1.0000, 0.6265,
        0.8900], device='cuda:0')
Average accuracy of LMC = tensor(0.7781, device='cuda:0')
9
0.23997895419597626
88.88888888888889
Per test accuracy of LMC = tensor([0.4800, 0.9394, 0.8400, 0.6900, 0.8200, 0.5269, 0.9688, 1.0000, 0.6386,
        0.8800], device='cuda:0')
Average accuracy of LMC = tensor(0.7784, device='cuda:0')
10
0.05248424783349037
100.0
Per test accuracy of LMC = tensor([0.4800, 0.9394, 0.8400, 0.6900, 0.8200, 0.5484, 0.9688, 1.0000, 0.6386,
        0.9000], device='cuda:0')
Average accuracy of LMC = tensor(0.7825, device='cuda:0')
11
0.12873858213424683
88.88888888888889
Per test accuracy of LMC = tensor([0.4900, 0.9394, 0.8500, 0.7000, 0.8200, 0.5591, 0.9688, 1.0000, 0.6386,
        0.9100], device='cuda:0')
Average accuracy of LMC = tensor(0.7876, device='cuda:0')
12
0.3805820047855377
88.88888888888889
Per test accuracy of LMC = tensor([0.4900, 0.9091, 0.8700, 0.7000, 0.8200, 0.5699, 0.9688, 1.0000, 0.6506,
        0.9100], device='cuda:0')
Average accuracy of LMC = tensor(0.7888, device='cuda:0')
13
0.025699933990836143
100.0
Per test accuracy of LMC = tensor([0.4900, 0.9091, 0.8700, 0.7200, 0.8100, 0.6129, 0.9688, 1.0000, 0.6506,
        0.9100], device='cuda:0')
Average accuracy of LMC = tensor(0.7941, device='cuda:0')
14
0.1139041855931282
88.88888888888889
Per test accuracy of LMC = tensor([0.4900, 0.9394, 0.8700, 0.7200, 0.8100, 0.6129, 0.9688, 1.0000, 0.6506,
        0.9100], device='cuda:0')
Average accuracy of LMC = tensor(0.7972, device='cuda:0')
15
0.005783902481198311
100.0
Per test accuracy of LMC = tensor([0.4900, 0.9394, 0.8700, 0.7300, 0.8100, 0.6129, 0.9688, 1.0000, 0.6506,
        0.9100], device='cuda:0')
Average accuracy of LMC = tensor(0.7982, device='cuda:0')
16
0.0007563696708530188
100.0
Per test accuracy of LMC = tensor([0.4900, 0.9394, 0.8700, 0.7400, 0.8100, 0.6129, 0.9688, 1.0000, 0.6506,
        0.9100], device='cuda:0')
Average accuracy of LMC = tensor(0.7992, device='cuda:0')
17
0.03974442929029465
100.0
Per test accuracy of LMC = tensor([0.4700, 0.9394, 0.8700, 0.7500, 0.8100, 0.6129, 0.9688, 1.0000, 0.6386,
        0.9100], device='cuda:0')
Average accuracy of LMC = tensor(0.7970, device='cuda:0')
18
0.0035545295104384422
100.0
Per test accuracy of LMC = tensor([0.4700, 0.9394, 0.8800, 0.7600, 0.8100, 0.6344, 0.9688, 1.0000, 0.6506,
        0.9100], device='cuda:0')
Average accuracy of LMC = tensor(0.8023, device='cuda:0')
19
0.17524531483650208
88.88888888888889
Per test accuracy of LMC = tensor([0.4700, 0.9394, 0.8900, 0.7700, 0.8100, 0.6344, 0.9688, 1.0000, 0.6386,
        0.9000], device='cuda:0')
Average accuracy of LMC = tensor(0.8021, device='cuda:0')
20
0.000532044330611825
100.0
Per test accuracy of LMC = tensor([0.4700, 0.9091, 0.8900, 0.7700, 0.8000, 0.6667, 0.9688, 1.0000, 0.6386,
        0.9000], device='cuda:0')
Average accuracy of LMC = tensor(0.8013, device='cuda:0')
21
0.014868497848510742
100.0
Per test accuracy of LMC = tensor([0.4800, 0.9091, 0.9100, 0.7700, 0.8000, 0.6667, 1.0000, 1.0000, 0.6386,
        0.9000], device='cuda:0')
Average accuracy of LMC = tensor(0.8074, device='cuda:0')
22
0.005841175559908152
100.0
Per test accuracy of LMC = tensor([0.4700, 0.9394, 0.9100, 0.7800, 0.8000, 0.6559, 1.0000, 1.0000, 0.6386,
        0.9100], device='cuda:0')
Average accuracy of LMC = tensor(0.8104, device='cuda:0')
23
0.06079893559217453
100.0
Per test accuracy of LMC = tensor([0.4700, 0.9091, 0.9100, 0.7900, 0.7900, 0.6559, 1.0000, 1.0000, 0.6386,
        0.9100], device='cuda:0')
Average accuracy of LMC = tensor(0.8074, device='cuda:0')
24
0.20551609992980957
88.88888888888889
Per test accuracy of LMC = tensor([0.4700, 0.9394, 0.8900, 0.7900, 0.7900, 0.6559, 1.0000, 1.0000, 0.6386,
        0.9100], device='cuda:0')
Average accuracy of LMC = tensor(0.8084, device='cuda:0')
25
0.12817420065402985
88.88888888888889
Per test accuracy of LMC = tensor([0.4700, 0.9091, 0.9100, 0.7900, 0.8000, 0.6559, 1.0000, 1.0000, 0.6386,
        0.9000], device='cuda:0')
Average accuracy of LMC = tensor(0.8074, device='cuda:0')
26
0.0010412269039079547
100.0
Per test accuracy of LMC = tensor([0.4700, 0.9394, 0.9000, 0.7900, 0.8000, 0.6667, 1.0000, 1.0000, 0.6265,
        0.9000], device='cuda:0')
Average accuracy of LMC = tensor(0.8093, device='cuda:0')
27
0.0016547308769077063
100.0
Per test accuracy of LMC = tensor([0.4600, 0.9394, 0.9100, 0.7900, 0.7900, 0.6667, 1.0000, 1.0000, 0.6265,
        0.9000], device='cuda:0')
Average accuracy of LMC = tensor(0.8083, device='cuda:0')
28
0.048823051154613495
100.0
Per test accuracy of LMC = tensor([0.4700, 0.9394, 0.9000, 0.8000, 0.7900, 0.6667, 1.0000, 1.0000, 0.6265,
        0.9000], device='cuda:0')
Average accuracy of LMC = tensor(0.8093, device='cuda:0')
29
0.04772572964429855
100.0
Per test accuracy of LMC = tensor([0.4600, 0.9394, 0.9000, 0.7800, 0.7900, 0.6667, 1.0000, 1.0000, 0.6265,
        0.9000], device='cuda:0')
Average accuracy of LMC = tensor(0.8063, device='cuda:0')
30
0.24589191377162933
88.88888888888889
Per test accuracy of LMC = tensor([0.4600, 0.9394, 0.9100, 0.7900, 0.8000, 0.6667, 1.0000, 1.0000, 0.6265,
        0.8900], device='cuda:0')
Average accuracy of LMC = tensor(0.8083, device='cuda:0')
31
0.00702616898342967
100.0
Per test accuracy of LMC = tensor([0.4700, 0.9091, 0.9100, 0.8000, 0.8100, 0.6559, 1.0000, 1.0000, 0.6265,
        0.8900], device='cuda:0')
Average accuracy of LMC = tensor(0.8072, device='cuda:0')
32
0.10704343765974045
88.88888888888889
Per test accuracy of LMC = tensor([0.4600, 0.9091, 0.9100, 0.8000, 0.8100, 0.6559, 1.0000, 1.0000, 0.6265,
        0.8900], device='cuda:0')
Average accuracy of LMC = tensor(0.8062, device='cuda:0')
33
0.17044343054294586
88.88888888888889
Per test accuracy of LMC = tensor([0.4500, 0.9091, 0.9100, 0.8000, 0.8100, 0.6559, 1.0000, 1.0000, 0.6265,
        0.8900], device='cuda:0')
Average accuracy of LMC = tensor(0.8052, device='cuda:0')
34
0.024484911933541298
100.0
Per test accuracy of LMC = tensor([0.4500, 0.9091, 0.9100, 0.8000, 0.8100, 0.6559, 1.0000, 1.0000, 0.6265,
        0.8900], device='cuda:0')
Average accuracy of LMC = tensor(0.8052, device='cuda:0')
35
0.00011788474512286484
100.0
Per test accuracy of LMC = tensor([0.4600, 0.9091, 0.9200, 0.8000, 0.8100, 0.6559, 1.0000, 1.0000, 0.6265,
        0.8900], device='cuda:0')
Average accuracy of LMC = tensor(0.8072, device='cuda:0')
36
0.03117288462817669
100.0
Per test accuracy of LMC = tensor([0.4700, 0.9091, 0.9100, 0.8000, 0.8100, 0.6559, 0.9688, 1.0000, 0.6145,
        0.8900], device='cuda:0')
Average accuracy of LMC = tensor(0.8028, device='cuda:0')
37
0.03808426856994629
100.0
Per test accuracy of LMC = tensor([0.4700, 0.9091, 0.9100, 0.7900, 0.8100, 0.6559, 1.0000, 1.0000, 0.6145,
        0.8900], device='cuda:0')
Average accuracy of LMC = tensor(0.8049, device='cuda:0')
38
0.46376049518585205
88.88888888888889
Per test accuracy of LMC = tensor([0.4700, 0.9091, 0.9100, 0.7900, 0.8100, 0.6559, 1.0000, 1.0000, 0.6145,
        0.8900], device='cuda:0')
Average accuracy of LMC = tensor(0.8049, device='cuda:0')
39
0.034452516585588455
100.0
Per test accuracy of LMC = tensor([0.4700, 0.9091, 0.9200, 0.7900, 0.8100, 0.6559, 0.9688, 1.0000, 0.6145,
        0.8900], device='cuda:0')
Average accuracy of LMC = tensor(0.8028, device='cuda:0')
40
0.02723725698888302
100.0
Per test accuracy of LMC = tensor([0.4600, 0.9091, 0.9200, 0.7900, 0.8100, 0.6559, 0.9688, 1.0000, 0.6145,
        0.8900], device='cuda:0')
Average accuracy of LMC = tensor(0.8018, device='cuda:0')
41
0.015927182510495186
100.0
Per test accuracy of LMC = tensor([0.4600, 0.9091, 0.9200, 0.7900, 0.8100, 0.6559, 0.9688, 1.0000, 0.6145,
        0.8900], device='cuda:0')
Average accuracy of LMC = tensor(0.8018, device='cuda:0')
42
0.07925727963447571
100.0
Per test accuracy of LMC = tensor([0.4700, 0.9091, 0.9200, 0.7900, 0.8000, 0.6559, 0.9688, 1.0000, 0.6145,
        0.8900], device='cuda:0')
Average accuracy of LMC = tensor(0.8018, device='cuda:0')
43
0.008990764617919922
100.0
Per test accuracy of LMC = tensor([0.4700, 0.9091, 0.9200, 0.7900, 0.8000, 0.6559, 0.9688, 1.0000, 0.6145,
        0.8900], device='cuda:0')
Average accuracy of LMC = tensor(0.8018, device='cuda:0')
44
0.004227029159665108
100.0
Per test accuracy of LMC = tensor([0.4700, 0.9091, 0.9200, 0.7900, 0.8000, 0.6559, 0.9688, 1.0000, 0.6145,
        0.8900], device='cuda:0')
Average accuracy of LMC = tensor(0.8018, device='cuda:0')
45
0.005272361915558577
100.0
Per test accuracy of LMC = tensor([0.4700, 0.9091, 0.9200, 0.7900, 0.8000, 0.6559, 0.9688, 1.0000, 0.6024,
        0.8900], device='cuda:0')
Average accuracy of LMC = tensor(0.8006, device='cuda:0')
46
0.007587009109556675
100.0
Per test accuracy of LMC = tensor([0.4700, 0.9091, 0.9200, 0.8000, 0.8000, 0.6559, 0.9688, 1.0000, 0.6024,
        0.8900], device='cuda:0')
Average accuracy of LMC = tensor(0.8016, device='cuda:0')
47
0.03622780740261078
100.0
Per test accuracy of LMC = tensor([0.4700, 0.9091, 0.9200, 0.8000, 0.8000, 0.6559, 0.9688, 1.0000, 0.5904,
        0.8800], device='cuda:0')
Average accuracy of LMC = tensor(0.7994, device='cuda:0')
48
0.06650410592556
100.0
Per test accuracy of LMC = tensor([0.4700, 0.9091, 0.9200, 0.8000, 0.8000, 0.6559, 0.9688, 1.0000, 0.5904,
        0.8800], device='cuda:0')
Average accuracy of LMC = tensor(0.7994, device='cuda:0')
49
0.005943245254456997
100.0
Per test accuracy of LMC = tensor([0.4700, 0.9091, 0.9200, 0.8000, 0.8000, 0.6559, 0.9688, 1.0000, 0.5904,
        0.8800], device='cuda:0')
Average accuracy of LMC = tensor(0.7994, device='cuda:0')
Training and validating  MC
0
0.6053924560546875
77.77777777777779
Per test accuracy of MC = tensor([0.9700, 0.4848, 0.5200, 0.5800, 0.5900, 0.7527, 0.9688, 0.9896, 0.5060,
        0.8400], device='cuda:0')
Average accuracy of MC = tensor(0.7202, device='cuda:0')
1
0.5452122688293457
77.77777777777779
Per test accuracy of MC = tensor([0.9100, 0.6061, 0.7100, 0.6800, 0.7000, 0.7742, 1.0000, 0.9792, 0.5904,
        0.8400], device='cuda:0')
Average accuracy of MC = tensor(0.7790, device='cuda:0')
2
0.046557240188121796
100.0
Per test accuracy of MC = tensor([0.8400, 0.6061, 0.8100, 0.7500, 0.6800, 0.7849, 0.9688, 0.9792, 0.6024,
        0.8400], device='cuda:0')
Average accuracy of MC = tensor(0.7861, device='cuda:0')
3
0.7406930923461914
55.55555555555556
Per test accuracy of MC = tensor([0.8000, 0.6061, 0.8600, 0.7300, 0.6900, 0.8065, 0.9688, 0.9792, 0.6024,
        0.8600], device='cuda:0')
Average accuracy of MC = tensor(0.7903, device='cuda:0')
4
0.08185359835624695
100.0
Per test accuracy of MC = tensor([0.7900, 0.6061, 0.8600, 0.7400, 0.7300, 0.8065, 0.9688, 0.9688, 0.6024,
        0.8100], device='cuda:0')
Average accuracy of MC = tensor(0.7882, device='cuda:0')
5
0.04586897790431976
100.0
Per test accuracy of MC = tensor([0.8100, 0.6970, 0.8700, 0.7600, 0.7400, 0.8172, 0.9688, 0.9792, 0.6265,
        0.7800], device='cuda:0')
Average accuracy of MC = tensor(0.8049, device='cuda:0')
6
0.14647075533866882
100.0
Per test accuracy of MC = tensor([0.7600, 0.6970, 0.8700, 0.7800, 0.7400, 0.8172, 0.9688, 0.9792, 0.6024,
        0.8000], device='cuda:0')
Average accuracy of MC = tensor(0.8015, device='cuda:0')
7
0.13371066749095917
100.0
Per test accuracy of MC = tensor([0.7300, 0.6970, 0.8700, 0.7900, 0.7800, 0.8065, 0.9688, 0.9792, 0.6145,
        0.8500], device='cuda:0')
Average accuracy of MC = tensor(0.8086, device='cuda:0')
8
0.34043648838996887
77.77777777777779
Per test accuracy of MC = tensor([0.7200, 0.7273, 0.8500, 0.7900, 0.7800, 0.7957, 0.9688, 0.9688, 0.6145,
        0.8500], device='cuda:0')
Average accuracy of MC = tensor(0.8065, device='cuda:0')
9
0.0016513400478288531
100.0
Per test accuracy of MC = tensor([0.7000, 0.7273, 0.8600, 0.7700, 0.7800, 0.7957, 0.9688, 0.9792, 0.6145,
        0.8300], device='cuda:0')
Average accuracy of MC = tensor(0.8025, device='cuda:0')
10
0.5678130984306335
88.88888888888889
Per test accuracy of MC = tensor([0.6800, 0.7576, 0.8600, 0.7700, 0.7900, 0.7957, 0.9688, 0.9792, 0.6145,
        0.8500], device='cuda:0')
Average accuracy of MC = tensor(0.8066, device='cuda:0')
11
0.9999951124191284
66.66666666666666
Per test accuracy of MC = tensor([0.6700, 0.7576, 0.8600, 0.7800, 0.7900, 0.8065, 0.9688, 0.9688, 0.6024,
        0.8400], device='cuda:0')
Average accuracy of MC = tensor(0.8044, device='cuda:0')
12
0.1595497578382492
100.0
Per test accuracy of MC = tensor([0.6600, 0.7576, 0.8700, 0.7800, 0.7900, 0.8065, 0.9688, 0.9688, 0.6024,
        0.8400], device='cuda:0')
Average accuracy of MC = tensor(0.8044, device='cuda:0')
13
0.010102881118655205
100.0
Per test accuracy of MC = tensor([0.6600, 0.7576, 0.8800, 0.7800, 0.7900, 0.8065, 0.9688, 0.9583, 0.6024,
        0.8400], device='cuda:0')
Average accuracy of MC = tensor(0.8044, device='cuda:0')
14
0.03855998069047928
100.0
Per test accuracy of MC = tensor([0.6600, 0.7879, 0.8800, 0.7700, 0.7900, 0.8065, 0.9688, 0.9583, 0.6024,
        0.8400], device='cuda:0')
Average accuracy of MC = tensor(0.8064, device='cuda:0')
15
0.6873922348022461
77.77777777777779
Per test accuracy of MC = tensor([0.6500, 0.7879, 0.8800, 0.7700, 0.7900, 0.8065, 0.9688, 0.9688, 0.5904,
        0.8400], device='cuda:0')
Average accuracy of MC = tensor(0.8052, device='cuda:0')
16
0.08572500199079514
100.0
Per test accuracy of MC = tensor([0.6500, 0.7879, 0.8900, 0.7700, 0.7900, 0.8065, 0.9688, 0.9688, 0.5904,
        0.8400], device='cuda:0')
Average accuracy of MC = tensor(0.8062, device='cuda:0')
17
0.20421148836612701
88.88888888888889
Per test accuracy of MC = tensor([0.6500, 0.7879, 0.8900, 0.7700, 0.7900, 0.8065, 0.9688, 0.9583, 0.5904,
        0.8400], device='cuda:0')
Average accuracy of MC = tensor(0.8052, device='cuda:0')
18
0.018292559310793877
100.0
Per test accuracy of MC = tensor([0.6500, 0.7879, 0.8900, 0.7700, 0.7900, 0.7849, 0.9688, 0.9479, 0.5904,
        0.8400], device='cuda:0')
Average accuracy of MC = tensor(0.8020, device='cuda:0')
19
0.06120791658759117
100.0
Per test accuracy of MC = tensor([0.6500, 0.8182, 0.8900, 0.7800, 0.7900, 0.7957, 0.9688, 0.9479, 0.5904,
        0.8400], device='cuda:0')
Average accuracy of MC = tensor(0.8071, device='cuda:0')
20
0.0034349362831562757
100.0
Per test accuracy of MC = tensor([0.6500, 0.7879, 0.8900, 0.7800, 0.7900, 0.8065, 0.9375, 0.9271, 0.5904,
        0.8400], device='cuda:0')
Average accuracy of MC = tensor(0.7999, device='cuda:0')
21
0.20345748960971832
77.77777777777779
Per test accuracy of MC = tensor([0.6500, 0.8485, 0.8900, 0.7800, 0.7900, 0.8065, 0.9375, 0.9375, 0.6024,
        0.8500], device='cuda:0')
Average accuracy of MC = tensor(0.8092, device='cuda:0')
22
0.17945881187915802
88.88888888888889
Per test accuracy of MC = tensor([0.6500, 0.7879, 0.8900, 0.7800, 0.7900, 0.8065, 0.9375, 0.9271, 0.5904,
        0.8400], device='cuda:0')
Average accuracy of MC = tensor(0.7999, device='cuda:0')
23
0.2669428288936615
88.88888888888889
Per test accuracy of MC = tensor([0.6500, 0.8485, 0.8900, 0.7800, 0.7900, 0.8065, 0.9375, 0.9375, 0.6024,
        0.8400], device='cuda:0')
Average accuracy of MC = tensor(0.8082, device='cuda:0')
24
0.06845299154520035
100.0
Per test accuracy of MC = tensor([0.6500, 0.8485, 0.8900, 0.8000, 0.7900, 0.7957, 0.9375, 0.9375, 0.6024,
        0.8500], device='cuda:0')
Average accuracy of MC = tensor(0.8102, device='cuda:0')
25
0.3256138563156128
88.88888888888889
Per test accuracy of MC = tensor([0.6500, 0.8485, 0.8900, 0.8000, 0.7900, 0.8065, 0.9688, 0.9375, 0.6145,
        0.8400], device='cuda:0')
Average accuracy of MC = tensor(0.8146, device='cuda:0')
26
0.006343576591461897
100.0
Per test accuracy of MC = tensor([0.6500, 0.8485, 0.8900, 0.8000, 0.7900, 0.8065, 0.9375, 0.9375, 0.5904,
        0.8400], device='cuda:0')
Average accuracy of MC = tensor(0.8090, device='cuda:0')
27
0.012111504562199116
100.0
Per test accuracy of MC = tensor([0.6500, 0.8485, 0.8900, 0.8100, 0.7900, 0.7957, 0.9375, 0.9375, 0.6024,
        0.8400], device='cuda:0')
Average accuracy of MC = tensor(0.8102, device='cuda:0')
28
0.35640209913253784
88.88888888888889
Per test accuracy of MC = tensor([0.6500, 0.8485, 0.8900, 0.8100, 0.7900, 0.7957, 0.9375, 0.9479, 0.6024,
        0.8400], device='cuda:0')
Average accuracy of MC = tensor(0.8112, device='cuda:0')
29
0.003456592559814453
100.0
Per test accuracy of MC = tensor([0.6500, 0.8485, 0.8900, 0.8100, 0.7900, 0.7957, 0.9375, 0.9479, 0.6145,
        0.8300], device='cuda:0')
Average accuracy of MC = tensor(0.8114, device='cuda:0')
30
0.7276551723480225
88.88888888888889
Per test accuracy of MC = tensor([0.6500, 0.8485, 0.8900, 0.8100, 0.7900, 0.7742, 0.9375, 0.9375, 0.6024,
        0.8300], device='cuda:0')
Average accuracy of MC = tensor(0.8070, device='cuda:0')
31
0.004277520813047886
100.0
Per test accuracy of MC = tensor([0.6500, 0.8485, 0.8900, 0.8100, 0.7900, 0.7957, 0.9375, 0.9479, 0.6024,
        0.8300], device='cuda:0')
Average accuracy of MC = tensor(0.8102, device='cuda:0')
32
0.01892937533557415
100.0
Per test accuracy of MC = tensor([0.6500, 0.8485, 0.8900, 0.8100, 0.7900, 0.7849, 0.9375, 0.9479, 0.6024,
        0.8300], device='cuda:0')
Average accuracy of MC = tensor(0.8091, device='cuda:0')
33
0.0017820463981479406
100.0
Per test accuracy of MC = tensor([0.6500, 0.8485, 0.8900, 0.8000, 0.7900, 0.7849, 0.9375, 0.9375, 0.6024,
        0.8300], device='cuda:0')
Average accuracy of MC = tensor(0.8071, device='cuda:0')
34
0.06790998578071594
100.0
Per test accuracy of MC = tensor([0.6500, 0.8485, 0.8900, 0.8000, 0.7900, 0.7634, 0.9375, 0.9375, 0.6024,
        0.8300], device='cuda:0')
Average accuracy of MC = tensor(0.8049, device='cuda:0')
35
0.3527737855911255
88.88888888888889
Per test accuracy of MC = tensor([0.6500, 0.8485, 0.8900, 0.8000, 0.7900, 0.7742, 0.9375, 0.9375, 0.6024,
        0.8300], device='cuda:0')
Average accuracy of MC = tensor(0.8060, device='cuda:0')
36
0.09819759428501129
100.0
Per test accuracy of MC = tensor([0.6500, 0.8485, 0.8900, 0.8000, 0.7900, 0.7634, 0.9375, 0.9375, 0.6024,
        0.8300], device='cuda:0')
Average accuracy of MC = tensor(0.8049, device='cuda:0')
37
0.008540485054254532
100.0
Per test accuracy of MC = tensor([0.6500, 0.8485, 0.9000, 0.8000, 0.7900, 0.7634, 0.9375, 0.9479, 0.6024,
        0.8300], device='cuda:0')
Average accuracy of MC = tensor(0.8070, device='cuda:0')
38
0.021248076111078262
100.0
Per test accuracy of MC = tensor([0.6500, 0.8485, 0.9000, 0.8000, 0.7900, 0.7634, 0.9375, 0.9479, 0.6024,
        0.8300], device='cuda:0')
Average accuracy of MC = tensor(0.8070, device='cuda:0')
39
0.0016647444572299719
100.0
Per test accuracy of MC = tensor([0.6500, 0.8485, 0.9000, 0.8100, 0.7800, 0.7634, 0.9375, 0.9479, 0.6024,
        0.8300], device='cuda:0')
Average accuracy of MC = tensor(0.8070, device='cuda:0')
40
0.3683148920536041
88.88888888888889
Per test accuracy of MC = tensor([0.6500, 0.8485, 0.9000, 0.8100, 0.7900, 0.7634, 0.9375, 0.9479, 0.6024,
        0.8300], device='cuda:0')
Average accuracy of MC = tensor(0.8080, device='cuda:0')
41
0.5607348680496216
88.88888888888889
Per test accuracy of MC = tensor([0.6500, 0.8485, 0.9000, 0.8000, 0.7900, 0.7634, 0.9375, 0.9479, 0.6024,
        0.8300], device='cuda:0')
Average accuracy of MC = tensor(0.8070, device='cuda:0')
42
0.02875150553882122
100.0
Per test accuracy of MC = tensor([0.6500, 0.8485, 0.9000, 0.8100, 0.7900, 0.7634, 0.9375, 0.9479, 0.6024,
        0.8300], device='cuda:0')
Average accuracy of MC = tensor(0.8080, device='cuda:0')
43
0.00014082591223996133
100.0
Per test accuracy of MC = tensor([0.6500, 0.8485, 0.9000, 0.8100, 0.7900, 0.7634, 0.9375, 0.9583, 0.6024,
        0.8300], device='cuda:0')
Average accuracy of MC = tensor(0.8090, device='cuda:0')
44
0.015227979980409145
100.0
Per test accuracy of MC = tensor([0.6500, 0.8485, 0.9000, 0.8100, 0.7900, 0.7634, 0.9375, 0.9583, 0.6024,
        0.8300], device='cuda:0')
Average accuracy of MC = tensor(0.8090, device='cuda:0')
45
0.07502542436122894
100.0
Per test accuracy of MC = tensor([0.6500, 0.8485, 0.9100, 0.8100, 0.7900, 0.7634, 0.9375, 0.9583, 0.6024,
        0.8300], device='cuda:0')
Average accuracy of MC = tensor(0.8100, device='cuda:0')
46
0.6135501861572266
77.77777777777779
Per test accuracy of MC = tensor([0.6500, 0.8485, 0.9100, 0.8100, 0.7900, 0.7634, 0.9375, 0.9583, 0.6024,
        0.8300], device='cuda:0')
Average accuracy of MC = tensor(0.8100, device='cuda:0')
47
3.486209607217461e-05
100.0
Per test accuracy of MC = tensor([0.6500, 0.8485, 0.9100, 0.8100, 0.7900, 0.7634, 0.9375, 0.9583, 0.6024,
        0.8300], device='cuda:0')
Average accuracy of MC = tensor(0.8100, device='cuda:0')
48
0.02917737513780594
100.0
Per test accuracy of MC = tensor([0.6500, 0.8485, 0.9100, 0.8100, 0.7900, 0.7634, 0.9375, 0.9583, 0.6024,
        0.8300], device='cuda:0')
Average accuracy of MC = tensor(0.8100, device='cuda:0')
49
0.00020069546008016914
100.0
Per test accuracy of MC = tensor([0.6500, 0.8485, 0.9200, 0.8100, 0.7900, 0.7634, 0.9375, 0.9583, 0.6024,
        0.8200], device='cuda:0')
Average accuracy of MC = tensor(0.8100, device='cuda:0')
Accuracy per class for TSCNN: tensor([0.6300, 0.9091, 0.9200, 0.7700, 0.8100, 0.6774, 0.9688, 0.9896, 0.6265,
        0.8100], device='cuda:0')

Average accuracy for TSCNN: 0.811134934425354
Training and validating  MLMC
0
0.4382098615169525
77.77777777777779
Per test accuracy of MLMC = tensor([0.6200, 0.6364, 0.5400, 0.6700, 0.5900, 0.6452, 1.0000, 0.8646, 0.6506,
        0.6500], device='cuda:0')
Average accuracy of MLMC = tensor(0.6867, device='cuda:0')
1
0.8149561285972595
55.55555555555556
Per test accuracy of MLMC = tensor([0.6700, 0.8182, 0.7400, 0.6400, 0.5600, 0.6989, 1.0000, 0.9896, 0.6506,
        0.6600], device='cuda:0')
Average accuracy of MLMC = tensor(0.7427, device='cuda:0')
2
0.6186820864677429
66.66666666666666
Per test accuracy of MLMC = tensor([0.6700, 0.8182, 0.7900, 0.6600, 0.6000, 0.7849, 0.9375, 0.9896, 0.6386,
        0.6900], device='cuda:0')
Average accuracy of MLMC = tensor(0.7579, device='cuda:0')
3
0.0973990336060524
100.0
Per test accuracy of MLMC = tensor([0.6600, 0.8788, 0.7800, 0.7000, 0.6400, 0.7957, 0.9375, 0.9896, 0.6265,
        0.7800], device='cuda:0')
Average accuracy of MLMC = tensor(0.7788, device='cuda:0')
4
0.7835325598716736
88.88888888888889
Per test accuracy of MLMC = tensor([0.6500, 0.8788, 0.8000, 0.7100, 0.6900, 0.7957, 0.9375, 0.9896, 0.6386,
        0.7800], device='cuda:0')
Average accuracy of MLMC = tensor(0.7870, device='cuda:0')
5
0.22857560217380524
88.88888888888889
Per test accuracy of MLMC = tensor([0.7100, 0.9091, 0.8200, 0.7200, 0.6700, 0.7849, 0.9375, 0.9896, 0.6265,
        0.7900], device='cuda:0')
Average accuracy of MLMC = tensor(0.7958, device='cuda:0')
6
0.04709312692284584
100.0
Per test accuracy of MLMC = tensor([0.6800, 0.9091, 0.8200, 0.7400, 0.7000, 0.8065, 0.9375, 0.9896, 0.6265,
        0.7900], device='cuda:0')
Average accuracy of MLMC = tensor(0.7999, device='cuda:0')
7
0.08265843987464905
100.0
Per test accuracy of MLMC = tensor([0.6800, 0.9091, 0.8200, 0.7400, 0.7100, 0.8065, 0.9375, 0.9896, 0.6265,
        0.8200], device='cuda:0')
Average accuracy of MLMC = tensor(0.8039, device='cuda:0')
8
0.043873921036720276
100.0
Per test accuracy of MLMC = tensor([0.6800, 0.9091, 0.8400, 0.7500, 0.6900, 0.8065, 0.9375, 0.9896, 0.6386,
        0.8300], device='cuda:0')
Average accuracy of MLMC = tensor(0.8071, device='cuda:0')
9
0.020877042785286903
100.0
Per test accuracy of MLMC = tensor([0.6700, 0.9091, 0.8500, 0.7600, 0.6900, 0.8065, 0.9375, 0.9896, 0.6265,
        0.8300], device='cuda:0')
Average accuracy of MLMC = tensor(0.8069, device='cuda:0')
10
0.0811704620718956
100.0
Per test accuracy of MLMC = tensor([0.6400, 0.9091, 0.8500, 0.7600, 0.6900, 0.8065, 0.9375, 0.9896, 0.6265,
        0.8300], device='cuda:0')
Average accuracy of MLMC = tensor(0.8039, device='cuda:0')
11
0.12312039732933044
88.88888888888889
Per test accuracy of MLMC = tensor([0.6300, 0.9091, 0.8400, 0.7500, 0.7000, 0.8065, 0.9375, 0.9896, 0.6265,
        0.8300], device='cuda:0')
Average accuracy of MLMC = tensor(0.8019, device='cuda:0')
12
0.011903736740350723
100.0
Per test accuracy of MLMC = tensor([0.6100, 0.9091, 0.8500, 0.7600, 0.7100, 0.7849, 0.9375, 0.9896, 0.6265,
        0.8300], device='cuda:0')
Average accuracy of MLMC = tensor(0.8008, device='cuda:0')
13
0.00109100341796875
100.0
Per test accuracy of MLMC = tensor([0.6200, 0.9091, 0.8500, 0.7600, 0.7000, 0.7849, 0.9375, 0.9896, 0.6265,
        0.8400], device='cuda:0')
Average accuracy of MLMC = tensor(0.8018, device='cuda:0')
14
0.012510405853390694
100.0
Per test accuracy of MLMC = tensor([0.5900, 0.9091, 0.8400, 0.7500, 0.7100, 0.7849, 0.9375, 0.9896, 0.6024,
        0.8600], device='cuda:0')
Average accuracy of MLMC = tensor(0.7974, device='cuda:0')
15
0.02541973814368248
100.0
Per test accuracy of MLMC = tensor([0.5700, 0.9091, 0.8300, 0.7600, 0.7200, 0.7849, 0.9375, 0.9896, 0.6024,
        0.8700], device='cuda:0')
Average accuracy of MLMC = tensor(0.7974, device='cuda:0')
16
0.10157611966133118
100.0
Per test accuracy of MLMC = tensor([0.5400, 0.9091, 0.8200, 0.7500, 0.7200, 0.7849, 0.9688, 0.9896, 0.6265,
        0.8600], device='cuda:0')
Average accuracy of MLMC = tensor(0.7969, device='cuda:0')
17
0.03310553357005119
100.0
Per test accuracy of MLMC = tensor([0.5500, 0.9091, 0.8200, 0.7700, 0.7300, 0.7849, 0.9375, 0.9896, 0.6145,
        0.8700], device='cuda:0')
Average accuracy of MLMC = tensor(0.7976, device='cuda:0')
18
0.0030935604590922594
100.0
Per test accuracy of MLMC = tensor([0.5500, 0.9091, 0.8300, 0.7600, 0.7500, 0.7742, 0.9375, 0.9896, 0.6145,
        0.8800], device='cuda:0')
Average accuracy of MLMC = tensor(0.7995, device='cuda:0')
19
0.09192699939012527
88.88888888888889
Per test accuracy of MLMC = tensor([0.5500, 0.9091, 0.8400, 0.7700, 0.7400, 0.7742, 0.9375, 0.9896, 0.6145,
        0.8800], device='cuda:0')
Average accuracy of MLMC = tensor(0.8005, device='cuda:0')
20
0.14014877378940582
88.88888888888889
Per test accuracy of MLMC = tensor([0.5200, 0.9091, 0.8400, 0.7600, 0.7500, 0.7742, 0.9375, 0.9896, 0.6265,
        0.8900], device='cuda:0')
Average accuracy of MLMC = tensor(0.7997, device='cuda:0')
21
0.18650874495506287
88.88888888888889
Per test accuracy of MLMC = tensor([0.5200, 0.9091, 0.8500, 0.7700, 0.7500, 0.7742, 0.9375, 0.9896, 0.6265,
        0.8900], device='cuda:0')
Average accuracy of MLMC = tensor(0.8017, device='cuda:0')
22
0.006430202163755894
100.0
Per test accuracy of MLMC = tensor([0.5100, 0.9091, 0.8500, 0.7800, 0.7400, 0.7742, 0.9375, 0.9896, 0.6265,
        0.8800], device='cuda:0')
Average accuracy of MLMC = tensor(0.7997, device='cuda:0')
23
0.011692021042108536
100.0
Per test accuracy of MLMC = tensor([0.5100, 0.9091, 0.8500, 0.7700, 0.7400, 0.7742, 0.9375, 0.9896, 0.6386,
        0.8800], device='cuda:0')
Average accuracy of MLMC = tensor(0.7999, device='cuda:0')
24
0.0551803894340992
100.0
Per test accuracy of MLMC = tensor([0.5200, 0.9091, 0.8500, 0.7700, 0.7500, 0.7742, 0.9375, 0.9896, 0.6506,
        0.8800], device='cuda:0')
Average accuracy of MLMC = tensor(0.8031, device='cuda:0')
25
0.09377047419548035
88.88888888888889
Per test accuracy of MLMC = tensor([0.5100, 0.9091, 0.8500, 0.7700, 0.7500, 0.7742, 0.9375, 0.9896, 0.6386,
        0.8800], device='cuda:0')
Average accuracy of MLMC = tensor(0.8009, device='cuda:0')
26
0.007760921958833933
100.0
Per test accuracy of MLMC = tensor([0.5200, 0.9091, 0.8500, 0.7800, 0.7500, 0.7634, 0.9375, 0.9896, 0.6145,
        0.8700], device='cuda:0')
Average accuracy of MLMC = tensor(0.7984, device='cuda:0')
27
0.0031259325332939625
100.0
Per test accuracy of MLMC = tensor([0.5200, 0.9091, 0.8500, 0.7700, 0.7600, 0.7634, 0.9375, 0.9896, 0.6145,
        0.8800], device='cuda:0')
Average accuracy of MLMC = tensor(0.7994, device='cuda:0')
28
0.0001850128173828125
100.0
Per test accuracy of MLMC = tensor([0.5200, 0.9091, 0.8500, 0.7800, 0.7600, 0.7634, 0.9375, 0.9896, 0.6145,
        0.8800], device='cuda:0')
Average accuracy of MLMC = tensor(0.8004, device='cuda:0')
29
0.00027296278858557343
100.0
Per test accuracy of MLMC = tensor([0.5200, 0.9091, 0.8500, 0.7800, 0.7500, 0.7634, 0.9375, 0.9896, 0.6145,
        0.8800], device='cuda:0')
Average accuracy of MLMC = tensor(0.7994, device='cuda:0')
30
0.0008145438041538
100.0
Per test accuracy of MLMC = tensor([0.5200, 0.9091, 0.8500, 0.7800, 0.7500, 0.7527, 0.9375, 0.9896, 0.6145,
        0.8800], device='cuda:0')
Average accuracy of MLMC = tensor(0.7983, device='cuda:0')
31
0.010592460632324219
100.0
Per test accuracy of MLMC = tensor([0.5300, 0.9091, 0.8500, 0.7900, 0.7600, 0.7634, 0.9375, 0.9896, 0.6024,
        0.8800], device='cuda:0')
Average accuracy of MLMC = tensor(0.8012, device='cuda:0')
32
0.0125668840482831
100.0
Per test accuracy of MLMC = tensor([0.5200, 0.9091, 0.8500, 0.7800, 0.7700, 0.7527, 0.9688, 1.0000, 0.6024,
        0.8800], device='cuda:0')
Average accuracy of MLMC = tensor(0.8033, device='cuda:0')
33
0.0005309316911734641
100.0
Per test accuracy of MLMC = tensor([0.5100, 0.9091, 0.8700, 0.7800, 0.7700, 0.7634, 0.9688, 1.0000, 0.6024,
        0.8800], device='cuda:0')
Average accuracy of MLMC = tensor(0.8054, device='cuda:0')
34
0.004111608024686575
100.0
Per test accuracy of MLMC = tensor([0.4900, 0.9091, 0.8800, 0.8000, 0.7700, 0.7527, 0.9688, 1.0000, 0.6024,
        0.8700], device='cuda:0')
Average accuracy of MLMC = tensor(0.8043, device='cuda:0')
35
0.004606114700436592
100.0
Per test accuracy of MLMC = tensor([0.4900, 0.9091, 0.8900, 0.8000, 0.7700, 0.7634, 0.9688, 1.0000, 0.6024,
        0.8700], device='cuda:0')
Average accuracy of MLMC = tensor(0.8064, device='cuda:0')
36
0.179217129945755
88.88888888888889
Per test accuracy of MLMC = tensor([0.4700, 0.9091, 0.8900, 0.7900, 0.7700, 0.7634, 0.9688, 1.0000, 0.6024,
        0.8700], device='cuda:0')
Average accuracy of MLMC = tensor(0.8034, device='cuda:0')
37
0.19848258793354034
88.88888888888889
Per test accuracy of MLMC = tensor([0.4700, 0.9091, 0.8900, 0.7900, 0.7700, 0.7634, 0.9688, 1.0000, 0.6024,
        0.8800], device='cuda:0')
Average accuracy of MLMC = tensor(0.8044, device='cuda:0')
38
0.39310353994369507
88.88888888888889
Per test accuracy of MLMC = tensor([0.4600, 0.9091, 0.8900, 0.7900, 0.7700, 0.7634, 0.9688, 1.0000, 0.6024,
        0.8800], device='cuda:0')
Average accuracy of MLMC = tensor(0.8034, device='cuda:0')
39
0.01025064755231142
100.0
Per test accuracy of MLMC = tensor([0.4600, 0.9091, 0.8900, 0.7900, 0.7700, 0.7634, 0.9688, 1.0000, 0.6024,
        0.8900], device='cuda:0')
Average accuracy of MLMC = tensor(0.8044, device='cuda:0')
40
0.06958123296499252
100.0
Per test accuracy of MLMC = tensor([0.4600, 0.9091, 0.8900, 0.7900, 0.7700, 0.7634, 0.9688, 1.0000, 0.6024,
        0.8900], device='cuda:0')
Average accuracy of MLMC = tensor(0.8044, device='cuda:0')
41
0.12006773054599762
100.0
Per test accuracy of MLMC = tensor([0.4500, 0.9091, 0.8900, 0.7900, 0.7700, 0.7527, 0.9688, 1.0000, 0.6024,
        0.8900], device='cuda:0')
Average accuracy of MLMC = tensor(0.8023, device='cuda:0')
42
0.00010495715832803398
100.0
Per test accuracy of MLMC = tensor([0.4500, 0.9091, 0.8900, 0.7900, 0.7700, 0.7634, 0.9688, 1.0000, 0.6024,
        0.8900], device='cuda:0')
Average accuracy of MLMC = tensor(0.8034, device='cuda:0')
43
0.015342606231570244
100.0
Per test accuracy of MLMC = tensor([0.4500, 0.9091, 0.8900, 0.8000, 0.7700, 0.7634, 0.9688, 1.0000, 0.6024,
        0.8800], device='cuda:0')
Average accuracy of MLMC = tensor(0.8034, device='cuda:0')
44
0.06926266103982925
100.0
Per test accuracy of MLMC = tensor([0.4500, 0.9091, 0.8900, 0.8000, 0.7700, 0.7634, 0.9688, 1.0000, 0.6024,
        0.8800], device='cuda:0')
Average accuracy of MLMC = tensor(0.8034, device='cuda:0')
45
0.37052929401397705
88.88888888888889
Per test accuracy of MLMC = tensor([0.4500, 0.9091, 0.8900, 0.8000, 0.7700, 0.7634, 0.9688, 1.0000, 0.6024,
        0.8800], device='cuda:0')
Average accuracy of MLMC = tensor(0.8034, device='cuda:0')
46
0.07008513808250427
100.0
Per test accuracy of MLMC = tensor([0.4400, 0.9091, 0.8800, 0.8000, 0.7700, 0.7634, 0.9688, 1.0000, 0.6024,
        0.8900], device='cuda:0')
Average accuracy of MLMC = tensor(0.8024, device='cuda:0')
47
0.02859543450176716
100.0
Per test accuracy of MLMC = tensor([0.4400, 0.9091, 0.8800, 0.8000, 0.7700, 0.7634, 0.9688, 1.0000, 0.6024,
        0.8800], device='cuda:0')
Average accuracy of MLMC = tensor(0.8014, device='cuda:0')
48
0.0190760288387537
100.0
Per test accuracy of MLMC = tensor([0.4400, 0.9091, 0.8800, 0.7900, 0.7700, 0.7634, 0.9688, 1.0000, 0.6024,
        0.8900], device='cuda:0')
Average accuracy of MLMC = tensor(0.8014, device='cuda:0')
49
0.00040372213697992265
100.0
Per test accuracy of MLMC = tensor([0.4400, 0.9091, 0.8800, 0.7900, 0.7700, 0.7634, 0.9688, 1.0000, 0.6024,
        0.8900], device='cuda:0')
Average accuracy of MLMC = tensor(0.8014, device='cuda:0')
